{"/Users/alias/ara-voice-form/app/+not-found.tsx": {"path":"/Users/alias/ara-voice-form/app/+not-found.tsx","statementMap":{"0":{"start":{"line":6,"column":2},"end":{"line":16,"column":4}},"1":{"start":{"line":19,"column":15},"end":{"line":24,"column":2}}},"fnMap":{"0":{"name":"NotFoundScreen","decl":{"start":{"line":5,"column":24},"end":{"line":5,"column":38}},"loc":{"start":{"line":5,"column":41},"end":{"line":17,"column":1}},"line":5}},"branchMap":{},"s":{"0":0,"1":0},"f":{"0":0},"b":{}}
,"/Users/alias/ara-voice-form/app/_layout.tsx": {"path":"/Users/alias/ara-voice-form/app/_layout.tsx","statementMap":{"0":{"start":{"line":13,"column":0},"end":{"line":13,"column":13}},"1":{"start":{"line":15,"column":0},"end":{"line":15,"column":36}},"2":{"start":{"line":17,"column":20},"end":{"line":17,"column":37}},"3":{"start":{"line":20,"column":2},"end":{"line":20,"column":41}},"4":{"start":{"line":22,"column":2},"end":{"line":31,"column":4}},"5":{"start":{"line":35,"column":2},"end":{"line":37,"column":9}},"6":{"start":{"line":36,"column":4},"end":{"line":36,"column":29}},"7":{"start":{"line":39,"column":2},"end":{"line":49,"column":4}},"8":{"start":{"line":52,"column":15},"end":{"line":55,"column":2}}},"fnMap":{"0":{"name":"RootLayoutNav","decl":{"start":{"line":19,"column":9},"end":{"line":19,"column":22}},"loc":{"start":{"line":19,"column":25},"end":{"line":32,"column":1}},"line":19},"1":{"name":"RootLayout","decl":{"start":{"line":34,"column":24},"end":{"line":34,"column":34}},"loc":{"start":{"line":34,"column":37},"end":{"line":50,"column":1}},"line":34},"2":{"name":"(anonymous_2)","decl":{"start":{"line":35,"column":12},"end":{"line":35,"column":13}},"loc":{"start":{"line":35,"column":18},"end":{"line":37,"column":3}},"line":35}},"branchMap":{},"s":{"0":0,"1":0,"2":0,"3":0,"4":0,"5":0,"6":0,"7":0,"8":0},"f":{"0":0,"1":0,"2":0},"b":{}}
,"/Users/alias/ara-voice-form/app/modal.tsx": {"path":"/Users/alias/ara-voice-form/app/modal.tsx","statementMap":{"0":{"start":{"line":6,"column":2},"end":{"line":19,"column":4}},"1":{"start":{"line":7,"column":74},"end":{"line":7,"column":87}},"2":{"start":{"line":8,"column":55},"end":{"line":8,"column":68}},"3":{"start":{"line":12,"column":70},"end":{"line":12,"column":83}},"4":{"start":{"line":22,"column":15},"end":{"line":29,"column":2}}},"fnMap":{"0":{"name":"ModalScreen","decl":{"start":{"line":5,"column":24},"end":{"line":5,"column":35}},"loc":{"start":{"line":5,"column":38},"end":{"line":20,"column":1}},"line":5},"1":{"name":"(anonymous_1)","decl":{"start":{"line":7,"column":68},"end":{"line":7,"column":69}},"loc":{"start":{"line":7,"column":74},"end":{"line":7,"column":87}},"line":7},"2":{"name":"(anonymous_2)","decl":{"start":{"line":8,"column":49},"end":{"line":8,"column":50}},"loc":{"start":{"line":8,"column":55},"end":{"line":8,"column":68}},"line":8},"3":{"name":"(anonymous_3)","decl":{"start":{"line":12,"column":64},"end":{"line":12,"column":65}},"loc":{"start":{"line":12,"column":70},"end":{"line":12,"column":83}},"line":12}},"branchMap":{"0":{"loc":{"start":{"line":17,"column":24},"end":{"line":17,"column":64}},"type":"cond-expr","locations":[{"start":{"line":17,"column":48},"end":{"line":17,"column":55}},{"start":{"line":17,"column":58},"end":{"line":17,"column":64}}],"line":17}},"s":{"0":0,"1":0,"2":0,"3":0,"4":0},"f":{"0":0,"1":0,"2":0,"3":0},"b":{"0":[0,0]}}
,"/Users/alias/ara-voice-form/app/(tabs)/_layout.tsx": {"path":"/Users/alias/ara-voice-form/app/(tabs)/_layout.tsx","statementMap":{"0":{"start":{"line":7,"column":2},"end":{"line":36,"column":4}},"1":{"start":{"line":20,"column":37},"end":{"line":20,"column":58}}},"fnMap":{"0":{"name":"TabLayout","decl":{"start":{"line":6,"column":24},"end":{"line":6,"column":33}},"loc":{"start":{"line":6,"column":36},"end":{"line":37,"column":1}},"line":6},"1":{"name":"(anonymous_1)","decl":{"start":{"line":20,"column":22},"end":{"line":20,"column":23}},"loc":{"start":{"line":20,"column":37},"end":{"line":20,"column":58}},"line":20}},"branchMap":{},"s":{"0":0,"1":0},"f":{"0":0,"1":0},"b":{}}
,"/Users/alias/ara-voice-form/app/(tabs)/contract.tsx": {"path":"/Users/alias/ara-voice-form/app/(tabs)/contract.tsx","statementMap":{"0":{"start":{"line":17,"column":17},"end":{"line":17,"column":36}},"1":{"start":{"line":18,"column":30},"end":{"line":18,"column":61}},"2":{"start":{"line":19,"column":26},"end":{"line":19,"column":75}},"3":{"start":{"line":20,"column":34},"end":{"line":20,"column":58}},"4":{"start":{"line":21,"column":38},"end":{"line":21,"column":62}},"5":{"start":{"line":23,"column":19},"end":{"line":36,"column":20}},"6":{"start":{"line":24,"column":4},"end":{"line":35,"column":5}},"7":{"start":{"line":25,"column":21},"end":{"line":25,"column":48}},"8":{"start":{"line":26,"column":19},"end":{"line":26,"column":51}},"9":{"start":{"line":27,"column":6},"end":{"line":29,"column":7}},"10":{"start":{"line":28,"column":8},"end":{"line":28,"column":54}},"11":{"start":{"line":30,"column":6},"end":{"line":30,"column":20}},"12":{"start":{"line":31,"column":6},"end":{"line":31,"column":24}},"13":{"start":{"line":33,"column":6},"end":{"line":33,"column":39}},"14":{"start":{"line":34,"column":6},"end":{"line":34,"column":14}},"15":{"start":{"line":38,"column":25},"end":{"line":40,"column":8}},"16":{"start":{"line":39,"column":4},"end":{"line":39,"column":25}},"17":{"start":{"line":42,"column":34},"end":{"line":58,"column":12}},"18":{"start":{"line":43,"column":4},"end":{"line":43,"column":64}},"19":{"start":{"line":44,"column":4},"end":{"line":44,"column":29}},"20":{"start":{"line":46,"column":4},"end":{"line":57,"column":5}},"21":{"start":{"line":47,"column":21},"end":{"line":47,"column":55}},"22":{"start":{"line":48,"column":19},"end":{"line":48,"column":51}},"23":{"start":{"line":49,"column":6},"end":{"line":51,"column":7}},"24":{"start":{"line":50,"column":8},"end":{"line":50,"column":54}},"25":{"start":{"line":52,"column":6},"end":{"line":52,"column":20}},"26":{"start":{"line":53,"column":6},"end":{"line":53,"column":24}},"27":{"start":{"line":55,"column":6},"end":{"line":55,"column":41}},"28":{"start":{"line":56,"column":6},"end":{"line":56,"column":77}},"29":{"start":{"line":60,"column":18},"end":{"line":63,"column":8}},"30":{"start":{"line":61,"column":4},"end":{"line":61,"column":35}},"31":{"start":{"line":62,"column":4},"end":{"line":62,"column":23}},"32":{"start":{"line":65,"column":22},"end":{"line":81,"column":3}},"33":{"start":{"line":67,"column":35},"end":{"line":76,"column":7}},"34":{"start":{"line":68,"column":8},"end":{"line":75,"column":15}},"35":{"start":{"line":77,"column":6},"end":{"line":77,"column":64}},"36":{"start":{"line":78,"column":6},"end":{"line":78,"column":34}},"37":{"start":{"line":83,"column":19},"end":{"line":93,"column":8}},"38":{"start":{"line":84,"column":4},"end":{"line":92,"column":5}},"39":{"start":{"line":85,"column":6},"end":{"line":85,"column":26}},"40":{"start":{"line":86,"column":6},"end":{"line":86,"column":51}},"41":{"start":{"line":86,"column":31},"end":{"line":86,"column":49}},"42":{"start":{"line":87,"column":6},"end":{"line":87,"column":66}},"43":{"start":{"line":89,"column":6},"end":{"line":89,"column":55}},"44":{"start":{"line":91,"column":6},"end":{"line":91,"column":27}},"45":{"start":{"line":95,"column":2},"end":{"line":530,"column":4}},"46":{"start":{"line":134,"column":39},"end":{"line":134,"column":74}},"47":{"start":{"line":140,"column":39},"end":{"line":140,"column":75}},"48":{"start":{"line":143,"column":80},"end":{"line":143,"column":109}},"49":{"start":{"line":152,"column":38},"end":{"line":152,"column":84}},"50":{"start":{"line":158,"column":38},"end":{"line":158,"column":84}},"51":{"start":{"line":170,"column":38},"end":{"line":170,"column":73}},"52":{"start":{"line":176,"column":38},"end":{"line":176,"column":76}},"53":{"start":{"line":182,"column":38},"end":{"line":182,"column":77}},"54":{"start":{"line":188,"column":38},"end":{"line":188,"column":77}},"55":{"start":{"line":198,"column":39},"end":{"line":198,"column":77}},"56":{"start":{"line":204,"column":39},"end":{"line":204,"column":78}},"57":{"start":{"line":207,"column":80},"end":{"line":207,"column":109}},"58":{"start":{"line":214,"column":40},"end":{"line":214,"column":72}},"59":{"start":{"line":219,"column":41},"end":{"line":219,"column":73}},"60":{"start":{"line":234,"column":39},"end":{"line":234,"column":72}},"61":{"start":{"line":240,"column":39},"end":{"line":240,"column":72}},"62":{"start":{"line":246,"column":39},"end":{"line":246,"column":80}},"63":{"start":{"line":255,"column":40},"end":{"line":255,"column":85}},"64":{"start":{"line":260,"column":41},"end":{"line":260,"column":86}},"65":{"start":{"line":275,"column":40},"end":{"line":275,"column":80}},"66":{"start":{"line":280,"column":41},"end":{"line":280,"column":81}},"67":{"start":{"line":300,"column":36},"end":{"line":300,"column":76}},"68":{"start":{"line":306,"column":36},"end":{"line":306,"column":81}},"69":{"start":{"line":315,"column":39},"end":{"line":315,"column":79}},"70":{"start":{"line":321,"column":39},"end":{"line":321,"column":81}},"71":{"start":{"line":329,"column":39},"end":{"line":329,"column":79}},"72":{"start":{"line":335,"column":39},"end":{"line":335,"column":81}},"73":{"start":{"line":344,"column":39},"end":{"line":344,"column":74}},"74":{"start":{"line":350,"column":39},"end":{"line":350,"column":72}},"75":{"start":{"line":358,"column":38},"end":{"line":358,"column":93}},"76":{"start":{"line":370,"column":38},"end":{"line":370,"column":91}},"77":{"start":{"line":376,"column":38},"end":{"line":376,"column":91}},"78":{"start":{"line":382,"column":38},"end":{"line":382,"column":91}},"79":{"start":{"line":388,"column":38},"end":{"line":388,"column":91}},"80":{"start":{"line":394,"column":38},"end":{"line":394,"column":91}},"81":{"start":{"line":400,"column":38},"end":{"line":400,"column":91}},"82":{"start":{"line":406,"column":38},"end":{"line":406,"column":91}},"83":{"start":{"line":421,"column":39},"end":{"line":421,"column":79}},"84":{"start":{"line":427,"column":39},"end":{"line":427,"column":79}},"85":{"start":{"line":435,"column":39},"end":{"line":435,"column":80}},"86":{"start":{"line":442,"column":39},"end":{"line":442,"column":80}},"87":{"start":{"line":455,"column":40},"end":{"line":455,"column":122}},"88":{"start":{"line":461,"column":40},"end":{"line":461,"column":123}},"89":{"start":{"line":469,"column":39},"end":{"line":469,"column":79}},"90":{"start":{"line":478,"column":40},"end":{"line":478,"column":131}},"91":{"start":{"line":484,"column":40},"end":{"line":484,"column":132}},"92":{"start":{"line":495,"column":39},"end":{"line":495,"column":75}},"93":{"start":{"line":501,"column":39},"end":{"line":501,"column":74}},"94":{"start":{"line":507,"column":39},"end":{"line":507,"column":74}},"95":{"start":{"line":533,"column":15},"end":{"line":619,"column":2}},"96":{"start":{"line":622,"column":2},"end":{"line":622,"column":1990}}},"fnMap":{"0":{"name":"ContractScreen","decl":{"start":{"line":16,"column":24},"end":{"line":16,"column":38}},"loc":{"start":{"line":16,"column":41},"end":{"line":531,"column":1}},"line":16},"1":{"name":"(anonymous_1)","decl":{"start":{"line":23,"column":31},"end":{"line":23,"column":32}},"loc":{"start":{"line":23,"column":37},"end":{"line":36,"column":3}},"line":23},"2":{"name":"(anonymous_2)","decl":{"start":{"line":38,"column":37},"end":{"line":38,"column":38}},"loc":{"start":{"line":38,"column":60},"end":{"line":40,"column":3}},"line":38},"3":{"name":"(anonymous_3)","decl":{"start":{"line":42,"column":46},"end":{"line":42,"column":47}},"loc":{"start":{"line":42,"column":73},"end":{"line":58,"column":3}},"line":42},"4":{"name":"(anonymous_4)","decl":{"start":{"line":60,"column":30},"end":{"line":60,"column":31}},"loc":{"start":{"line":60,"column":36},"end":{"line":63,"column":3}},"line":60},"5":{"name":"(anonymous_5)","decl":{"start":{"line":66,"column":4},"end":{"line":66,"column":5}},"loc":{"start":{"line":66,"column":10},"end":{"line":79,"column":5}},"line":66},"6":{"name":"(anonymous_6)","decl":{"start":{"line":67,"column":35},"end":{"line":67,"column":36}},"loc":{"start":{"line":68,"column":8},"end":{"line":75,"column":15}},"line":68},"7":{"name":"(anonymous_7)","decl":{"start":{"line":83,"column":31},"end":{"line":83,"column":32}},"loc":{"start":{"line":83,"column":43},"end":{"line":93,"column":3}},"line":83},"8":{"name":"(anonymous_8)","decl":{"start":{"line":86,"column":24},"end":{"line":86,"column":25}},"loc":{"start":{"line":86,"column":31},"end":{"line":86,"column":49}},"line":86},"9":{"name":"(anonymous_9)","decl":{"start":{"line":134,"column":32},"end":{"line":134,"column":33}},"loc":{"start":{"line":134,"column":39},"end":{"line":134,"column":74}},"line":134},"10":{"name":"(anonymous_10)","decl":{"start":{"line":140,"column":32},"end":{"line":140,"column":33}},"loc":{"start":{"line":140,"column":39},"end":{"line":140,"column":75}},"line":140},"11":{"name":"(anonymous_11)","decl":{"start":{"line":143,"column":73},"end":{"line":143,"column":74}},"loc":{"start":{"line":143,"column":80},"end":{"line":143,"column":109}},"line":143},"12":{"name":"(anonymous_12)","decl":{"start":{"line":152,"column":30},"end":{"line":152,"column":31}},"loc":{"start":{"line":152,"column":38},"end":{"line":152,"column":84}},"line":152},"13":{"name":"(anonymous_13)","decl":{"start":{"line":158,"column":30},"end":{"line":158,"column":31}},"loc":{"start":{"line":158,"column":38},"end":{"line":158,"column":84}},"line":158},"14":{"name":"(anonymous_14)","decl":{"start":{"line":170,"column":30},"end":{"line":170,"column":31}},"loc":{"start":{"line":170,"column":38},"end":{"line":170,"column":73}},"line":170},"15":{"name":"(anonymous_15)","decl":{"start":{"line":176,"column":30},"end":{"line":176,"column":31}},"loc":{"start":{"line":176,"column":38},"end":{"line":176,"column":76}},"line":176},"16":{"name":"(anonymous_16)","decl":{"start":{"line":182,"column":30},"end":{"line":182,"column":31}},"loc":{"start":{"line":182,"column":38},"end":{"line":182,"column":77}},"line":182},"17":{"name":"(anonymous_17)","decl":{"start":{"line":188,"column":30},"end":{"line":188,"column":31}},"loc":{"start":{"line":188,"column":38},"end":{"line":188,"column":77}},"line":188},"18":{"name":"(anonymous_18)","decl":{"start":{"line":198,"column":32},"end":{"line":198,"column":33}},"loc":{"start":{"line":198,"column":39},"end":{"line":198,"column":77}},"line":198},"19":{"name":"(anonymous_19)","decl":{"start":{"line":204,"column":32},"end":{"line":204,"column":33}},"loc":{"start":{"line":204,"column":39},"end":{"line":204,"column":78}},"line":204},"20":{"name":"(anonymous_20)","decl":{"start":{"line":207,"column":73},"end":{"line":207,"column":74}},"loc":{"start":{"line":207,"column":80},"end":{"line":207,"column":109}},"line":207},"21":{"name":"(anonymous_21)","decl":{"start":{"line":214,"column":33},"end":{"line":214,"column":34}},"loc":{"start":{"line":214,"column":40},"end":{"line":214,"column":72}},"line":214},"22":{"name":"(anonymous_22)","decl":{"start":{"line":219,"column":34},"end":{"line":219,"column":35}},"loc":{"start":{"line":219,"column":41},"end":{"line":219,"column":73}},"line":219},"23":{"name":"(anonymous_23)","decl":{"start":{"line":234,"column":32},"end":{"line":234,"column":33}},"loc":{"start":{"line":234,"column":39},"end":{"line":234,"column":72}},"line":234},"24":{"name":"(anonymous_24)","decl":{"start":{"line":240,"column":32},"end":{"line":240,"column":33}},"loc":{"start":{"line":240,"column":39},"end":{"line":240,"column":72}},"line":240},"25":{"name":"(anonymous_25)","decl":{"start":{"line":246,"column":32},"end":{"line":246,"column":33}},"loc":{"start":{"line":246,"column":39},"end":{"line":246,"column":80}},"line":246},"26":{"name":"(anonymous_26)","decl":{"start":{"line":255,"column":33},"end":{"line":255,"column":34}},"loc":{"start":{"line":255,"column":40},"end":{"line":255,"column":85}},"line":255},"27":{"name":"(anonymous_27)","decl":{"start":{"line":260,"column":34},"end":{"line":260,"column":35}},"loc":{"start":{"line":260,"column":41},"end":{"line":260,"column":86}},"line":260},"28":{"name":"(anonymous_28)","decl":{"start":{"line":275,"column":33},"end":{"line":275,"column":34}},"loc":{"start":{"line":275,"column":40},"end":{"line":275,"column":80}},"line":275},"29":{"name":"(anonymous_29)","decl":{"start":{"line":280,"column":34},"end":{"line":280,"column":35}},"loc":{"start":{"line":280,"column":41},"end":{"line":280,"column":81}},"line":280},"30":{"name":"(anonymous_30)","decl":{"start":{"line":300,"column":28},"end":{"line":300,"column":29}},"loc":{"start":{"line":300,"column":36},"end":{"line":300,"column":76}},"line":300},"31":{"name":"(anonymous_31)","decl":{"start":{"line":306,"column":28},"end":{"line":306,"column":29}},"loc":{"start":{"line":306,"column":36},"end":{"line":306,"column":81}},"line":306},"32":{"name":"(anonymous_32)","decl":{"start":{"line":315,"column":32},"end":{"line":315,"column":33}},"loc":{"start":{"line":315,"column":39},"end":{"line":315,"column":79}},"line":315},"33":{"name":"(anonymous_33)","decl":{"start":{"line":321,"column":32},"end":{"line":321,"column":33}},"loc":{"start":{"line":321,"column":39},"end":{"line":321,"column":81}},"line":321},"34":{"name":"(anonymous_34)","decl":{"start":{"line":329,"column":32},"end":{"line":329,"column":33}},"loc":{"start":{"line":329,"column":39},"end":{"line":329,"column":79}},"line":329},"35":{"name":"(anonymous_35)","decl":{"start":{"line":335,"column":32},"end":{"line":335,"column":33}},"loc":{"start":{"line":335,"column":39},"end":{"line":335,"column":81}},"line":335},"36":{"name":"(anonymous_36)","decl":{"start":{"line":344,"column":32},"end":{"line":344,"column":33}},"loc":{"start":{"line":344,"column":39},"end":{"line":344,"column":74}},"line":344},"37":{"name":"(anonymous_37)","decl":{"start":{"line":350,"column":32},"end":{"line":350,"column":33}},"loc":{"start":{"line":350,"column":39},"end":{"line":350,"column":72}},"line":350},"38":{"name":"(anonymous_38)","decl":{"start":{"line":358,"column":30},"end":{"line":358,"column":31}},"loc":{"start":{"line":358,"column":38},"end":{"line":358,"column":93}},"line":358},"39":{"name":"(anonymous_39)","decl":{"start":{"line":370,"column":30},"end":{"line":370,"column":31}},"loc":{"start":{"line":370,"column":38},"end":{"line":370,"column":91}},"line":370},"40":{"name":"(anonymous_40)","decl":{"start":{"line":376,"column":30},"end":{"line":376,"column":31}},"loc":{"start":{"line":376,"column":38},"end":{"line":376,"column":91}},"line":376},"41":{"name":"(anonymous_41)","decl":{"start":{"line":382,"column":30},"end":{"line":382,"column":31}},"loc":{"start":{"line":382,"column":38},"end":{"line":382,"column":91}},"line":382},"42":{"name":"(anonymous_42)","decl":{"start":{"line":388,"column":30},"end":{"line":388,"column":31}},"loc":{"start":{"line":388,"column":38},"end":{"line":388,"column":91}},"line":388},"43":{"name":"(anonymous_43)","decl":{"start":{"line":394,"column":30},"end":{"line":394,"column":31}},"loc":{"start":{"line":394,"column":38},"end":{"line":394,"column":91}},"line":394},"44":{"name":"(anonymous_44)","decl":{"start":{"line":400,"column":30},"end":{"line":400,"column":31}},"loc":{"start":{"line":400,"column":38},"end":{"line":400,"column":91}},"line":400},"45":{"name":"(anonymous_45)","decl":{"start":{"line":406,"column":30},"end":{"line":406,"column":31}},"loc":{"start":{"line":406,"column":38},"end":{"line":406,"column":91}},"line":406},"46":{"name":"(anonymous_46)","decl":{"start":{"line":421,"column":32},"end":{"line":421,"column":33}},"loc":{"start":{"line":421,"column":39},"end":{"line":421,"column":79}},"line":421},"47":{"name":"(anonymous_47)","decl":{"start":{"line":427,"column":32},"end":{"line":427,"column":33}},"loc":{"start":{"line":427,"column":39},"end":{"line":427,"column":79}},"line":427},"48":{"name":"(anonymous_48)","decl":{"start":{"line":435,"column":32},"end":{"line":435,"column":33}},"loc":{"start":{"line":435,"column":39},"end":{"line":435,"column":80}},"line":435},"49":{"name":"(anonymous_49)","decl":{"start":{"line":442,"column":32},"end":{"line":442,"column":33}},"loc":{"start":{"line":442,"column":39},"end":{"line":442,"column":80}},"line":442},"50":{"name":"(anonymous_50)","decl":{"start":{"line":455,"column":32},"end":{"line":455,"column":33}},"loc":{"start":{"line":455,"column":40},"end":{"line":455,"column":122}},"line":455},"51":{"name":"(anonymous_51)","decl":{"start":{"line":461,"column":32},"end":{"line":461,"column":33}},"loc":{"start":{"line":461,"column":40},"end":{"line":461,"column":123}},"line":461},"52":{"name":"(anonymous_52)","decl":{"start":{"line":469,"column":32},"end":{"line":469,"column":33}},"loc":{"start":{"line":469,"column":39},"end":{"line":469,"column":79}},"line":469},"53":{"name":"(anonymous_53)","decl":{"start":{"line":478,"column":32},"end":{"line":478,"column":33}},"loc":{"start":{"line":478,"column":40},"end":{"line":478,"column":131}},"line":478},"54":{"name":"(anonymous_54)","decl":{"start":{"line":484,"column":32},"end":{"line":484,"column":33}},"loc":{"start":{"line":484,"column":40},"end":{"line":484,"column":132}},"line":484},"55":{"name":"(anonymous_55)","decl":{"start":{"line":495,"column":32},"end":{"line":495,"column":33}},"loc":{"start":{"line":495,"column":39},"end":{"line":495,"column":75}},"line":495},"56":{"name":"(anonymous_56)","decl":{"start":{"line":501,"column":32},"end":{"line":501,"column":33}},"loc":{"start":{"line":501,"column":39},"end":{"line":501,"column":74}},"line":501},"57":{"name":"(anonymous_57)","decl":{"start":{"line":507,"column":32},"end":{"line":507,"column":33}},"loc":{"start":{"line":507,"column":39},"end":{"line":507,"column":74}},"line":507},"58":{"name":"(anonymous_58)","decl":{"start":{"line":517,"column":62},"end":{"line":517,"column":63}},"loc":{"start":{"line":517,"column":68},"end":{"line":517,"column":70}},"line":517}},"branchMap":{"0":{"loc":{"start":{"line":27,"column":6},"end":{"line":29,"column":7}},"type":"if","locations":[{"start":{"line":27,"column":6},"end":{"line":29,"column":7}},{"start":{},"end":{}}],"line":27},"1":{"loc":{"start":{"line":27,"column":10},"end":{"line":27,"column":53}},"type":"binary-expr","locations":[{"start":{"line":27,"column":10},"end":{"line":27,"column":36}},{"start":{"line":27,"column":40},"end":{"line":27,"column":53}}],"line":27},"2":{"loc":{"start":{"line":49,"column":6},"end":{"line":51,"column":7}},"type":"if","locations":[{"start":{"line":49,"column":6},"end":{"line":51,"column":7}},{"start":{},"end":{}}],"line":49},"3":{"loc":{"start":{"line":49,"column":10},"end":{"line":49,"column":53}},"type":"binary-expr","locations":[{"start":{"line":49,"column":10},"end":{"line":49,"column":36}},{"start":{"line":49,"column":40},"end":{"line":49,"column":53}}],"line":49},"4":{"loc":{"start":{"line":69,"column":11},"end":{"line":74,"column":18}},"type":"cond-expr","locations":[{"start":{"line":70,"column":12},"end":{"line":73,"column":19}},{"start":{"line":74,"column":14},"end":{"line":74,"column":18}}],"line":69},"5":{"loc":{"start":{"line":122,"column":17},"end":{"line":127,"column":24}},"type":"cond-expr","locations":[{"start":{"line":123,"column":18},"end":{"line":126,"column":25}},{"start":{"line":127,"column":20},"end":{"line":127,"column":24}}],"line":122},"6":{"loc":{"start":{"line":152,"column":64},"end":{"line":152,"column":81}},"type":"cond-expr","locations":[{"start":{"line":152,"column":69},"end":{"line":152,"column":74}},{"start":{"line":152,"column":77},"end":{"line":152,"column":81}}],"line":152},"7":{"loc":{"start":{"line":158,"column":64},"end":{"line":158,"column":81}},"type":"cond-expr","locations":[{"start":{"line":158,"column":69},"end":{"line":158,"column":74}},{"start":{"line":158,"column":77},"end":{"line":158,"column":81}}],"line":158},"8":{"loc":{"start":{"line":455,"column":90},"end":{"line":455,"column":119}},"type":"cond-expr","locations":[{"start":{"line":455,"column":95},"end":{"line":455,"column":100}},{"start":{"line":455,"column":103},"end":{"line":455,"column":119}}],"line":455},"9":{"loc":{"start":{"line":461,"column":90},"end":{"line":461,"column":120}},"type":"cond-expr","locations":[{"start":{"line":461,"column":95},"end":{"line":461,"column":100}},{"start":{"line":461,"column":103},"end":{"line":461,"column":120}}],"line":461},"10":{"loc":{"start":{"line":478,"column":96},"end":{"line":478,"column":128}},"type":"cond-expr","locations":[{"start":{"line":478,"column":101},"end":{"line":478,"column":106}},{"start":{"line":478,"column":109},"end":{"line":478,"column":128}}],"line":478},"11":{"loc":{"start":{"line":484,"column":96},"end":{"line":484,"column":129}},"type":"cond-expr","locations":[{"start":{"line":484,"column":101},"end":{"line":484,"column":106}},{"start":{"line":484,"column":109},"end":{"line":484,"column":129}}],"line":484},"12":{"loc":{"start":{"line":521,"column":55},"end":{"line":521,"column":104}},"type":"cond-expr","locations":[{"start":{"line":521,"column":68},"end":{"line":521,"column":83}},{"start":{"line":521,"column":86},"end":{"line":521,"column":104}}],"line":521}},"s":{"0":63,"1":63,"2":63,"3":63,"4":63,"5":63,"6":3,"7":3,"8":2,"9":2,"10":1,"11":2,"12":2,"13":1,"14":1,"15":63,"16":1,"17":63,"18":2,"19":2,"20":2,"21":2,"22":1,"23":1,"24":0,"25":1,"26":1,"27":1,"28":1,"29":63,"30":1,"31":1,"32":63,"33":27,"34":0,"35":27,"36":27,"37":63,"38":2,"39":2,"40":2,"41":2,"42":2,"43":0,"44":2,"45":63,"46":2,"47":2,"48":0,"49":1,"50":0,"51":1,"52":1,"53":0,"54":0,"55":0,"56":0,"57":0,"58":0,"59":0,"60":1,"61":1,"62":1,"63":0,"64":0,"65":0,"66":0,"67":0,"68":0,"69":1,"70":1,"71":1,"72":1,"73":1,"74":1,"75":0,"76":0,"77":0,"78":0,"79":0,"80":0,"81":0,"82":0,"83":1,"84":1,"85":1,"86":1,"87":1,"88":1,"89":1,"90":1,"91":1,"92":1,"93":1,"94":2,"95":1,"96":1},"f":{"0":63,"1":3,"2":1,"3":2,"4":1,"5":27,"6":0,"7":2,"8":2,"9":2,"10":2,"11":0,"12":1,"13":0,"14":1,"15":1,"16":0,"17":0,"18":0,"19":0,"20":0,"21":0,"22":0,"23":1,"24":1,"25":1,"26":0,"27":0,"28":0,"29":0,"30":0,"31":0,"32":1,"33":1,"34":1,"35":1,"36":1,"37":1,"38":0,"39":0,"40":0,"41":0,"42":0,"43":0,"44":0,"45":0,"46":1,"47":1,"48":1,"49":1,"50":1,"51":1,"52":1,"53":1,"54":1,"55":1,"56":1,"57":2,"58":1},"b":{"0":[1,1],"1":[2,1],"2":[0,1],"3":[1,1],"4":[0,0],"5":[3,60],"6":[1,0],"7":[0,0],"8":[1,0],"9":[1,0],"10":[1,0],"11":[1,0],"12":[2,61]},"_coverageSchema":"1a1c01bbd47fc00a2c39e90264f33305004495a9","hash":"c1c133218837c6e74600cd6c2ab568a51c7aaac2"}
,"/Users/alias/ara-voice-form/app/(tabs)/dashboard.tsx": {"path":"/Users/alias/ara-voice-form/app/(tabs)/dashboard.tsx","statementMap":{"0":{"start":{"line":50,"column":42},"end":{"line":60,"column":1}},"1":{"start":{"line":51,"column":2},"end":{"line":59,"column":9}},"2":{"start":{"line":62,"column":48},"end":{"line":69,"column":1}},"3":{"start":{"line":63,"column":2},"end":{"line":68,"column":21}},"4":{"start":{"line":71,"column":50},"end":{"line":84,"column":1}},"5":{"start":{"line":72,"column":2},"end":{"line":83,"column":21}},"6":{"start":{"line":86,"column":59},"end":{"line":104,"column":1}},"7":{"start":{"line":88,"column":2},"end":{"line":103,"column":4}},"8":{"start":{"line":107,"column":17},"end":{"line":107,"column":36}},"9":{"start":{"line":109,"column":28},"end":{"line":111,"column":3}},"10":{"start":{"line":110,"column":4},"end":{"line":110,"column":43}},"11":{"start":{"line":113,"column":30},"end":{"line":115,"column":3}},"12":{"start":{"line":114,"column":4},"end":{"line":114,"column":49}},"13":{"start":{"line":117,"column":2},"end":{"line":265,"column":4}},"14":{"start":{"line":124,"column":14},"end":{"line":126,"column":21}},"15":{"start":{"line":215,"column":29},"end":{"line":215,"column":57}},"16":{"start":{"line":221,"column":29},"end":{"line":221,"column":54}},"17":{"start":{"line":227,"column":29},"end":{"line":227,"column":56}},"18":{"start":{"line":245,"column":29},"end":{"line":245,"column":70}},"19":{"start":{"line":251,"column":29},"end":{"line":251,"column":72}},"20":{"start":{"line":257,"column":29},"end":{"line":257,"column":68}},"21":{"start":{"line":268,"column":15},"end":{"line":527,"column":2}}},"fnMap":{"0":{"name":"(anonymous_0)","decl":{"start":{"line":50,"column":42},"end":{"line":50,"column":43}},"loc":{"start":{"line":51,"column":2},"end":{"line":59,"column":9}},"line":51},"1":{"name":"(anonymous_1)","decl":{"start":{"line":62,"column":48},"end":{"line":62,"column":49}},"loc":{"start":{"line":63,"column":2},"end":{"line":68,"column":21}},"line":63},"2":{"name":"(anonymous_2)","decl":{"start":{"line":71,"column":50},"end":{"line":71,"column":51}},"loc":{"start":{"line":72,"column":2},"end":{"line":83,"column":21}},"line":72},"3":{"name":"(anonymous_3)","decl":{"start":{"line":86,"column":59},"end":{"line":86,"column":60}},"loc":{"start":{"line":86,"column":79},"end":{"line":104,"column":1}},"line":86},"4":{"name":"DashboardScreen","decl":{"start":{"line":106,"column":24},"end":{"line":106,"column":39}},"loc":{"start":{"line":106,"column":42},"end":{"line":266,"column":1}},"line":106},"5":{"name":"(anonymous_5)","decl":{"start":{"line":109,"column":28},"end":{"line":109,"column":29}},"loc":{"start":{"line":109,"column":48},"end":{"line":111,"column":3}},"line":109},"6":{"name":"(anonymous_6)","decl":{"start":{"line":113,"column":30},"end":{"line":113,"column":31}},"loc":{"start":{"line":113,"column":52},"end":{"line":115,"column":3}},"line":113},"7":{"name":"(anonymous_7)","decl":{"start":{"line":123,"column":25},"end":{"line":123,"column":26}},"loc":{"start":{"line":124,"column":14},"end":{"line":126,"column":21}},"line":124},"8":{"name":"(anonymous_8)","decl":{"start":{"line":215,"column":23},"end":{"line":215,"column":24}},"loc":{"start":{"line":215,"column":29},"end":{"line":215,"column":57}},"line":215},"9":{"name":"(anonymous_9)","decl":{"start":{"line":221,"column":23},"end":{"line":221,"column":24}},"loc":{"start":{"line":221,"column":29},"end":{"line":221,"column":54}},"line":221},"10":{"name":"(anonymous_10)","decl":{"start":{"line":227,"column":23},"end":{"line":227,"column":24}},"loc":{"start":{"line":227,"column":29},"end":{"line":227,"column":56}},"line":227},"11":{"name":"(anonymous_11)","decl":{"start":{"line":245,"column":23},"end":{"line":245,"column":24}},"loc":{"start":{"line":245,"column":29},"end":{"line":245,"column":70}},"line":245},"12":{"name":"(anonymous_12)","decl":{"start":{"line":251,"column":23},"end":{"line":251,"column":24}},"loc":{"start":{"line":251,"column":29},"end":{"line":251,"column":72}},"line":251},"13":{"name":"(anonymous_13)","decl":{"start":{"line":257,"column":23},"end":{"line":257,"column":24}},"loc":{"start":{"line":257,"column":29},"end":{"line":257,"column":68}},"line":257}},"branchMap":{},"s":{"0":1,"1":80,"2":1,"3":60,"4":1,"5":60,"6":1,"7":20,"8":20,"9":20,"10":3,"11":20,"12":3,"13":20,"14":20,"15":1,"16":1,"17":1,"18":1,"19":1,"20":1,"21":1},"f":{"0":80,"1":60,"2":60,"3":20,"4":20,"5":3,"6":3,"7":20,"8":1,"9":1,"10":1,"11":1,"12":1,"13":1},"b":{},"_coverageSchema":"1a1c01bbd47fc00a2c39e90264f33305004495a9","hash":"8aecc9d68da1483ec387121fbc9f172b01351b4d"}
,"/Users/alias/ara-voice-form/app/(tabs)/index.tsx": {"path":"/Users/alias/ara-voice-form/app/(tabs)/index.tsx","statementMap":{"0":{"start":{"line":21,"column":17},"end":{"line":21,"column":36}},"1":{"start":{"line":22,"column":42},"end":{"line":22,"column":66}},"2":{"start":{"line":23,"column":48},"end":{"line":23,"column":68}},"3":{"start":{"line":24,"column":34},"end":{"line":31,"column":4}},"4":{"start":{"line":32,"column":42},"end":{"line":32,"column":66}},"5":{"start":{"line":34,"column":30},"end":{"line":95,"column":8}},"6":{"start":{"line":35,"column":4},"end":{"line":35,"column":43}},"7":{"start":{"line":36,"column":4},"end":{"line":36,"column":29}},"8":{"start":{"line":37,"column":4},"end":{"line":37,"column":27}},"9":{"start":{"line":38,"column":4},"end":{"line":38,"column":26}},"10":{"start":{"line":40,"column":4},"end":{"line":94,"column":5}},"11":{"start":{"line":42,"column":22},"end":{"line":42,"column":85}},"12":{"start":{"line":43,"column":23},"end":{"line":43,"column":52}},"13":{"start":{"line":45,"column":21},"end":{"line":45,"column":284}},"14":{"start":{"line":47,"column":23},"end":{"line":61,"column":8}},"15":{"start":{"line":63,"column":6},"end":{"line":65,"column":7}},"16":{"start":{"line":64,"column":8},"end":{"line":64,"column":68}},"17":{"start":{"line":67,"column":19},"end":{"line":67,"column":40}},"18":{"start":{"line":69,"column":6},"end":{"line":88,"column":7}},"19":{"start":{"line":70,"column":27},"end":{"line":70,"column":40}},"20":{"start":{"line":71,"column":26},"end":{"line":71,"column":57}},"21":{"start":{"line":73,"column":8},"end":{"line":85,"column":9}},"22":{"start":{"line":74,"column":29},"end":{"line":74,"column":53}},"23":{"start":{"line":75,"column":10},"end":{"line":82,"column":13}},"24":{"start":{"line":84,"column":10},"end":{"line":84,"column":60}},"25":{"start":{"line":84,"column":31},"end":{"line":84,"column":57}},"26":{"start":{"line":87,"column":8},"end":{"line":87,"column":57}},"27":{"start":{"line":90,"column":6},"end":{"line":90,"column":62}},"28":{"start":{"line":91,"column":6},"end":{"line":91,"column":56}},"29":{"start":{"line":91,"column":27},"end":{"line":91,"column":53}},"30":{"start":{"line":93,"column":6},"end":{"line":93,"column":29}},"31":{"start":{"line":97,"column":26},"end":{"line":107,"column":8}},"32":{"start":{"line":98,"column":4},"end":{"line":105,"column":7}},"33":{"start":{"line":106,"column":4},"end":{"line":106,"column":27}},"34":{"start":{"line":109,"column":22},"end":{"line":118,"column":3}},"35":{"start":{"line":110,"column":10},"end":{"line":116,"column":5}},"36":{"start":{"line":111,"column":6},"end":{"line":115,"column":8}},"37":{"start":{"line":120,"column":2},"end":{"line":303,"column":4}},"38":{"start":{"line":155,"column":44},"end":{"line":155,"column":84}},"39":{"start":{"line":167,"column":44},"end":{"line":167,"column":85}},"40":{"start":{"line":181,"column":44},"end":{"line":181,"column":85}},"41":{"start":{"line":194,"column":44},"end":{"line":194,"column":87}},"42":{"start":{"line":206,"column":44},"end":{"line":206,"column":90}},"43":{"start":{"line":218,"column":44},"end":{"line":218,"column":87}},"44":{"start":{"line":237,"column":35},"end":{"line":237,"column":56}},"45":{"start":{"line":275,"column":32},"end":{"line":275,"column":54}},"46":{"start":{"line":281,"column":29},"end":{"line":281,"column":51}},"47":{"start":{"line":287,"column":18},"end":{"line":289,"column":19}},"48":{"start":{"line":288,"column":20},"end":{"line":288,"column":53}},"49":{"start":{"line":293,"column":31},"end":{"line":293,"column":53}},"50":{"start":{"line":306,"column":15},"end":{"line":456,"column":2}}},"fnMap":{"0":{"name":"VoiceFillScreen","decl":{"start":{"line":20,"column":24},"end":{"line":20,"column":39}},"loc":{"start":{"line":20,"column":42},"end":{"line":304,"column":1}},"line":20},"1":{"name":"(anonymous_1)","decl":{"start":{"line":34,"column":42},"end":{"line":34,"column":43}},"loc":{"start":{"line":34,"column":66},"end":{"line":95,"column":3}},"line":34},"2":{"name":"(anonymous_2)","decl":{"start":{"line":84,"column":22},"end":{"line":84,"column":23}},"loc":{"start":{"line":84,"column":31},"end":{"line":84,"column":57}},"line":84},"3":{"name":"(anonymous_3)","decl":{"start":{"line":91,"column":18},"end":{"line":91,"column":19}},"loc":{"start":{"line":91,"column":27},"end":{"line":91,"column":53}},"line":91},"4":{"name":"(anonymous_4)","decl":{"start":{"line":97,"column":38},"end":{"line":97,"column":39}},"loc":{"start":{"line":97,"column":44},"end":{"line":107,"column":3}},"line":97},"5":{"name":"(anonymous_5)","decl":{"start":{"line":110,"column":4},"end":{"line":110,"column":5}},"loc":{"start":{"line":110,"column":10},"end":{"line":116,"column":5}},"line":110},"6":{"name":"HeaderRight","decl":{"start":{"line":110,"column":19},"end":{"line":110,"column":30}},"loc":{"start":{"line":110,"column":33},"end":{"line":116,"column":5}},"line":110},"7":{"name":"(anonymous_7)","decl":{"start":{"line":155,"column":34},"end":{"line":155,"column":35}},"loc":{"start":{"line":155,"column":44},"end":{"line":155,"column":84}},"line":155},"8":{"name":"(anonymous_8)","decl":{"start":{"line":167,"column":34},"end":{"line":167,"column":35}},"loc":{"start":{"line":167,"column":44},"end":{"line":167,"column":85}},"line":167},"9":{"name":"(anonymous_9)","decl":{"start":{"line":181,"column":34},"end":{"line":181,"column":35}},"loc":{"start":{"line":181,"column":44},"end":{"line":181,"column":85}},"line":181},"10":{"name":"(anonymous_10)","decl":{"start":{"line":194,"column":34},"end":{"line":194,"column":35}},"loc":{"start":{"line":194,"column":44},"end":{"line":194,"column":87}},"line":194},"11":{"name":"(anonymous_11)","decl":{"start":{"line":206,"column":34},"end":{"line":206,"column":35}},"loc":{"start":{"line":206,"column":44},"end":{"line":206,"column":90}},"line":206},"12":{"name":"(anonymous_12)","decl":{"start":{"line":218,"column":34},"end":{"line":218,"column":35}},"loc":{"start":{"line":218,"column":44},"end":{"line":218,"column":87}},"line":218},"13":{"name":"(anonymous_13)","decl":{"start":{"line":237,"column":29},"end":{"line":237,"column":30}},"loc":{"start":{"line":237,"column":35},"end":{"line":237,"column":56}},"line":237},"14":{"name":"(anonymous_14)","decl":{"start":{"line":275,"column":26},"end":{"line":275,"column":27}},"loc":{"start":{"line":275,"column":32},"end":{"line":275,"column":54}},"line":275},"15":{"name":"(anonymous_15)","decl":{"start":{"line":281,"column":23},"end":{"line":281,"column":24}},"loc":{"start":{"line":281,"column":29},"end":{"line":281,"column":51}},"line":281},"16":{"name":"(anonymous_16)","decl":{"start":{"line":286,"column":40},"end":{"line":286,"column":41}},"loc":{"start":{"line":286,"column":55},"end":{"line":290,"column":17}},"line":286},"17":{"name":"(anonymous_17)","decl":{"start":{"line":293,"column":25},"end":{"line":293,"column":26}},"loc":{"start":{"line":293,"column":31},"end":{"line":293,"column":53}},"line":293}},"branchMap":{"0":{"loc":{"start":{"line":42,"column":22},"end":{"line":42,"column":85}},"type":"binary-expr","locations":[{"start":{"line":42,"column":22},"end":{"line":42,"column":58}},{"start":{"line":42,"column":62},"end":{"line":42,"column":85}}],"line":42},"1":{"loc":{"start":{"line":63,"column":6},"end":{"line":65,"column":7}},"type":"if","locations":[{"start":{"line":63,"column":6},"end":{"line":65,"column":7}},{"start":{},"end":{}}],"line":63},"2":{"loc":{"start":{"line":69,"column":6},"end":{"line":88,"column":7}},"type":"if","locations":[{"start":{"line":69,"column":6},"end":{"line":88,"column":7}},{"start":{"line":86,"column":13},"end":{"line":88,"column":7}}],"line":69},"3":{"loc":{"start":{"line":69,"column":10},"end":{"line":69,"column":39}},"type":"binary-expr","locations":[{"start":{"line":69,"column":10},"end":{"line":69,"column":22}},{"start":{"line":69,"column":26},"end":{"line":69,"column":39}}],"line":69},"4":{"loc":{"start":{"line":73,"column":8},"end":{"line":85,"column":9}},"type":"if","locations":[{"start":{"line":73,"column":8},"end":{"line":85,"column":9}},{"start":{"line":83,"column":15},"end":{"line":85,"column":9}}],"line":73},"5":{"loc":{"start":{"line":76,"column":18},"end":{"line":76,"column":39}},"type":"binary-expr","locations":[{"start":{"line":76,"column":18},"end":{"line":76,"column":33}},{"start":{"line":76,"column":37},"end":{"line":76,"column":39}}],"line":76},"6":{"loc":{"start":{"line":77,"column":19},"end":{"line":77,"column":41}},"type":"binary-expr","locations":[{"start":{"line":77,"column":19},"end":{"line":77,"column":35}},{"start":{"line":77,"column":39},"end":{"line":77,"column":41}}],"line":77},"7":{"loc":{"start":{"line":78,"column":19},"end":{"line":78,"column":41}},"type":"binary-expr","locations":[{"start":{"line":78,"column":19},"end":{"line":78,"column":35}},{"start":{"line":78,"column":39},"end":{"line":78,"column":41}}],"line":78},"8":{"loc":{"start":{"line":79,"column":21},"end":{"line":79,"column":45}},"type":"binary-expr","locations":[{"start":{"line":79,"column":21},"end":{"line":79,"column":39}},{"start":{"line":79,"column":43},"end":{"line":79,"column":45}}],"line":79},"9":{"loc":{"start":{"line":80,"column":24},"end":{"line":80,"column":51}},"type":"binary-expr","locations":[{"start":{"line":80,"column":24},"end":{"line":80,"column":45}},{"start":{"line":80,"column":49},"end":{"line":80,"column":51}}],"line":80},"10":{"loc":{"start":{"line":81,"column":21},"end":{"line":81,"column":47}},"type":"binary-expr","locations":[{"start":{"line":81,"column":21},"end":{"line":81,"column":39}},{"start":{"line":81,"column":43},"end":{"line":81,"column":47}}],"line":81},"11":{"loc":{"start":{"line":142,"column":19},"end":{"line":147,"column":19}},"type":"binary-expr","locations":[{"start":{"line":142,"column":19},"end":{"line":142,"column":34}},{"start":{"line":143,"column":20},"end":{"line":146,"column":27}}],"line":142},"12":{"loc":{"start":{"line":244,"column":23},"end":{"line":244,"column":68}},"type":"cond-expr","locations":[{"start":{"line":244,"column":38},"end":{"line":244,"column":53}},{"start":{"line":244,"column":56},"end":{"line":244,"column":68}}],"line":244},"13":{"loc":{"start":{"line":250,"column":15},"end":{"line":258,"column":15}},"type":"binary-expr","locations":[{"start":{"line":250,"column":15},"end":{"line":250,"column":30}},{"start":{"line":251,"column":16},"end":{"line":257,"column":23}}],"line":250},"14":{"loc":{"start":{"line":287,"column":18},"end":{"line":289,"column":19}},"type":"if","locations":[{"start":{"line":287,"column":18},"end":{"line":289,"column":19}},{"start":{},"end":{}}],"line":287},"15":{"loc":{"start":{"line":287,"column":22},"end":{"line":287,"column":57}},"type":"binary-expr","locations":[{"start":{"line":287,"column":22},"end":{"line":287,"column":32}},{"start":{"line":287,"column":36},"end":{"line":287,"column":57}}],"line":287}},"s":{"0":69,"1":69,"2":69,"3":69,"4":69,"5":69,"6":10,"7":10,"8":10,"9":10,"10":10,"11":10,"12":10,"13":10,"14":10,"15":8,"16":1,"17":3,"18":3,"19":3,"20":3,"21":3,"22":2,"23":2,"24":1,"25":1,"26":0,"27":6,"28":6,"29":6,"30":9,"31":69,"32":3,"33":3,"34":69,"35":32,"36":0,"37":69,"38":4,"39":3,"40":1,"41":1,"42":1,"43":1,"44":13,"45":0,"46":0,"47":1,"48":1,"49":0,"50":2},"f":{"0":69,"1":10,"2":1,"3":6,"4":3,"5":32,"6":0,"7":4,"8":3,"9":1,"10":1,"11":1,"12":1,"13":13,"14":0,"15":0,"16":1,"17":0},"b":{"0":[10,0],"1":[1,3],"2":[3,0],"3":[3,3],"4":[2,1],"5":[2,1],"6":[2,0],"7":[2,1],"8":[2,1],"9":[2,1],"10":[2,2],"11":[69,10],"12":[1,68],"13":[69,10],"14":[1,0],"15":[1,1]},"_coverageSchema":"1a1c01bbd47fc00a2c39e90264f33305004495a9","hash":"6659a041ab802a08a5dec75b02d3feacfc00eed6"}
,"/Users/alias/ara-voice-form/backend/hono.ts": {"path":"/Users/alias/ara-voice-form/backend/hono.ts","statementMap":{"0":{"start":{"line":8,"column":12},"end":{"line":8,"column":22}},"1":{"start":{"line":10,"column":0},"end":{"line":10,"column":21}},"2":{"start":{"line":13,"column":0},"end":{"line":13,"column":28}},"3":{"start":{"line":15,"column":0},"end":{"line":22,"column":2}},"4":{"start":{"line":24,"column":0},"end":{"line":26,"column":3}},"5":{"start":{"line":25,"column":2},"end":{"line":25,"column":61}}},"fnMap":{"0":{"name":"(anonymous_0)","decl":{"start":{"line":24,"column":13},"end":{"line":24,"column":14}},"loc":{"start":{"line":24,"column":20},"end":{"line":26,"column":1}},"line":24}},"branchMap":{},"s":{"0":0,"1":0,"2":0,"3":0,"4":0,"5":0},"f":{"0":0},"b":{}}
,"/Users/alias/ara-voice-form/backend/api/gemini-proxy.ts": {"path":"/Users/alias/ara-voice-form/backend/api/gemini-proxy.ts","statementMap":{"0":{"start":{"line":16,"column":12},"end":{"line":16,"column":22}},"1":{"start":{"line":28,"column":0},"end":{"line":118,"column":3}},"2":{"start":{"line":29,"column":2},"end":{"line":117,"column":3}},"3":{"start":{"line":31,"column":65},"end":{"line":31,"column":83}},"4":{"start":{"line":33,"column":4},"end":{"line":38,"column":5}},"5":{"start":{"line":34,"column":6},"end":{"line":37,"column":14}},"6":{"start":{"line":41,"column":19},"end":{"line":41,"column":78}},"7":{"start":{"line":43,"column":4},"end":{"line":49,"column":5}},"8":{"start":{"line":44,"column":6},"end":{"line":44,"column":72}},"9":{"start":{"line":45,"column":6},"end":{"line":48,"column":14}},"10":{"start":{"line":52,"column":16},"end":{"line":52,"column":63}},"11":{"start":{"line":54,"column":24},"end":{"line":65,"column":5}},"12":{"start":{"line":68,"column":21},"end":{"line":77,"column":6}},"13":{"start":{"line":79,"column":4},"end":{"line":88,"column":5}},"14":{"start":{"line":80,"column":24},"end":{"line":80,"column":45}},"15":{"start":{"line":81,"column":6},"end":{"line":81,"column":73}},"16":{"start":{"line":84,"column":6},"end":{"line":87,"column":26}},"17":{"start":{"line":90,"column":17},"end":{"line":90,"column":38}},"18":{"start":{"line":93,"column":4},"end":{"line":99,"column":5}},"19":{"start":{"line":94,"column":6},"end":{"line":94,"column":85}},"20":{"start":{"line":95,"column":6},"end":{"line":98,"column":14}},"21":{"start":{"line":102,"column":23},"end":{"line":102,"column":54}},"22":{"start":{"line":104,"column":4},"end":{"line":108,"column":7}},"23":{"start":{"line":111,"column":4},"end":{"line":111,"column":52}},"24":{"start":{"line":113,"column":4},"end":{"line":116,"column":12}}},"fnMap":{"0":{"name":"(anonymous_0)","decl":{"start":{"line":28,"column":30},"end":{"line":28,"column":31}},"loc":{"start":{"line":28,"column":43},"end":{"line":118,"column":1}},"line":28}},"branchMap":{"0":{"loc":{"start":{"line":33,"column":4},"end":{"line":38,"column":5}},"type":"if","locations":[{"start":{"line":33,"column":4},"end":{"line":38,"column":5}},{"start":{},"end":{}}],"line":33},"1":{"loc":{"start":{"line":33,"column":8},"end":{"line":33,"column":45}},"type":"binary-expr","locations":[{"start":{"line":33,"column":8},"end":{"line":33,"column":15}},{"start":{"line":33,"column":19},"end":{"line":33,"column":45}}],"line":33},"2":{"loc":{"start":{"line":41,"column":19},"end":{"line":41,"column":78}},"type":"binary-expr","locations":[{"start":{"line":41,"column":19},"end":{"line":41,"column":44}},{"start":{"line":41,"column":48},"end":{"line":41,"column":78}}],"line":41},"3":{"loc":{"start":{"line":43,"column":4},"end":{"line":49,"column":5}},"type":"if","locations":[{"start":{"line":43,"column":4},"end":{"line":49,"column":5}},{"start":{},"end":{}}],"line":43},"4":{"loc":{"start":{"line":62,"column":19},"end":{"line":62,"column":55}},"type":"binary-expr","locations":[{"start":{"line":62,"column":19},"end":{"line":62,"column":48}},{"start":{"line":62,"column":52},"end":{"line":62,"column":55}}],"line":62},"5":{"loc":{"start":{"line":63,"column":18},"end":{"line":63,"column":59}},"type":"binary-expr","locations":[{"start":{"line":63,"column":18},"end":{"line":63,"column":51}},{"start":{"line":63,"column":55},"end":{"line":63,"column":59}}],"line":63},"6":{"loc":{"start":{"line":64,"column":13},"end":{"line":64,"column":40}},"type":"binary-expr","locations":[{"start":{"line":64,"column":13},"end":{"line":64,"column":35}},{"start":{"line":64,"column":39},"end":{"line":64,"column":40}}],"line":64},"7":{"loc":{"start":{"line":73,"column":24},"end":{"line":73,"column":99}},"type":"binary-expr","locations":[{"start":{"line":73,"column":24},"end":{"line":73,"column":54}},{"start":{"line":73,"column":58},"end":{"line":73,"column":93}},{"start":{"line":73,"column":97},"end":{"line":73,"column":99}}],"line":73},"8":{"loc":{"start":{"line":74,"column":19},"end":{"line":74,"column":84}},"type":"binary-expr","locations":[{"start":{"line":74,"column":19},"end":{"line":74,"column":44}},{"start":{"line":74,"column":48},"end":{"line":74,"column":78}},{"start":{"line":74,"column":82},"end":{"line":74,"column":84}}],"line":74},"9":{"loc":{"start":{"line":79,"column":4},"end":{"line":88,"column":5}},"type":"if","locations":[{"start":{"line":79,"column":4},"end":{"line":88,"column":5}},{"start":{},"end":{}}],"line":79},"10":{"loc":{"start":{"line":93,"column":4},"end":{"line":99,"column":5}},"type":"if","locations":[{"start":{"line":93,"column":4},"end":{"line":99,"column":5}},{"start":{},"end":{}}],"line":93},"11":{"loc":{"start":{"line":93,"column":8},"end":{"line":93,"column":69}},"type":"binary-expr","locations":[{"start":{"line":93,"column":8},"end":{"line":93,"column":21}},{"start":{"line":93,"column":25},"end":{"line":93,"column":41}},{"start":{"line":93,"column":45},"end":{"line":93,"column":69}}],"line":93}},"s":{"0":0,"1":0,"2":0,"3":0,"4":0,"5":0,"6":0,"7":0,"8":0,"9":0,"10":0,"11":0,"12":0,"13":0,"14":0,"15":0,"16":0,"17":0,"18":0,"19":0,"20":0,"21":0,"22":0,"23":0,"24":0},"f":{"0":0},"b":{"0":[0,0],"1":[0,0],"2":[0,0],"3":[0,0],"4":[0,0],"5":[0,0],"6":[0,0],"7":[0,0,0],"8":[0,0,0],"9":[0,0],"10":[0,0],"11":[0,0,0]}}
,"/Users/alias/ara-voice-form/backend/trpc/app-router.ts": {"path":"/Users/alias/ara-voice-form/backend/trpc/app-router.ts","statementMap":{"0":{"start":{"line":6,"column":25},"end":{"line":12,"column":2}}},"fnMap":{},"branchMap":{},"s":{"0":0},"f":{},"b":{}}
,"/Users/alias/ara-voice-form/backend/trpc/create-context.ts": {"path":"/Users/alias/ara-voice-form/backend/trpc/create-context.ts","statementMap":{"0":{"start":{"line":13,"column":29},"end":{"line":25,"column":1}},"1":{"start":{"line":15,"column":16},"end":{"line":15,"column":77}},"2":{"start":{"line":19,"column":15},"end":{"line":19,"column":44}},"3":{"start":{"line":21,"column":2},"end":{"line":24,"column":4}},"4":{"start":{"line":29,"column":2},"end":{"line":29,"column":26}},"5":{"start":{"line":29,"column":14},"end":{"line":29,"column":26}},"6":{"start":{"line":39,"column":2},"end":{"line":39,"column":14}},"7":{"start":{"line":44,"column":10},"end":{"line":46,"column":2}},"8":{"start":{"line":49,"column":17},"end":{"line":62,"column":2}},"9":{"start":{"line":50,"column":2},"end":{"line":55,"column":3}},"10":{"start":{"line":51,"column":4},"end":{"line":54,"column":7}},"11":{"start":{"line":56,"column":2},"end":{"line":61,"column":5}},"12":{"start":{"line":65,"column":16},"end":{"line":81,"column":2}},"13":{"start":{"line":66,"column":2},"end":{"line":68,"column":3}},"14":{"start":{"line":67,"column":4},"end":{"line":67,"column":50}},"15":{"start":{"line":69,"column":2},"end":{"line":74,"column":3}},"16":{"start":{"line":70,"column":4},"end":{"line":73,"column":7}},"17":{"start":{"line":75,"column":2},"end":{"line":80,"column":5}},"18":{"start":{"line":83,"column":32},"end":{"line":83,"column":40}},"19":{"start":{"line":86,"column":31},"end":{"line":86,"column":42}},"20":{"start":{"line":89,"column":34},"end":{"line":89,"column":59}},"21":{"start":{"line":92,"column":30},"end":{"line":92,"column":54}}},"fnMap":{"0":{"name":"(anonymous_0)","decl":{"start":{"line":13,"column":29},"end":{"line":13,"column":30}},"loc":{"start":{"line":13,"column":74},"end":{"line":25,"column":1}},"line":13},"1":{"name":"getUserFromToken","decl":{"start":{"line":28,"column":15},"end":{"line":28,"column":31}},"loc":{"start":{"line":28,"column":81},"end":{"line":40,"column":1}},"line":28},"2":{"name":"(anonymous_2)","decl":{"start":{"line":49,"column":30},"end":{"line":49,"column":31}},"loc":{"start":{"line":49,"column":49},"end":{"line":62,"column":1}},"line":49},"3":{"name":"(anonymous_3)","decl":{"start":{"line":65,"column":29},"end":{"line":65,"column":30}},"loc":{"start":{"line":65,"column":48},"end":{"line":81,"column":1}},"line":65}},"branchMap":{"0":{"loc":{"start":{"line":29,"column":2},"end":{"line":29,"column":26}},"type":"if","locations":[{"start":{"line":29,"column":2},"end":{"line":29,"column":26}},{"start":{},"end":{}}],"line":29},"1":{"loc":{"start":{"line":50,"column":2},"end":{"line":55,"column":3}},"type":"if","locations":[{"start":{"line":50,"column":2},"end":{"line":55,"column":3}},{"start":{},"end":{}}],"line":50},"2":{"loc":{"start":{"line":66,"column":2},"end":{"line":68,"column":3}},"type":"if","locations":[{"start":{"line":66,"column":2},"end":{"line":68,"column":3}},{"start":{},"end":{}}],"line":66},"3":{"loc":{"start":{"line":69,"column":2},"end":{"line":74,"column":3}},"type":"if","locations":[{"start":{"line":69,"column":2},"end":{"line":74,"column":3}},{"start":{},"end":{}}],"line":69}},"s":{"0":0,"1":0,"2":0,"3":0,"4":0,"5":0,"6":0,"7":0,"8":0,"9":0,"10":0,"11":0,"12":0,"13":0,"14":0,"15":0,"16":0,"17":0,"18":0,"19":0,"20":0,"21":0},"f":{"0":0,"1":0,"2":0,"3":0},"b":{"0":[0,0],"1":[0,0],"2":[0,0],"3":[0,0]}}
,"/Users/alias/ara-voice-form/backend/trpc/routes/contracts/route.ts": {"path":"/Users/alias/ara-voice-form/backend/trpc/routes/contracts/route.ts","statementMap":{"0":{"start":{"line":6,"column":23},"end":{"line":6,"column":25}},"1":{"start":{"line":7,"column":24},"end":{"line":7,"column":25}},"2":{"start":{"line":9,"column":23},"end":{"line":79,"column":2}},"3":{"start":{"line":18,"column":23},"end":{"line":26,"column":7}},"4":{"start":{"line":27,"column":6},"end":{"line":27,"column":31}},"5":{"start":{"line":28,"column":6},"end":{"line":28,"column":22}},"6":{"start":{"line":32,"column":4},"end":{"line":32,"column":21}},"7":{"start":{"line":38,"column":6},"end":{"line":38,"column":74}},"8":{"start":{"line":38,"column":40},"end":{"line":38,"column":64}},"9":{"start":{"line":44,"column":6},"end":{"line":44,"column":76}},"10":{"start":{"line":44,"column":42},"end":{"line":44,"column":74}},"11":{"start":{"line":55,"column":28},"end":{"line":55,"column":85}},"12":{"start":{"line":55,"column":60},"end":{"line":55,"column":84}},"13":{"start":{"line":56,"column":6},"end":{"line":58,"column":7}},"14":{"start":{"line":57,"column":8},"end":{"line":57,"column":46}},"15":{"start":{"line":60,"column":6},"end":{"line":64,"column":8}},"16":{"start":{"line":65,"column":6},"end":{"line":65,"column":38}},"17":{"start":{"line":71,"column":28},"end":{"line":71,"column":85}},"18":{"start":{"line":71,"column":60},"end":{"line":71,"column":84}},"19":{"start":{"line":72,"column":6},"end":{"line":74,"column":7}},"20":{"start":{"line":73,"column":8},"end":{"line":73,"column":46}},"21":{"start":{"line":76,"column":30},"end":{"line":76,"column":67}},"22":{"start":{"line":77,"column":6},"end":{"line":77,"column":29}}},"fnMap":{"0":{"name":"(anonymous_0)","decl":{"start":{"line":17,"column":14},"end":{"line":17,"column":15}},"loc":{"start":{"line":17,"column":29},"end":{"line":29,"column":5}},"line":17},"1":{"name":"(anonymous_1)","decl":{"start":{"line":31,"column":30},"end":{"line":31,"column":31}},"loc":{"start":{"line":31,"column":36},"end":{"line":33,"column":3}},"line":31},"2":{"name":"(anonymous_2)","decl":{"start":{"line":37,"column":11},"end":{"line":37,"column":12}},"loc":{"start":{"line":37,"column":26},"end":{"line":39,"column":5}},"line":37},"3":{"name":"(anonymous_3)","decl":{"start":{"line":38,"column":28},"end":{"line":38,"column":29}},"loc":{"start":{"line":38,"column":40},"end":{"line":38,"column":64}},"line":38},"4":{"name":"(anonymous_4)","decl":{"start":{"line":43,"column":11},"end":{"line":43,"column":12}},"loc":{"start":{"line":43,"column":26},"end":{"line":45,"column":5}},"line":43},"5":{"name":"(anonymous_5)","decl":{"start":{"line":44,"column":30},"end":{"line":44,"column":31}},"loc":{"start":{"line":44,"column":42},"end":{"line":44,"column":74}},"line":44},"6":{"name":"(anonymous_6)","decl":{"start":{"line":54,"column":14},"end":{"line":54,"column":15}},"loc":{"start":{"line":54,"column":29},"end":{"line":66,"column":5}},"line":54},"7":{"name":"(anonymous_7)","decl":{"start":{"line":55,"column":48},"end":{"line":55,"column":49}},"loc":{"start":{"line":55,"column":60},"end":{"line":55,"column":84}},"line":55},"8":{"name":"(anonymous_8)","decl":{"start":{"line":70,"column":14},"end":{"line":70,"column":15}},"loc":{"start":{"line":70,"column":29},"end":{"line":78,"column":5}},"line":70},"9":{"name":"(anonymous_9)","decl":{"start":{"line":71,"column":48},"end":{"line":71,"column":49}},"loc":{"start":{"line":71,"column":60},"end":{"line":71,"column":84}},"line":71}},"branchMap":{"0":{"loc":{"start":{"line":38,"column":13},"end":{"line":38,"column":73}},"type":"binary-expr","locations":[{"start":{"line":38,"column":13},"end":{"line":38,"column":65}},{"start":{"line":38,"column":69},"end":{"line":38,"column":73}}],"line":38},"1":{"loc":{"start":{"line":56,"column":6},"end":{"line":58,"column":7}},"type":"if","locations":[{"start":{"line":56,"column":6},"end":{"line":58,"column":7}},{"start":{},"end":{}}],"line":56},"2":{"loc":{"start":{"line":72,"column":6},"end":{"line":74,"column":7}},"type":"if","locations":[{"start":{"line":72,"column":6},"end":{"line":74,"column":7}},{"start":{},"end":{}}],"line":72}},"s":{"0":0,"1":0,"2":0,"3":0,"4":0,"5":0,"6":0,"7":0,"8":0,"9":0,"10":0,"11":0,"12":0,"13":0,"14":0,"15":0,"16":0,"17":0,"18":0,"19":0,"20":0,"21":0,"22":0},"f":{"0":0,"1":0,"2":0,"3":0,"4":0,"5":0,"6":0,"7":0,"8":0,"9":0},"b":{"0":[0,0],"1":[0,0],"2":[0,0]}}
,"/Users/alias/ara-voice-form/backend/trpc/routes/example/hi/route.ts": {"path":"/Users/alias/ara-voice-form/backend/trpc/routes/example/hi/route.ts","statementMap":{"0":{"start":{"line":7,"column":4},"end":{"line":10,"column":6}}},"fnMap":{"0":{"name":"(anonymous_0)","decl":{"start":{"line":6,"column":12},"end":{"line":6,"column":13}},"loc":{"start":{"line":6,"column":27},"end":{"line":11,"column":3}},"line":6}},"branchMap":{"0":{"loc":{"start":{"line":8,"column":13},"end":{"line":8,"column":35}},"type":"binary-expr","locations":[{"start":{"line":8,"column":13},"end":{"line":8,"column":24}},{"start":{"line":8,"column":28},"end":{"line":8,"column":35}}],"line":8}},"s":{"0":0},"f":{"0":0},"b":{"0":[0,0]}}
,"/Users/alias/ara-voice-form/backend/trpc/routes/users/route.ts": {"path":"/Users/alias/ara-voice-form/backend/trpc/routes/users/route.ts","statementMap":{"0":{"start":{"line":6,"column":19},"end":{"line":6,"column":21}},"1":{"start":{"line":7,"column":20},"end":{"line":7,"column":21}},"2":{"start":{"line":9,"column":19},"end":{"line":66,"column":2}},"3":{"start":{"line":16,"column":19},"end":{"line":21,"column":7}},"4":{"start":{"line":22,"column":6},"end":{"line":22,"column":23}},"5":{"start":{"line":23,"column":6},"end":{"line":23,"column":18}},"6":{"start":{"line":27,"column":4},"end":{"line":27,"column":17}},"7":{"start":{"line":33,"column":6},"end":{"line":33,"column":62}},"8":{"start":{"line":33,"column":32},"end":{"line":33,"column":52}},"9":{"start":{"line":43,"column":24},"end":{"line":43,"column":69}},"10":{"start":{"line":43,"column":48},"end":{"line":43,"column":68}},"11":{"start":{"line":44,"column":6},"end":{"line":46,"column":7}},"12":{"start":{"line":45,"column":8},"end":{"line":45,"column":42}},"13":{"start":{"line":48,"column":6},"end":{"line":51,"column":8}},"14":{"start":{"line":52,"column":6},"end":{"line":52,"column":30}},"15":{"start":{"line":58,"column":24},"end":{"line":58,"column":69}},"16":{"start":{"line":58,"column":48},"end":{"line":58,"column":68}},"17":{"start":{"line":59,"column":6},"end":{"line":61,"column":7}},"18":{"start":{"line":60,"column":8},"end":{"line":60,"column":42}},"19":{"start":{"line":63,"column":26},"end":{"line":63,"column":55}},"20":{"start":{"line":64,"column":6},"end":{"line":64,"column":25}}},"fnMap":{"0":{"name":"(anonymous_0)","decl":{"start":{"line":15,"column":14},"end":{"line":15,"column":15}},"loc":{"start":{"line":15,"column":29},"end":{"line":24,"column":5}},"line":15},"1":{"name":"(anonymous_1)","decl":{"start":{"line":26,"column":30},"end":{"line":26,"column":31}},"loc":{"start":{"line":26,"column":36},"end":{"line":28,"column":3}},"line":26},"2":{"name":"(anonymous_2)","decl":{"start":{"line":32,"column":11},"end":{"line":32,"column":12}},"loc":{"start":{"line":32,"column":26},"end":{"line":34,"column":5}},"line":32},"3":{"name":"(anonymous_3)","decl":{"start":{"line":33,"column":24},"end":{"line":33,"column":25}},"loc":{"start":{"line":33,"column":32},"end":{"line":33,"column":52}},"line":33},"4":{"name":"(anonymous_4)","decl":{"start":{"line":42,"column":14},"end":{"line":42,"column":15}},"loc":{"start":{"line":42,"column":29},"end":{"line":53,"column":5}},"line":42},"5":{"name":"(anonymous_5)","decl":{"start":{"line":43,"column":40},"end":{"line":43,"column":41}},"loc":{"start":{"line":43,"column":48},"end":{"line":43,"column":68}},"line":43},"6":{"name":"(anonymous_6)","decl":{"start":{"line":57,"column":14},"end":{"line":57,"column":15}},"loc":{"start":{"line":57,"column":29},"end":{"line":65,"column":5}},"line":57},"7":{"name":"(anonymous_7)","decl":{"start":{"line":58,"column":40},"end":{"line":58,"column":41}},"loc":{"start":{"line":58,"column":48},"end":{"line":58,"column":68}},"line":58}},"branchMap":{"0":{"loc":{"start":{"line":33,"column":13},"end":{"line":33,"column":61}},"type":"binary-expr","locations":[{"start":{"line":33,"column":13},"end":{"line":33,"column":53}},{"start":{"line":33,"column":57},"end":{"line":33,"column":61}}],"line":33},"1":{"loc":{"start":{"line":44,"column":6},"end":{"line":46,"column":7}},"type":"if","locations":[{"start":{"line":44,"column":6},"end":{"line":46,"column":7}},{"start":{},"end":{}}],"line":44},"2":{"loc":{"start":{"line":59,"column":6},"end":{"line":61,"column":7}},"type":"if","locations":[{"start":{"line":59,"column":6},"end":{"line":61,"column":7}},{"start":{},"end":{}}],"line":59}},"s":{"0":0,"1":0,"2":0,"3":0,"4":0,"5":0,"6":0,"7":0,"8":0,"9":0,"10":0,"11":0,"12":0,"13":0,"14":0,"15":0,"16":0,"17":0,"18":0,"19":0,"20":0},"f":{"0":0,"1":0,"2":0,"3":0,"4":0,"5":0,"6":0,"7":0},"b":{"0":[0,0],"1":[0,0],"2":[0,0]}}
,"/Users/alias/ara-voice-form/components/Card.tsx": {"path":"/Users/alias/ara-voice-form/components/Card.tsx","statementMap":{"0":{"start":{"line":5,"column":2},"end":{"line":9,"column":4}},"1":{"start":{"line":14,"column":15},"end":{"line":22,"column":2}}},"fnMap":{"0":{"name":"CardComponent","decl":{"start":{"line":4,"column":9},"end":{"line":4,"column":22}},"loc":{"start":{"line":4,"column":64},"end":{"line":10,"column":1}},"line":4}},"branchMap":{},"s":{"0":374,"1":5},"f":{"0":374},"b":{},"_coverageSchema":"1a1c01bbd47fc00a2c39e90264f33305004495a9","hash":"2c7e947e0dd7ca8a4ec8062da9860d13396de39d"}
,"/Users/alias/ara-voice-form/components/ErrorBoundary.tsx": {"path":"/Users/alias/ara-voice-form/components/ErrorBoundary.tsx","statementMap":{"0":{"start":{"line":10,"column":4},"end":{"line":10,"column":17}},"1":{"start":{"line":11,"column":4},"end":{"line":11,"column":51}},"2":{"start":{"line":15,"column":4},"end":{"line":15,"column":75}},"3":{"start":{"line":19,"column":4},"end":{"line":19,"column":78}},"4":{"start":{"line":22,"column":4},"end":{"line":26,"column":7}},"5":{"start":{"line":29,"column":4},"end":{"line":33,"column":6}},"6":{"start":{"line":36,"column":12},"end":{"line":38,"column":3}},"7":{"start":{"line":37,"column":4},"end":{"line":37,"column":53}},"8":{"start":{"line":41,"column":4},"end":{"line":51,"column":5}},"9":{"start":{"line":42,"column":6},"end":{"line":50,"column":8}},"10":{"start":{"line":52,"column":4},"end":{"line":52,"column":53}},"11":{"start":{"line":56,"column":15},"end":{"line":62,"column":2}}},"fnMap":{"0":{"name":"(anonymous_0)","decl":{"start":{"line":9,"column":2},"end":{"line":9,"column":3}},"loc":{"start":{"line":9,"column":28},"end":{"line":12,"column":3}},"line":9},"1":{"name":"(anonymous_1)","decl":{"start":{"line":14,"column":2},"end":{"line":14,"column":3}},"loc":{"start":{"line":14,"column":55},"end":{"line":16,"column":3}},"line":14},"2":{"name":"(anonymous_2)","decl":{"start":{"line":18,"column":2},"end":{"line":18,"column":3}},"loc":{"start":{"line":18,"column":57},"end":{"line":34,"column":3}},"line":18},"3":{"name":"(anonymous_3)","decl":{"start":{"line":36,"column":12},"end":{"line":36,"column":13}},"loc":{"start":{"line":36,"column":18},"end":{"line":38,"column":3}},"line":36},"4":{"name":"(anonymous_4)","decl":{"start":{"line":40,"column":2},"end":{"line":40,"column":3}},"loc":{"start":{"line":40,"column":11},"end":{"line":53,"column":3}},"line":40}},"branchMap":{"0":{"loc":{"start":{"line":15,"column":39},"end":{"line":15,"column":72}},"type":"binary-expr","locations":[{"start":{"line":15,"column":39},"end":{"line":15,"column":53}},{"start":{"line":15,"column":57},"end":{"line":15,"column":72}}],"line":15},"1":{"loc":{"start":{"line":41,"column":4},"end":{"line":51,"column":5}},"type":"if","locations":[{"start":{"line":41,"column":4},"end":{"line":51,"column":5}},{"start":{},"end":{}}],"line":41}},"s":{"0":94,"1":94,"2":18,"3":10,"4":10,"5":10,"6":94,"7":1,"8":189,"9":18,"10":171,"11":5},"f":{"0":94,"1":18,"2":10,"3":1,"4":189},"b":{"0":[18,2],"1":[18,171]},"_coverageSchema":"1a1c01bbd47fc00a2c39e90264f33305004495a9","hash":"b76882bd11c7314264017519c91bac00a59e6b59"}
,"/Users/alias/ara-voice-form/components/FloatingAIAssistant.tsx": {"path":"/Users/alias/ara-voice-form/components/FloatingAIAssistant.tsx","statementMap":{"0":{"start":{"line":60,"column":38},"end":{"line":60,"column":62}},"1":{"start":{"line":61,"column":34},"end":{"line":70,"column":4}},"2":{"start":{"line":71,"column":36},"end":{"line":71,"column":56}},"3":{"start":{"line":72,"column":34},"end":{"line":72,"column":58}},"4":{"start":{"line":73,"column":38},"end":{"line":73,"column":82}},"5":{"start":{"line":74,"column":50},"end":{"line":74,"column":74}},"6":{"start":{"line":75,"column":46},"end":{"line":75,"column":74}},"7":{"start":{"line":76,"column":46},"end":{"line":76,"column":70}},"8":{"start":{"line":78,"column":20},"end":{"line":78,"column":57}},"9":{"start":{"line":79,"column":17},"end":{"line":79,"column":36}},"10":{"start":{"line":80,"column":35},"end":{"line":80,"column":56}},"11":{"start":{"line":82,"column":25},"end":{"line":93,"column":29}},"12":{"start":{"line":83,"column":20},"end":{"line":83,"column":38}},"13":{"start":{"line":85,"column":4},"end":{"line":90,"column":15}},"14":{"start":{"line":92,"column":4},"end":{"line":92,"column":31}},"15":{"start":{"line":95,"column":27},"end":{"line":115,"column":20}},"16":{"start":{"line":96,"column":4},"end":{"line":96,"column":30}},"17":{"start":{"line":96,"column":23},"end":{"line":96,"column":30}},"18":{"start":{"line":98,"column":4},"end":{"line":114,"column":5}},"19":{"start":{"line":99,"column":6},"end":{"line":99,"column":30}},"20":{"start":{"line":100,"column":33},"end":{"line":105,"column":7}},"21":{"start":{"line":106,"column":6},"end":{"line":106,"column":48}},"22":{"start":{"line":106,"column":26},"end":{"line":106,"column":46}},"23":{"start":{"line":108,"column":6},"end":{"line":108,"column":67}},"24":{"start":{"line":109,"column":6},"end":{"line":112,"column":9}},"25":{"start":{"line":113,"column":6},"end":{"line":113,"column":100}},"26":{"start":{"line":117,"column":29},"end":{"line":129,"column":32}},"27":{"start":{"line":118,"column":4},"end":{"line":118,"column":30}},"28":{"start":{"line":118,"column":23},"end":{"line":118,"column":30}},"29":{"start":{"line":120,"column":4},"end":{"line":120,"column":44}},"30":{"start":{"line":121,"column":31},"end":{"line":126,"column":5}},"31":{"start":{"line":127,"column":4},"end":{"line":127,"column":46}},"32":{"start":{"line":127,"column":24},"end":{"line":127,"column":44}},"33":{"start":{"line":128,"column":4},"end":{"line":128,"column":31}},"34":{"start":{"line":131,"column":28},"end":{"line":207,"column":8}},"35":{"start":{"line":132,"column":4},"end":{"line":206,"column":5}},"36":{"start":{"line":133,"column":21},"end":{"line":133,"column":63}},"37":{"start":{"line":134,"column":6},"end":{"line":136,"column":7}},"38":{"start":{"line":135,"column":8},"end":{"line":135,"column":110}},"39":{"start":{"line":137,"column":18},"end":{"line":137,"column":65}},"40":{"start":{"line":140,"column":33},"end":{"line":153,"column":8}},"41":{"start":{"line":142,"column":8},"end":{"line":147,"column":9}},"42":{"start":{"line":143,"column":10},"end":{"line":146,"column":12}},"43":{"start":{"line":149,"column":8},"end":{"line":152,"column":10}},"44":{"start":{"line":155,"column":26},"end":{"line":160,"column":7}},"45":{"start":{"line":162,"column":6},"end":{"line":162,"column":94}},"46":{"start":{"line":164,"column":23},"end":{"line":173,"column":8}},"47":{"start":{"line":175,"column":27},"end":{"line":175,"column":48}},"48":{"start":{"line":177,"column":6},"end":{"line":180,"column":7}},"49":{"start":{"line":178,"column":8},"end":{"line":178,"column":78}},"50":{"start":{"line":179,"column":8},"end":{"line":179,"column":66}},"51":{"start":{"line":184,"column":6},"end":{"line":189,"column":7}},"52":{"start":{"line":185,"column":8},"end":{"line":185,"column":40}},"53":{"start":{"line":187,"column":8},"end":{"line":187,"column":65}},"54":{"start":{"line":188,"column":8},"end":{"line":188,"column":58}},"55":{"start":{"line":190,"column":6},"end":{"line":190,"column":77}},"56":{"start":{"line":192,"column":6},"end":{"line":196,"column":7}},"57":{"start":{"line":193,"column":8},"end":{"line":193,"column":47}},"58":{"start":{"line":195,"column":8},"end":{"line":195,"column":71}},"59":{"start":{"line":198,"column":6},"end":{"line":198,"column":60}},"60":{"start":{"line":199,"column":6},"end":{"line":204,"column":9}},"61":{"start":{"line":205,"column":6},"end":{"line":205,"column":18}},"62":{"start":{"line":209,"column":22},"end":{"line":272,"column":88}},"63":{"start":{"line":210,"column":4},"end":{"line":210,"column":65}},"64":{"start":{"line":210,"column":58},"end":{"line":210,"column":65}},"65":{"start":{"line":212,"column":33},"end":{"line":218,"column":5}},"66":{"start":{"line":220,"column":4},"end":{"line":220,"column":48}},"67":{"start":{"line":220,"column":24},"end":{"line":220,"column":46}},"68":{"start":{"line":221,"column":4},"end":{"line":221,"column":21}},"69":{"start":{"line":222,"column":4},"end":{"line":222,"column":26}},"70":{"start":{"line":223,"column":4},"end":{"line":223,"column":22}},"71":{"start":{"line":225,"column":4},"end":{"line":271,"column":5}},"72":{"start":{"line":227,"column":34},"end":{"line":227,"column":60}},"73":{"start":{"line":230,"column":6},"end":{"line":238,"column":7}},"74":{"start":{"line":231,"column":39},"end":{"line":236,"column":9}},"75":{"start":{"line":237,"column":8},"end":{"line":237,"column":51}},"76":{"start":{"line":240,"column":29},"end":{"line":240,"column":73}},"77":{"start":{"line":242,"column":34},"end":{"line":247,"column":7}},"78":{"start":{"line":249,"column":6},"end":{"line":249,"column":49}},"79":{"start":{"line":249,"column":26},"end":{"line":249,"column":47}},"80":{"start":{"line":251,"column":6},"end":{"line":251,"column":57}},"81":{"start":{"line":252,"column":6},"end":{"line":257,"column":9}},"82":{"start":{"line":258,"column":6},"end":{"line":261,"column":9}},"83":{"start":{"line":262,"column":36},"end":{"line":267,"column":7}},"84":{"start":{"line":268,"column":6},"end":{"line":268,"column":51}},"85":{"start":{"line":268,"column":26},"end":{"line":268,"column":49}},"86":{"start":{"line":270,"column":6},"end":{"line":270,"column":25}},"87":{"start":{"line":274,"column":20},"end":{"line":317,"column":8}},"88":{"start":{"line":275,"column":4},"end":{"line":316,"column":5}},"89":{"start":{"line":276,"column":6},"end":{"line":276,"column":30}},"90":{"start":{"line":279,"column":6},"end":{"line":300,"column":7}},"91":{"start":{"line":280,"column":27},"end":{"line":280,"column":76}},"92":{"start":{"line":281,"column":8},"end":{"line":284,"column":9}},"93":{"start":{"line":282,"column":10},"end":{"line":282,"column":92}},"94":{"start":{"line":283,"column":10},"end":{"line":283,"column":17}},"95":{"start":{"line":285,"column":8},"end":{"line":291,"column":11}},"96":{"start":{"line":293,"column":8},"end":{"line":299,"column":11}},"97":{"start":{"line":302,"column":6},"end":{"line":310,"column":7}},"98":{"start":{"line":303,"column":22},"end":{"line":303,"column":38}},"99":{"start":{"line":304,"column":40},"end":{"line":308,"column":9}},"100":{"start":{"line":309,"column":8},"end":{"line":309,"column":56}},"101":{"start":{"line":309,"column":34},"end":{"line":309,"column":54}},"102":{"start":{"line":312,"column":6},"end":{"line":312,"column":51}},"103":{"start":{"line":313,"column":6},"end":{"line":313,"column":72}},"104":{"start":{"line":315,"column":6},"end":{"line":315,"column":31}},"105":{"start":{"line":319,"column":22},"end":{"line":321,"column":8}},"106":{"start":{"line":320,"column":4},"end":{"line":320,"column":66}},"107":{"start":{"line":320,"column":30},"end":{"line":320,"column":64}},"108":{"start":{"line":320,"column":52},"end":{"line":320,"column":63}},"109":{"start":{"line":323,"column":23},"end":{"line":326,"column":4}},"110":{"start":{"line":328,"column":24},"end":{"line":331,"column":4}},"111":{"start":{"line":333,"column":2},"end":{"line":554,"column":4}},"112":{"start":{"line":368,"column":31},"end":{"line":368,"column":69}},"113":{"start":{"line":394,"column":33},"end":{"line":394,"column":59}},"114":{"start":{"line":412,"column":14},"end":{"line":448,"column":21}},"115":{"start":{"line":428,"column":24},"end":{"line":433,"column":26}},"116":{"start":{"line":471,"column":20},"end":{"line":479,"column":27}},"117":{"start":{"line":474,"column":39},"end":{"line":474,"column":57}},"118":{"start":{"line":488,"column":33},"end":{"line":488,"column":48}},"119":{"start":{"line":495,"column":33},"end":{"line":495,"column":49}},"120":{"start":{"line":557,"column":15},"end":{"line":869,"column":2}}},"fnMap":{"0":{"name":"FloatingAIAssistant","decl":{"start":{"line":59,"column":24},"end":{"line":59,"column":43}},"loc":{"start":{"line":59,"column":96},"end":{"line":555,"column":1}},"line":59},"1":{"name":"(anonymous_1)","decl":{"start":{"line":82,"column":37},"end":{"line":82,"column":38}},"loc":{"start":{"line":82,"column":43},"end":{"line":93,"column":3}},"line":82},"2":{"name":"(anonymous_2)","decl":{"start":{"line":95,"column":39},"end":{"line":95,"column":40}},"loc":{"start":{"line":95,"column":45},"end":{"line":115,"column":3}},"line":95},"3":{"name":"(anonymous_3)","decl":{"start":{"line":106,"column":18},"end":{"line":106,"column":19}},"loc":{"start":{"line":106,"column":26},"end":{"line":106,"column":46}},"line":106},"4":{"name":"(anonymous_4)","decl":{"start":{"line":117,"column":41},"end":{"line":117,"column":42}},"loc":{"start":{"line":117,"column":47},"end":{"line":129,"column":3}},"line":117},"5":{"name":"(anonymous_5)","decl":{"start":{"line":127,"column":16},"end":{"line":127,"column":17}},"loc":{"start":{"line":127,"column":24},"end":{"line":127,"column":44}},"line":127},"6":{"name":"(anonymous_6)","decl":{"start":{"line":131,"column":40},"end":{"line":131,"column":41}},"loc":{"start":{"line":131,"column":88},"end":{"line":207,"column":3}},"line":131},"7":{"name":"(anonymous_7)","decl":{"start":{"line":140,"column":46},"end":{"line":140,"column":47}},"loc":{"start":{"line":140,"column":53},"end":{"line":153,"column":7}},"line":140},"8":{"name":"(anonymous_8)","decl":{"start":{"line":209,"column":34},"end":{"line":209,"column":35}},"loc":{"start":{"line":209,"column":46},"end":{"line":272,"column":3}},"line":209},"9":{"name":"(anonymous_9)","decl":{"start":{"line":220,"column":16},"end":{"line":220,"column":17}},"loc":{"start":{"line":220,"column":24},"end":{"line":220,"column":46}},"line":220},"10":{"name":"(anonymous_10)","decl":{"start":{"line":249,"column":18},"end":{"line":249,"column":19}},"loc":{"start":{"line":249,"column":26},"end":{"line":249,"column":47}},"line":249},"11":{"name":"(anonymous_11)","decl":{"start":{"line":268,"column":18},"end":{"line":268,"column":19}},"loc":{"start":{"line":268,"column":26},"end":{"line":268,"column":49}},"line":268},"12":{"name":"(anonymous_12)","decl":{"start":{"line":274,"column":32},"end":{"line":274,"column":33}},"loc":{"start":{"line":274,"column":70},"end":{"line":317,"column":3}},"line":274},"13":{"name":"(anonymous_13)","decl":{"start":{"line":309,"column":26},"end":{"line":309,"column":27}},"loc":{"start":{"line":309,"column":34},"end":{"line":309,"column":54}},"line":309},"14":{"name":"(anonymous_14)","decl":{"start":{"line":319,"column":34},"end":{"line":319,"column":35}},"loc":{"start":{"line":319,"column":53},"end":{"line":321,"column":3}},"line":319},"15":{"name":"(anonymous_15)","decl":{"start":{"line":320,"column":22},"end":{"line":320,"column":23}},"loc":{"start":{"line":320,"column":30},"end":{"line":320,"column":64}},"line":320},"16":{"name":"(anonymous_16)","decl":{"start":{"line":320,"column":42},"end":{"line":320,"column":43}},"loc":{"start":{"line":320,"column":52},"end":{"line":320,"column":63}},"line":320},"17":{"name":"(anonymous_17)","decl":{"start":{"line":368,"column":25},"end":{"line":368,"column":26}},"loc":{"start":{"line":368,"column":31},"end":{"line":368,"column":69}},"line":368},"18":{"name":"(anonymous_18)","decl":{"start":{"line":394,"column":27},"end":{"line":394,"column":28}},"loc":{"start":{"line":394,"column":33},"end":{"line":394,"column":59}},"line":394},"19":{"name":"(anonymous_19)","decl":{"start":{"line":411,"column":26},"end":{"line":411,"column":27}},"loc":{"start":{"line":412,"column":14},"end":{"line":448,"column":21}},"line":412},"20":{"name":"(anonymous_20)","decl":{"start":{"line":427,"column":42},"end":{"line":427,"column":43}},"loc":{"start":{"line":428,"column":24},"end":{"line":433,"column":26}},"line":428},"21":{"name":"(anonymous_21)","decl":{"start":{"line":470,"column":38},"end":{"line":470,"column":39}},"loc":{"start":{"line":471,"column":20},"end":{"line":479,"column":27}},"line":471},"22":{"name":"(anonymous_22)","decl":{"start":{"line":474,"column":33},"end":{"line":474,"column":34}},"loc":{"start":{"line":474,"column":39},"end":{"line":474,"column":57}},"line":474},"23":{"name":"(anonymous_23)","decl":{"start":{"line":488,"column":27},"end":{"line":488,"column":28}},"loc":{"start":{"line":488,"column":33},"end":{"line":488,"column":48}},"line":488},"24":{"name":"(anonymous_24)","decl":{"start":{"line":495,"column":27},"end":{"line":495,"column":28}},"loc":{"start":{"line":495,"column":33},"end":{"line":495,"column":49}},"line":495}},"branchMap":{"0":{"loc":{"start":{"line":65,"column":15},"end":{"line":67,"column":119}},"type":"cond-expr","locations":[{"start":{"line":66,"column":10},"end":{"line":66,"column":206}},{"start":{"line":67,"column":10},"end":{"line":67,"column":119}}],"line":65},"1":{"loc":{"start":{"line":73,"column":55},"end":{"line":73,"column":81}},"type":"binary-expr","locations":[{"start":{"line":73,"column":55},"end":{"line":73,"column":75}},{"start":{"line":73,"column":79},"end":{"line":73,"column":81}}],"line":73},"2":{"loc":{"start":{"line":83,"column":20},"end":{"line":83,"column":38}},"type":"cond-expr","locations":[{"start":{"line":83,"column":33},"end":{"line":83,"column":34}},{"start":{"line":83,"column":37},"end":{"line":83,"column":38}}],"line":83},"3":{"loc":{"start":{"line":96,"column":4},"end":{"line":96,"column":30}},"type":"if","locations":[{"start":{"line":96,"column":4},"end":{"line":96,"column":30}},{"start":{},"end":{}}],"line":96},"4":{"loc":{"start":{"line":109,"column":23},"end":{"line":109,"column":85}},"type":"cond-expr","locations":[{"start":{"line":109,"column":48},"end":{"line":109,"column":53}},{"start":{"line":109,"column":56},"end":{"line":109,"column":85}}],"line":109},"5":{"loc":{"start":{"line":118,"column":4},"end":{"line":118,"column":30}},"type":"if","locations":[{"start":{"line":118,"column":4},"end":{"line":118,"column":30}},{"start":{},"end":{}}],"line":118},"6":{"loc":{"start":{"line":134,"column":6},"end":{"line":136,"column":7}},"type":"if","locations":[{"start":{"line":134,"column":6},"end":{"line":136,"column":7}},{"start":{},"end":{}}],"line":134},"7":{"loc":{"start":{"line":142,"column":8},"end":{"line":147,"column":9}},"type":"if","locations":[{"start":{"line":142,"column":8},"end":{"line":147,"column":9}},{"start":{},"end":{}}],"line":142},"8":{"loc":{"start":{"line":142,"column":12},"end":{"line":142,"column":47}},"type":"binary-expr","locations":[{"start":{"line":142,"column":12},"end":{"line":
[...]
,"end":{"line":66,"column":59}},"type":"if","locations":[{"start":{"line":66,"column":6},"end":{"line":66,"column":59}},{"start":{},"end":{}}],"line":66},"5":{"loc":{"start":{"line":69,"column":4},"end":{"line":70,"column":75}},"type":"if","locations":[{"start":{"line":69,"column":4},"end":{"line":70,"column":75}},{"start":{"line":70,"column":9},"end":{"line":70,"column":75}}],"line":69},"6":{"loc":{"start":{"line":70,"column":9},"end":{"line":70,"column":75}},"type":"if","locations":[{"start":{"line":70,"column":9},"end":{"line":70,"column":75}},{"start":{},"end":{}}],"line":70},"7":{"loc":{"start":{"line":73,"column":4},"end":{"line":77,"column":5}},"type":"if","locations":[{"start":{"line":73,"column":4},"end":{"line":77,"column":5}},{"start":{"line":75,"column":11},"end":{"line":77,"column":5}}],"line":73},"8":{"loc":{"start":{"line":75,"column":11},"end":{"line":77,"column":5}},"type":"if","locations":[{"start":{"line":75,"column":11},"end":{"line":77,"column":5}},{"start":{},"end":{}}],"line":75},"9":{"loc":{"start":{"line":79,"column":4},"end":{"line":83,"column":5}},"type":"if","locations":[{"start":{"line":79,"column":4},"end":{"line":83,"column":5}},{"start":{"line":81,"column":11},"end":{"line":83,"column":5}}],"line":79},"10":{"loc":{"start":{"line":81,"column":11},"end":{"line":83,"column":5}},"type":"if","locations":[{"start":{"line":81,"column":11},"end":{"line":83,"column":5}},{"start":{},"end":{}}],"line":81},"11":{"loc":{"start":{"line":85,"column":4},"end":{"line":89,"column":5}},"type":"if","locations":[{"start":{"line":85,"column":4},"end":{"line":89,"column":5}},{"start":{"line":87,"column":11},"end":{"line":89,"column":5}}],"line":85},"12":{"loc":{"start":{"line":87,"column":11},"end":{"line":89,"column":5}},"type":"if","locations":[{"start":{"line":87,"column":11},"end":{"line":89,"column":5}},{"start":{},"end":{}}],"line":87},"13":{"loc":{"start":{"line":91,"column":4},"end":{"line":95,"column":5}},"type":"if","locations":[{"start":{"line":91,"column":4},"end":{"line":95,"column":5}},{"start":{"line":93,"column":11},"end":{"line":95,"column":5}}],"line":91},"14":{"loc":{"start":{"line":91,"column":8},"end":{"line":91,"column":101}},"type":"binary-expr","locations":[{"start":{"line":91,"column":8},"end":{"line":91,"column":51}},{"start":{"line":91,"column":55},"end":{"line":91,"column":101}}],"line":91},"15":{"loc":{"start":{"line":93,"column":11},"end":{"line":95,"column":5}},"type":"if","locations":[{"start":{"line":93,"column":11},"end":{"line":95,"column":5}},{"start":{},"end":{}}],"line":93},"16":{"loc":{"start":{"line":97,"column":17},"end":{"line":97,"column":111}},"type":"binary-expr","locations":[{"start":{"line":97,"column":17},"end":{"line":97,"column":52}},{"start":{"line":97,"column":56},"end":{"line":97,"column":111}}],"line":97},"17":{"loc":{"start":{"line":98,"column":4},"end":{"line":98,"column":49}},"type":"if","locations":[{"start":{"line":98,"column":4},"end":{"line":98,"column":49}},{"start":{},"end":{}}],"line":98},"18":{"loc":{"start":{"line":101,"column":4},"end":{"line":101,"column":48}},"type":"if","locations":[{"start":{"line":101,"column":4},"end":{"line":101,"column":48}},{"start":{},"end":{}}],"line":101},"19":{"loc":{"start":{"line":104,"column":4},"end":{"line":104,"column":42}},"type":"if","locations":[{"start":{"line":104,"column":4},"end":{"line":104,"column":42}},{"start":{},"end":{}}],"line":104},"20":{"loc":{"start":{"line":107,"column":4},"end":{"line":107,"column":54}},"type":"if","locations":[{"start":{"line":107,"column":4},"end":{"line":107,"column":54}},{"start":{},"end":{}}],"line":107},"21":{"loc":{"start":{"line":110,"column":4},"end":{"line":110,"column":58}},"type":"if","locations":[{"start":{"line":110,"column":4},"end":{"line":110,"column":58}},{"start":{},"end":{}}],"line":110},"22":{"loc":{"start":{"line":113,"column":4},"end":{"line":113,"column":67}},"type":"if","locations":[{"start":{"line":113,"column":4},"end":{"line":113,"column":67}},{"start":{},"end":{}}],"line":113},"23":{"loc":{"start":{"line":113,"column":8},"end":{"line":113,"column":23}},"type":"binary-expr","locations":[{"start":{"line":113,"column":8},"end":{"line":113,"column":12}},{"start":{"line":113,"column":16},"end":{"line":113,"column":23}}],"line":113},"24":{"loc":{"start":{"line":116,"column":4},"end":{"line":116,"column":59}},"type":"if","locations":[{"start":{"line":116,"column":4},"end":{"line":116,"column":59}},{"start":{},"end":{}}],"line":116},"25":{"loc":{"start":{"line":118,"column":4},"end":{"line":118,"column":97}},"type":"if","locations":[{"start":{"line":118,"column":4},"end":{"line":118,"column":97}},{"start":{},"end":{}}],"line":118},"26":{"loc":{"start":{"line":118,"column":8},"end":{"line":118,"column":68}},"type":"binary-expr","locations":[{"start":{"line":118,"column":8},"end":{"line":118,"column":40}},{"start":{"line":118,"column":44},"end":{"line":118,"column":68}}],"line":118},"27":{"loc":{"start":{"line":120,"column":21},"end":{"line":120,"column":129}},"type":"binary-expr","locations":[{"start":{"line":120,"column":21},"end":{"line":120,"column":74}},{"start":{"line":120,"column":78},"end":{"line":120,"column":129}}],"line":120},"28":{"loc":{"start":{"line":121,"column":4},"end":{"line":121,"column":59}},"type":"if","locations":[{"start":{"line":121,"column":4},"end":{"line":121,"column":59}},{"start":{},"end":{}}],"line":121},"29":{"loc":{"start":{"line":125,"column":4},"end":{"line":125,"column":65}},"type":"if","locations":[{"start":{"line":125,"column":4},"end":{"line":125,"column":65}},{"start":{},"end":{}}],"line":125},"30":{"loc":{"start":{"line":128,"column":4},"end":{"line":136,"column":5}},"type":"if","locations":[{"start":{"line":128,"column":4},"end":{"line":136,"column":5}},{"start":{},"end":{}}],"line":128},"31":{"loc":{"start":{"line":131,"column":20},"end":{"line":131,"column":35}},"type":"binary-expr","locations":[{"start":{"line":131,"column":20},"end":{"line":131,"column":29}},{"start":{"line":131,"column":33},"end":{"line":131,"column":35}}],"line":131},"32":{"loc":{"start":{"line":132,"column":6},"end":{"line":135,"column":7}},"type":"if","locations":[{"start":{"line":132,"column":6},"end":{"line":135,"column":7}},{"start":{},"end":{}}],"line":132},"33":{"loc":{"start":{"line":138,"column":4},"end":{"line":138,"column":97}},"type":"if","locations":[{"start":{"line":138,"column":4},"end":{"line":138,"column":97}},{"start":{},"end":{}}],"line":138},"34":{"loc":{"start":{"line":141,"column":4},"end":{"line":141,"column":68}},"type":"if","locations":[{"start":{"line":141,"column":4},"end":{"line":141,"column":68}},{"start":{},"end":{}}],"line":141},"35":{"loc":{"start":{"line":144,"column":4},"end":{"line":144,"column":42}},"type":"if","locations":[{"start":{"line":144,"column":4},"end":{"line":144,"column":42}},{"start":{},"end":{}}],"line":144},"36":{"loc":{"start":{"line":145,"column":4},"end":{"line":145,"column":99}},"type":"if","locations":[{"start":{"line":145,"column":4},"end":{"line":145,"column":99}},{"start":{},"end":{}}],"line":145},"37":{"loc":{"start":{"line":146,"column":4},"end":{"line":146,"column":77}},"type":"if","locations":[{"start":{"line":146,"column":4},"end":{"line":146,"column":77}},{"start":{},"end":{}}],"line":146},"38":{"loc":{"start":{"line":147,"column":4},"end":{"line":152,"column":5}},"type":"if","locations":[{"start":{"line":147,"column":4},"end":{"line":152,"column":5}},{"start":{},"end":{}}],"line":147},"39":{"loc":{"start":{"line":147,"column":8},"end":{"line":147,"column":64}},"type":"binary-expr","locations":[{"start":{"line":147,"column":8},"end":{"line":147,"column":28}},{"start":{"line":147,"column":32},"end":{"line":147,"column":47}},{"start":{"line":147,"column":51},"end":{"line":147,"column":64}}],"line":147},"40":{"loc":{"start":{"line":148,"column":17},"end":{"line":148,"column":51}},"type":"binary-expr","locations":[{"start":{"line":148,"column":17},"end":{"line":148,"column":37}},{"start":{"line":148,"column":41},"end":{"line":148,"column":51}}],"line":148},"41":{"loc":{"start":{"line":149,"column":17},"end":{"line":149,"column":38}},"type":"binary-expr","locations":[{"start":{"line":149,"column":17},"end":{"line":149,"column":32}},{"start":{"line":149,"column":36},"end":{"line":149,"column":38}}],"line":149},"42":{"loc":{"start":{"line":150,"column":17},"end":{"line":150,"column":36}},"type":"binary-expr","locations":[{"start":{"line":150,"column":17},"end":{"line":150,"column":30}},{"start":{"line":150,"column":34},"end":{"line":150,"column":36}}],"line":150},"43":{"loc":{"start":{"line":153,"column":4},"end":{"line":153,"column":105}},"type":"if","locations":[{"start":{"line":153,"column":4},"end":{"line":153,"column":105}},{"start":{},"end":{}}],"line":153},"44":{"loc":{"start":{"line":154,"column":4},"end":{"line":154,"column":88}},"type":"if","locations":[{"start":{"line":154,"column":4},"end":{"line":154,"column":88}},{"start":{},"end":{}}],"line":154},"45":{"loc":{"start":{"line":166,"column":2},"end":{"line":166,"column":80}},"type":"if","locations":[{"start":{"line":166,"column":2},"end":{"line":166,"column":80}},{"start":{},"end":{}}],"line":166},"46":{"loc":{"start":{"line":166,"column":61},"end":{"line":166,"column":79}},"type":"binary-expr","locations":[{"start":{"line":166,"column":61},"end":{"line":166,"column":73}},{"start":{"line":166,"column":77},"end":{"line":166,"column":79}}],"line":166},"47":{"loc":{"start":{"line":167,"column":2},"end":{"line":167,"column":83}},"type":"if","locations":[{"start":{"line":167,"column":2},"end":{"line":167,"column":83}},{"start":{},"end":{}}],"line":167},"48":{"loc":{"start":{"line":167,"column":63},"end":{"line":167,"column":82}},"type":"binary-expr","locations":[{"start":{"line":167,"column":63},"end":{"line":167,"column":76}},{"start":{"line":167,"column":80},"end":{"line":167,"column":82}}],"line":167},"49":{"loc":{"start":{"line":168,"column":2},"end":{"line":168,"column":62}},"type":"if","locations":[{"start":{"line":168,"column":2},"end":{"line":168,"column":62}},{"start":{},"end":{}}],"line":168},"50":{"loc":{"start":{"line":168,"column":49},"end":{"line":168,"column":61}},"type":"binary-expr","locations":[{"start":{"line":168,"column":49},"end":{"line":168,"column":55}},{"start":{"line":168,"column":59},"end":{"line":168,"column":61}}],"line":168},"51":{"loc":{"start":{"line":169,"column":2},"end":{"line":169,"column":67}},"type":"if","locations":[{"start":{"line":169,"column":2},"end":{"line":169,"column":67}},{"start":{},"end":{}}],"line":169},"52":{"loc":{"start":{"line":169,"column":51},"end":{"line":169,"column":66}},"type":"binary-expr","locations":[{"start":{"line":169,"column":51},"end":{"line":169,"column":58}},{"start":{"line":169,"column":62},"end":{"line":169,"column":66}}],"line":169},"53":{"loc":{"start":{"line":171,"column":2},"end":{"line":171,"column":73}},"type":"if","locations":[{"start":{"line":171,"column":2},"end":{"line":171,"column":73}},{"start":{},"end":{}}],"line":171},"54":{"loc":{"start":{"line":172,"column":2},"end":{"line":172,"column":82}},"type":"if","locations":[{"start":{"line":172,"column":2},"end":{"line":172,"column":82}},{"start":{},"end":{}}],"line":172},"55":{"loc":{"start":{"line":173,"column":2},"end":{"line":173,"column":85}},"type":"if","locations":[{"start":{"line":173,"column":2},"end":{"line":173,"column":85}},{"start":{},"end":{}}],"line":173},"56":{"loc":{"start":{"line":174,"column":2},"end":{"line":174,"column":85}},"type":"if","locations":[{"start":{"line":174,"column":2},"end":{"line":174,"column":85}},{"start":{},"end":{}}],"line":174},"57":{"loc":{"start":{"line":176,"column":2},"end":{"line":176,"column":89}},"type":"if","locations":[{"start":{"line":176,"column":2},"end":{"line":176,"column":89}},{"start":{},"end":{}}],"line":176},"58":{"loc":{"start":{"line":176,"column":67},"end":{"line":176,"column":88}},"type":"binary-expr","locations":[{"start":{"line":176,"column":67},"end":{"line":176,"column":82}},{"start":{"line":176,"column":86},"end":{"line":176,"column":88}}],"line":176},"59":{"loc":{"start":{"line":177,"column":2},"end":{"line":177,"column":92}},"type":"if","locations":[{"start":{"line":177,"column":2},"end":{"line":177,"column":92}},{"start":{},"end":{}}],"line":177},"60":{"loc":{"start":{"line":177,"column":69},"end":{"line":177,"column":91}},"type":"binary-expr","locations":[{"start":{"line":177,"column":69},"end":{"line":177,"column":85}},{"start":{"line":177,"column":89},"end":{"line":177,"column":91}}],"line":177},"61":{"loc":{"start":{"line":178,"column":2},"end":{"line":178,"column":62}},"type":"if","locations":[{"start":{"line":178,"column":2},"end":{"line":178,"column":62}},{"start":{},"end":{}}],"line":178},"62":{"loc":{"start":{"line":178,"column":49},"end":{"line":178,"column":61}},"type":"binary-expr","locations":[{"start":{"line":178,"column":49},"end":{"line":178,"column":55}},{"start":{"line":178,"column":59},"end":{"line":178,"column":61}}],"line":178},"63":{"loc":{"start":{"line":179,"column":2},"end":{"line":179,"column":74}},"type":"if","locations":[{"start":{"line":179,"column":2},"end":{"line":179,"column":74}},{"start":{},"end":{}}],"line":179},"64":{"loc":{"start":{"line":179,"column":57},"end":{"line":179,"column":73}},"type":"binary-expr","locations":[{"start":{"line":179,"column":57},"end":{"line":179,"column":67}},{"start":{"line":179,"column":71},"end":{"line":179,"column":73}}],"line":179},"65":{"loc":{"start":{"line":180,"column":2},"end":{"line":180,"column":98}},"type":"if","locations":[{"start":{"line":180,"column":2},"end":{"line":180,"column":98}},{"start":{},"end":{}}],"line":180},"66":{"loc":{"start":{"line":180,"column":73},"end":{"line":180,"column":97}},"type":"binary-expr","locations":[{"start":{"line":180,"column":73},"end":{"line":180,"column":91}},{"start":{"line":180,"column":95},"end":{"line":180,"column":97}}],"line":180},"67":{"loc":{"start":{"line":181,"column":2},"end":{"line":181,"column":110}},"type":"if","locations":[{"start":{"line":181,"column":2},"end":{"line":181,"column":110}},{"start":{},"end":{}}],"line":181},"68":{"loc":{"start":{"line":181,"column":81},"end":{"line":181,"column":109}},"type":"binary-expr","locations":[{"start":{"line":181,"column":81},"end":{"line":181,"column":103}},{"start":{"line":181,"column":107},"end":{"line":181,"column":109}}],"line":181},"69":{"loc":{"start":{"line":182,"column":2},"end":{"line":182,"column":95}},"type":"if","locations":[{"start":{"line":182,"column":2},"end":{"line":182,"column":95}},{"start":{},"end":{}}],"line":182},"70":{"loc":{"start":{"line":182,"column":71},"end":{"line":182,"column":94}},"type":"binary-expr","locations":[{"start":{"line":182,"column":71},"end":{"line":182,"column":88}},{"start":{"line":182,"column":92},"end":{"line":182,"column":94}}],"line":182},"71":{"loc":{"start":{"line":184,"column":2},"end":{"line":184,"column":88}},"type":"if","locations":[{"start":{"line":184,"column":2},"end":{"line":184,"column":88}},{"start":{},"end":{}}],"line":184},"72":{"loc":{"start":{"line":185,"column":2},"end":{"line":185,"column":95}},"type":"if","locations":[{"start":{"line":185,"column":2},"end":{"line":185,"column":95}},{"start":{},"end":{}}],"line":185},"73":{"loc":{"start":{"line":185,"column":71},"end":{"line":185,"column":94}},"type":"binary-expr","locations":[{"start":{"line":185,"column":71},"end":{"line":185,"column":88}},{"start":{"line":185,"column":92},"end":{"line":185,"column":94}}],"line":185},"74":{"loc":{"start":{"line":186,"column":2},"end":{"line":186,"column":80}},"type":"if","locations":[{"start":{"line":186,"column":2},"end":{"line":186,"column":80}},{"start":{},"end":{}}],"line":186},"75":{"loc":{"start":{"line":186,"column":61},"end":{"line":186,"column":79}},"type":"binary-expr","locations":[{"start":{"line":186,"column":61},"end":{"line":186,"column":73}},{"start":{"line":186,"column":77},"end":{"line":186,"column":79}}],"line":186},"76":{"loc":{"start":{"line":187,"column":2},"end":{"line":187,"column":74}},"type":"if","locations":[{"start":{"line":187,"column":2},"end":{"line":187,"column":74}},{"start":{},"end":{}}],"line":187},"77":{"loc":{"start":{"line":187,"column":57},"end":{"line":187,"column":73}},"type":"binary-expr","locations":[{"start":{"line":187,"column":57},"end":{"line":187,"column":67}},{"start":{"line":187,"column":71},"end":{"line":187,"column":73}}],"line":187},"78":{"loc":{"start":{"line":188,"column":2},"end":{"line":188,"column":133}},"type":"if","locations":[{"start":{"line":188,"column":2},"end":{"line":188,"column":133}},{"start":{},"end":{}}],"line":188},"79":{"loc":{"start":{"line":190,"column":2},"end":{"line":190,"column":87}},"type":"if","locations":[{"start":{"line":190,"column":2},"end":{"line":190,"column":87}},{"start":{},"end":{}}],"line":190},"80":{"loc":{"start":{"line":190,"column":6},"end":{"line":190,"column":45}},"type":"binary-expr","locations":[{"start":{"line":190,"column":6},"end":{"line":190,"column":35}},{"start":{"line":190,"column":39},"end":{"line":190,"column":45}}],"line":190},"81":{"loc":{"start":{"line":191,"column":2},"end":{"line":191,"column":80}},"type":"if","locations":[{"start":{"line":191,"column":2},"end":{"line":191,"column":80}},{"start":{},"end":{}}],"line":191},"82":{"loc":{"start":{"line":191,"column":61},"end":{"line":191,"column":79}},"type":"binary-expr","locations":[{"start":{"line":191,"column":61},"end":{"line":191,"column":73}},{"start":{"line":191,"column":77},"end":{"line":191,"column":79}}],"line":191},"83":{"loc":{"start":{"line":194,"column":17},"end":{"line":194,"column":68}},"type":"cond-expr","locations":[{"start":{"line":194,"column":40},"end":{"line":194,"column":53}},{"start":{"line":194,"column":56},"end":{"line":194,"column":68}}],"line":194}},"s":{"0":2,"1":10,"2":70,"3":11,"4":11,"5":11,"6":11,"7":11,"8":11,"9":2,"10":11,"11":11,"12":0,"13":0,"14":11,"15":11,"16":2,"17":11,"18":1,"19":10,"20":1,"21":11,"22":1,"23":10,"24":0,"25":11,"26":0,"27":11,"28":1,"29":11,"30":0,"31":11,"32":0,"33":11,"34":0,"35":11,"36":0,"37":11,"38":11,"39":2,"40":11,"41":11,"42":0,"43":11,"44":11,"45":0,"46":11,"47":11,"48":0,"49":11,"50":11,"51":0,"52":11,"53":11,"54":0,"55":11,"56":11,"57":0,"58":11,"59":0,"60":11,"61":11,"62":1,"63":11,"64":11,"65":1,"66":11,"67":11,"68":1,"69":1,"70":1,"71":1,"72":0,"73":0,"74":11,"75":0,"76":11,"77":2,"78":11,"79":11,"80":0,"81":11,"82":0,"83":11,"84":2,"85":11,"86":2,"87":2,"88":2,"89":2,"90":11,"91":0,"92":11,"93":0,"94":0,"95":11,"96":4,"97":4,"98":4,"99":2,"100":4,"101":0,"102":4,"103":0,"104":4,"105":0,"106":4,"107":0,"108":4,"109":0,"110":4,"111":0,"112":4,"113":0,"114":4,"115":1,"116":4,"117":0,"118":4,"119":0,"120":4,"121":0,"122":4,"123":0,"124":4,"125":0,"126":4,"127":0,"128":4,"129":0,"130":4,"131":0,"132":4,"133":0,"134":4,"135":0,"136":4,"137":0,"138":4,"139":0,"140":4,"141":0,"142":4,"143":4,"144":4},"f":{"0":10,"1":70,"2":11,"3":4},"b":{"0":[10,0],"1":[11,0],"2":[2,9],"3":[0,11],"4":[2,9],"5":[1,10],"6":[1,9],"7":[1,10],"8":[0,10],"9":[0,11],"10":[1,10],"11":[0,11],"12":[0,11],"13":[0,11],"14":[11,11],"15":[0,11],"16":[11,9],"17":[2,9],"18":[0,11],"19":[0,11],"20":[0,11],"21":[0,11],"22":[0,11],"23":[11,0],"24":[0,11],"25":[0,11],"26":[11,11],"27":[11,10],"28":[1,10],"29":[1,10],"30":[1,10],"31":[1,0],"32":[0,1],"33":[0,11],"34":[2,9],"35":[0,11],"36":[0,11],"37":[2,9],"38":[2,9],"39":[11,10,9],"40":[2,1],"41":[2,1],"42":[2,1],"43":[0,11],"44":[0,11],"45":[2,2],"46":[2,0],"47":[0,4],"48":[0,0],"49":[0,4],"50":[0,0],"51":[0,4],"52":[0,0],"53":[0,4],"54":[0,4],"55":[0,4],"56":[0,4],"57":[1,3],"58":[1,0],"59":[0,4],"60":[0,0],"61":[0,4],"62":[0,0],"63":[0,4],"64":[0,0],"65":[0,4],"66":[0,0],"67":[0,4],"68":[0,0],"69":[0,4],"70":[0,0],"71":[0,4],"72":[0,4],"73":[0,0],"74":[0,4],"75":[0,0],"76":[0,4],"77":[0,0],"78":[0,4],"79":[0,4],"80":[4,0],"81":[0,4],"82":[0,0],"83":[2,2]},"_coverageSchema":"1a1c01bbd47fc00a2c39e90264f33305004495a9","hash":"9f2fa2031fcef6e8f83daff10138a0fdfe5215cc"}
}
