TN:
SF:app/+not-found.tsx
FN:5,NotFoundScreen
FNF:1
FNH:0
FNDA:0,NotFoundScreen
DA:6,0
DA:19,0
LF:2
LH:0
BRF:0
BRH:0
end_of_record
TN:
SF:app/_layout.tsx
FN:19,RootLayoutNav
FN:34,RootLayout
FN:35,(anonymous_2)
FNF:3
FNH:0
FNDA:0,RootLayoutNav
FNDA:0,RootLayout
FNDA:0,(anonymous_2)
DA:13,0
DA:15,0
DA:17,0
DA:20,0
DA:22,0
DA:35,0
DA:36,0
DA:39,0
DA:52,0
LF:9
LH:0
BRF:0
BRH:0
end_of_record
TN:
SF:app/modal.tsx
FN:5,ModalScreen
FN:7,(anonymous_1)
FN:8,(anonymous_2)
FN:12,(anonymous_3)
FNF:4
FNH:0
FNDA:0,ModalScreen
FNDA:0,(anonymous_1)
FNDA:0,(anonymous_2)
FNDA:0,(anonymous_3)
DA:6,0
DA:7,0
DA:8,0
DA:12,0
DA:22,0
LF:5
LH:0
BRDA:17,0,0,0
BRDA:17,0,1,0
BRF:2
BRH:0
end_of_record
TN:
SF:app/(tabs)/_layout.tsx
FN:6,TabLayout
FN:20,(anonymous_1)
FNF:2
FNH:0
FNDA:0,TabLayout
FNDA:0,(anonymous_1)
DA:7,0
DA:20,0
LF:2
LH:0
BRF:0
BRH:0
end_of_record
TN:
SF:app/(tabs)/contract.tsx
FN:16,ContractScreen
FN:23,(anonymous_1)
FN:38,(anonymous_2)
FN:42,(anonymous_3)
FN:60,(anonymous_4)
FN:66,(anonymous_5)
FN:67,(anonymous_6)
FN:83,(anonymous_7)
FN:86,(anonymous_8)
FN:134,(anonymous_9)
FN:140,(anonymous_10)
FN:143,(anonymous_11)
FN:152,(anonymous_12)
FN:158,(anonymous_13)
FN:170,(anonymous_14)
FN:176,(anonymous_15)
FN:182,(anonymous_16)
FN:188,(anonymous_17)
FN:198,(anonymous_18)
FN:204,(anonymous_19)
FN:207,(anonymous_20)
FN:214,(anonymous_21)
FN:219,(anonymous_22)
FN:234,(anonymous_23)
FN:240,(anonymous_24)
FN:246,(anonymous_25)
FN:255,(anonymous_26)
FN:260,(anonymous_27)
FN:275,(anonymous_28)
FN:280,(anonymous_29)
FN:300,(anonymous_30)
FN:306,(anonymous_31)
FN:315,(anonymous_32)
FN:321,(anonymous_33)
FN:329,(anonymous_34)
FN:335,(anonymous_35)
FN:344,(anonymous_36)
FN:350,(anonymous_37)
FN:358,(anonymous_38)
FN:370,(anonymous_39)
FN:376,(anonymous_40)
FN:382,(anonymous_41)
FN:388,(anonymous_42)
FN:394,(anonymous_43)
FN:400,(anonymous_44)
FN:406,(anonymous_45)
FN:421,(anonymous_46)
FN:427,(anonymous_47)
FN:435,(anonymous_48)
FN:442,(anonymous_49)
FN:455,(anonymous_50)
FN:461,(anonymous_51)
FN:469,(anonymous_52)
FN:478,(anonymous_53)
FN:484,(anonymous_54)
FN:495,(anonymous_55)
FN:501,(anonymous_56)
FN:507,(anonymous_57)
FN:517,(anonymous_58)
FNF:59
FNH:35
FNDA:63,ContractScreen
FNDA:3,(anonymous_1)
FNDA:1,(anonymous_2)
FNDA:2,(anonymous_3)
FNDA:1,(anonymous_4)
FNDA:27,(anonymous_5)
FNDA:0,(anonymous_6)
FNDA:2,(anonymous_7)
FNDA:2,(anonymous_8)
FNDA:2,(anonymous_9)
FNDA:2,(anonymous_10)
FNDA:0,(anonymous_11)
FNDA:1,(anonymous_12)
FNDA:0,(anonymous_13)
FNDA:1,(anonymous_14)
FNDA:1,(anonymous_15)
FNDA:0,(anonymous_16)
FNDA:0,(anonymous_17)
FNDA:0,(anonymous_18)
FNDA:0,(anonymous_19)
FNDA:0,(anonymous_20)
FNDA:0,(anonymous_21)
FNDA:0,(anonymous_22)
FNDA:1,(anonymous_23)
FNDA:1,(anonymous_24)
FNDA:1,(anonymous_25)
FNDA:0,(anonymous_26)
FNDA:0,(anonymous_27)
FNDA:0,(anonymous_28)
FNDA:0,(anonymous_29)
FNDA:0,(anonymous_30)
FNDA:0,(anonymous_31)
FNDA:1,(anonymous_32)
FNDA:1,(anonymous_33)
FNDA:1,(anonymous_34)
FNDA:1,(anonymous_35)
FNDA:1,(anonymous_36)
FNDA:1,(anonymous_37)
FNDA:0,(anonymous_38)
FNDA:0,(anonymous_39)
FNDA:0,(anonymous_40)
FNDA:0,(anonymous_41)
FNDA:0,(anonymous_42)
FNDA:0,(anonymous_43)
FNDA:0,(anonymous_44)
FNDA:0,(anonymous_45)
FNDA:1,(anonymous_46)
FNDA:1,(anonymous_47)
FNDA:1,(anonymous_48)
FNDA:1,(anonymous_49)
FNDA:1,(anonymous_50)
FNDA:1,(anonymous_51)
FNDA:1,(anonymous_52)
FNDA:1,(anonymous_53)
FNDA:1,(anonymous_54)
FNDA:1,(anonymous_55)
FNDA:1,(anonymous_56)
FNDA:2,(anonymous_57)
FNDA:1,(anonymous_58)
DA:17,63
DA:18,63
DA:19,63
DA:20,63
DA:21,63
DA:23,63
DA:24,3
DA:25,3
DA:26,2
DA:27,2
DA:28,1
DA:30,2
DA:31,2
DA:33,1
DA:34,1
DA:38,63
DA:39,1
DA:42,63
DA:43,2
DA:44,2
DA:46,2
DA:47,2
DA:48,1
DA:49,1
DA:50,0
DA:52,1
DA:53,1
DA:55,1
DA:56,1
DA:60,63
DA:61,1
DA:62,1
DA:65,63
DA:67,27
DA:68,0
DA:77,27
DA:78,27
DA:83,63
DA:84,2
DA:85,2
DA:86,2
DA:87,2
DA:89,0
DA:91,2
DA:95,63
DA:134,2
DA:140,2
DA:143,0
DA:152,1
DA:158,0
DA:170,1
DA:176,1
DA:182,0
DA:188,0
DA:198,0
DA:204,0
DA:207,0
DA:214,0
DA:219,0
DA:234,1
DA:240,1
DA:246,1
DA:255,0
DA:260,0
DA:275,0
DA:280,0
DA:300,0
DA:306,0
DA:315,1
DA:321,1
DA:329,1
DA:335,1
DA:344,1
DA:350,1
DA:358,0
DA:370,0
DA:376,0
DA:382,0
DA:388,0
DA:394,0
DA:400,0
DA:406,0
DA:421,1
DA:427,1
DA:435,1
DA:442,1
DA:455,1
DA:461,1
DA:469,1
DA:478,1
DA:484,1
DA:495,1
DA:501,1
DA:507,2
DA:533,1
DA:622,1
LF:96
LH:70
BRDA:27,0,0,1
BRDA:27,0,1,1
BRDA:27,1,0,2
BRDA:27,1,1,1
BRDA:49,2,0,0
BRDA:49,2,1,1
BRDA:49,3,0,1
BRDA:49,3,1,1
BRDA:69,4,0,0
BRDA:69,4,1,0
BRDA:122,5,0,3
BRDA:122,5,1,60
BRDA:152,6,0,1
BRDA:152,6,1,0
BRDA:158,7,0,0
BRDA:158,7,1,0
BRDA:455,8,0,1
BRDA:455,8,1,0
BRDA:461,9,0,1
BRDA:461,9,1,0
BRDA:478,10,0,1
BRDA:478,10,1,0
BRDA:484,11,0,1
BRDA:484,11,1,0
BRDA:521,12,0,2
BRDA:521,12,1,61
BRF:26
BRH:16
end_of_record
TN:
SF:app/(tabs)/dashboard.tsx
FN:50,(anonymous_0)
FN:62,(anonymous_1)
FN:71,(anonymous_2)
FN:86,(anonymous_3)
FN:106,DashboardScreen
FN:109,(anonymous_5)
FN:113,(anonymous_6)
FN:123,(anonymous_7)
FN:215,(anonymous_8)
FN:221,(anonymous_9)
FN:227,(anonymous_10)
FN:245,(anonymous_11)
FN:251,(anonymous_12)
FN:257,(anonymous_13)
FNF:14
FNH:14
FNDA:80,(anonymous_0)
FNDA:60,(anonymous_1)
FNDA:60,(anonymous_2)
FNDA:20,(anonymous_3)
FNDA:20,DashboardScreen
FNDA:3,(anonymous_5)
FNDA:3,(anonymous_6)
FNDA:20,(anonymous_7)
FNDA:1,(anonymous_8)
FNDA:1,(anonymous_9)
FNDA:1,(anonymous_10)
FNDA:1,(anonymous_11)
FNDA:1,(anonymous_12)
FNDA:1,(anonymous_13)
DA:50,1
DA:51,80
DA:62,1
DA:63,60
DA:71,1
DA:72,60
DA:86,1
DA:88,20
DA:107,20
DA:109,20
DA:110,3
DA:113,20
DA:114,3
DA:117,20
DA:124,20
DA:215,1
DA:221,1
DA:227,1
DA:245,1
DA:251,1
DA:257,1
DA:268,1
LF:22
LH:22
BRF:0
BRH:0
end_of_record
TN:
SF:app/(tabs)/index.tsx
FN:20,VoiceFillScreen
FN:34,(anonymous_1)
FN:91,(anonymous_2)
FN:96,(anonymous_3)
FN:102,(anonymous_4)
FN:115,(anonymous_5)
FN:115,HeaderRight
FN:160,(anonymous_7)
FN:172,(anonymous_8)
FN:186,(anonymous_9)
FN:199,(anonymous_10)
FN:211,(anonymous_11)
FN:223,(anonymous_12)
FN:242,(anonymous_13)
FN:280,(anonymous_14)
FN:286,(anonymous_15)
FN:291,(anonymous_16)
FN:298,(anonymous_17)
FNF:18
FNH:13
FNDA:64,VoiceFillScreen
FNDA:9,(anonymous_1)
FNDA:1,(anonymous_2)
FNDA:5,(anonymous_3)
FNDA:3,(anonymous_4)
FNDA:32,(anonymous_5)
FNDA:0,HeaderRight
FNDA:4,(anonymous_7)
FNDA:3,(anonymous_8)
FNDA:1,(anonymous_9)
FNDA:1,(anonymous_10)
FNDA:1,(anonymous_11)
FNDA:1,(anonymous_12)
FNDA:10,(anonymous_13)
FNDA:0,(anonymous_14)
FNDA:0,(anonymous_15)
FNDA:0,(anonymous_16)
FNDA:0,(anonymous_17)
DA:21,64
DA:22,64
DA:23,64
DA:24,64
DA:32,64
DA:34,64
DA:35,9
DA:36,9
DA:37,9
DA:38,9
DA:40,9
DA:41,9
DA:42,9
DA:43,1
DA:45,8
DA:47,8
DA:49,8
DA:62,8
DA:70,7
DA:71,1
DA:74,4
DA:76,4
DA:77,4
DA:78,4
DA:80,4
DA:81,3
DA:82,3
DA:91,1
DA:95,5
DA:96,5
DA:98,9
DA:102,64
DA:103,3
DA:111,3
DA:114,64
DA:115,32
DA:116,0
DA:125,64
DA:160,4
DA:172,3
DA:186,1
DA:199,1
DA:211,1
DA:223,1
DA:242,10
DA:280,0
DA:286,0
DA:292,0
DA:293,0
DA:298,0
DA:311,2
LF:51
LH:45
BRDA:42,0,0,1
BRDA:42,0,1,8
BRDA:70,1,0,1
BRDA:70,1,1,4
BRDA:76,2,0,4
BRDA:76,2,1,0
BRDA:76,3,0,4
BRDA:76,3,1,4
BRDA:76,3,2,4
BRDA:80,4,0,3
BRDA:80,4,1,1
BRDA:83,5,0,3
BRDA:83,5,1,2
BRDA:84,6,0,3
BRDA:84,6,1,1
BRDA:85,7,0,3
BRDA:85,7,1,2
BRDA:86,8,0,3
BRDA:86,8,1,2
BRDA:87,9,0,3
BRDA:87,9,1,2
BRDA:88,10,0,3
BRDA:88,10,1,3
BRDA:147,11,0,64
BRDA:147,11,1,8
BRDA:249,12,0,0
BRDA:249,12,1,64
BRDA:255,13,0,64
BRDA:255,13,1,8
BRDA:292,14,0,0
BRDA:292,14,1,0
BRDA:292,15,0,0
BRDA:292,15,1,0
BRF:33
BRH:27
end_of_record
TN:
SF:backend/hono.ts
FN:20,(anonymous_0)
FNF:1
FNH:0
FNDA:0,(anonymous_0)
DA:7,0
DA:9,0
DA:11,0
DA:20,0
DA:21,0
LF:5
LH:0
BRF:0
BRH:0
end_of_record
TN:
SF:backend/trpc/app-router.ts
FNF:0
FNH:0
DA:4,0
LF:1
LH:0
BRF:0
BRH:0
end_of_record
TN:
SF:backend/trpc/create-context.ts
FN:13,(anonymous_0)
FN:28,getUserFromToken
FN:49,(anonymous_2)
FN:65,(anonymous_3)
FNF:4
FNH:0
FNDA:0,(anonymous_0)
FNDA:0,getUserFromToken
FNDA:0,(anonymous_2)
FNDA:0,(anonymous_3)
DA:13,0
DA:15,0
DA:19,0
DA:21,0
DA:29,0
DA:39,0
DA:44,0
DA:49,0
DA:50,0
DA:51,0
DA:56,0
DA:65,0
DA:66,0
DA:67,0
DA:69,0
DA:70,0
DA:75,0
DA:83,0
DA:86,0
DA:89,0
DA:92,0
LF:21
LH:0
BRDA:29,0,0,0
BRDA:29,0,1,0
BRDA:50,1,0,0
BRDA:50,1,1,0
BRDA:66,2,0,0
BRDA:66,2,1,0
BRDA:69,3,0,0
BRDA:69,3,1,0
BRF:8
BRH:0
end_of_record
TN:
SF:backend/trpc/routes/example/hi/route.ts
FN:6,(anonymous_0)
FNF:1
FNH:0
FNDA:0,(anonymous_0)
DA:7,0
LF:1
LH:0
BRF:0
BRH:0
end_of_record
TN:
SF:components/Card.tsx
FN:4,CardComponent
FNF:1
FNH:1
FNDA:362,CardComponent
DA:5,362
DA:14,5
LF:2
LH:2
BRF:0
BRH:0
end_of_record
TN:
SF:components/ErrorBoundary.tsx
FN:9,(anonymous_0)
FN:14,(anonymous_1)
FN:18,(anonymous_2)
FN:36,(anonymous_3)
FN:40,(anonymous_4)
FNF:5
FNH:5
FNDA:94,(anonymous_0)
FNDA:18,(anonymous_1)
FNDA:10,(anonymous_2)
FNDA:1,(anonymous_3)
FNDA:184,(anonymous_4)
DA:10,94
DA:11,94
DA:15,18
DA:19,10
DA:22,10
DA:29,10
DA:36,94
DA:37,1
DA:41,184
DA:42,18
DA:52,166
DA:56,5
LF:12
LH:12
BRDA:15,0,0,18
BRDA:15,0,1,2
BRDA:41,1,0,18
BRDA:41,1,1,166
BRF:4
BRH:4
end_of_record
TN:
SF:components/FloatingAIAssistant.tsx
FN:59,FloatingAIAssistant
FN:82,(anonymous_1)
FN:95,(anonymous_2)
FN:106,(anonymous_3)
FN:117,(anonymous_4)
FN:127,(anonymous_5)
FN:131,(anonymous_6)
FN:140,(anonymous_7)
FN:148,(anonymous_8)
FN:236,(anonymous_9)
FN:247,(anonymous_10)
FN:276,(anonymous_11)
FN:295,(anonymous_12)
FN:301,(anonymous_13)
FN:336,(anonymous_14)
FN:346,(anonymous_15)
FN:347,(anonymous_16)
FN:347,(anonymous_17)
FN:395,(anonymous_18)
FN:421,(anonymous_19)
FN:438,(anonymous_20)
FN:454,(anonymous_21)
FN:497,(anonymous_22)
FN:501,(anonymous_23)
FN:515,(anonymous_24)
FN:522,(anonymous_25)
FNF:26
FNH:2
FNDA:9,FloatingAIAssistant
FNDA:0,(anonymous_1)
FNDA:0,(anonymous_2)
FNDA:0,(anonymous_3)
FNDA:0,(anonymous_4)
FNDA:0,(anonymous_5)
FNDA:0,(anonymous_6)
FNDA:0,(anonymous_7)
FNDA:0,(anonymous_8)
FNDA:0,(anonymous_9)
FNDA:0,(anonymous_10)
FNDA:0,(anonymous_11)
FNDA:0,(anonymous_12)
FNDA:0,(anonymous_13)
FNDA:0,(anonymous_14)
FNDA:0,(anonymous_15)
FNDA:0,(anonymous_16)
FNDA:0,(anonymous_17)
FNDA:0,(anonymous_18)
FNDA:0,(anonymous_19)
FNDA:9,(anonymous_20)
FNDA:0,(anonymous_21)
FNDA:0,(anonymous_22)
FNDA:0,(anonymous_23)
FNDA:0,(anonymous_24)
FNDA:0,(anonymous_25)
DA:60,9
DA:61,9
DA:71,9
DA:72,9
DA:73,9
DA:74,9
DA:75,9
DA:76,9
DA:78,9
DA:79,9
DA:80,9
DA:82,9
DA:83,0
DA:85,0
DA:92,0
DA:95,9
DA:96,0
DA:98,0
DA:99,0
DA:100,0
DA:106,0
DA:108,0
DA:109,0
DA:113,0
DA:117,9
DA:118,0
DA:120,0
DA:121,0
DA:127,0
DA:128,0
DA:131,9
DA:132,0
DA:133,0
DA:134,0
DA:135,0
DA:137,0
DA:140,0
DA:141,0
DA:143,0
DA:144,0
DA:147,0
DA:148,0
DA:149,0
DA:150,0
DA:160,0
DA:166,0
DA:194,0
DA:196,0
DA:204,0
DA:206,0
DA:207,0
DA:208,0
DA:212,0
DA:213,0
DA:215,0
DA:216,0
DA:218,0
DA:220,0
DA:221,0
DA:223,0
DA:226,0
DA:227,0
DA:232,0
DA:236,9
DA:237,0
DA:239,0
DA:247,0
DA:248,0
DA:249,0
DA:250,0
DA:252,0
DA:254,0
DA:257,0
DA:258,0
DA:264,0
DA:267,0
DA:269,0
DA:276,0
DA:278,0
DA:279,0
DA:285,0
DA:289,0
DA:295,0
DA:297,0
DA:301,9
DA:302,0
DA:303,0
DA:306,0
DA:307,0
DA:308,0
DA:309,0
DA:310,0
DA:312,0
DA:320,0
DA:329,0
DA:330,0
DA:331,0
DA:336,0
DA:339,0
DA:340,0
DA:342,0
DA:346,9
DA:347,0
DA:350,9
DA:355,9
DA:360,9
DA:395,0
DA:421,0
DA:439,9
DA:455,0
DA:498,0
DA:501,0
DA:515,0
DA:522,0
DA:583,1
LF:115
LH:23
BRDA:65,0,0,2
BRDA:65,0,1,7
BRDA:73,1,0,9
BRDA:73,1,1,7
BRDA:83,2,0,0
BRDA:83,2,1,0
BRDA:96,3,0,0
BRDA:96,3,1,0
BRDA:109,4,0,0
BRDA:109,4,1,0
BRDA:118,5,0,0
BRDA:118,5,1,0
BRDA:134,6,0,0
BRDA:134,6,1,0
BRDA:143,7,0,0
BRDA:143,7,1,0
BRDA:147,8,0,0
BRDA:147,8,1,0
BRDA:147,9,0,0
BRDA:147,9,1,0
BRDA:149,10,0,0
BRDA:149,10,1,0
BRDA:161,11,0,0
BRDA:161,11,1,0
BRDA:206,12,0,0
BRDA:206,12,1,0
BRDA:220,13,0,0
BRDA:220,13,1,0
BRDA:220,14,0,0
BRDA:220,14,1,0
BRDA:220,14,2,0
BRDA:227,15,0,0
BRDA:227,15,1,0
BRDA:237,16,0,0
BRDA:237,16,1,0
BRDA:237,17,0,0
BRDA:237,17,1,0
BRDA:243,18,0,0
BRDA:243,18,1,0
BRDA:257,19,0,0
BRDA:257,19,1,0
BRDA:261,20,0,0
BRDA:261,20,1,0
BRDA:279,21,0,0
BRDA:279,21,1,0
BRDA:301,22,0,0
BRDA:306,23,0,0
BRDA:306,23,1,0
BRDA:308,24,0,0
BRDA:308,24,1,0
BRDA:329,25,0,0
BRDA:329,25,1,0
BRDA:329,26,0,0
BRDA:329,26,1,0
BRDA:333,27,0,0
BRDA:333,27,1,0
BRDA:334,28,0,0
BRDA:334,28,1,0
BRDA:368,29,0,0
BRDA:368,29,1,9
BRDA:384,30,0,9
BRDA:384,30,1,2
BRDA:406,31,0,9
BRDA:406,31,1,0
BRDA:406,31,2,0
BRDA:443,32,0,0
BRDA:443,32,1,9
BRDA:449,33,0,0
BRDA:449,33,1,9
BRDA:452,34,0,9
BRDA:452,34,1,0
BRDA:452,34,2,0
BRDA:464,35,0,9
BRDA:464,35,1,9
BRDA:468,36,0,0
BRDA:468,36,1,9
BRDA:478,37,0,9
BRDA:478,37,1,0
BRDA:494,38,0,9
BRDA:494,38,1,0
BRDA:544,39,0,9
BRDA:544,39,1,9
BRDA:544,39,2,9
BRDA:546,40,0,9
BRDA:546,40,1,9
BRDA:549,41,0,0
BRDA:549,41,1,9
BRDA:549,42,0,9
BRDA:549,42,1,9
BRDA:566,43,0,0
BRDA:566,43,1,9
BRF:91
BRH:25
end_of_record
TN:
SF:components/FloatingAINavbar.tsx
FN:49,FloatingAINavbar
FN:80,(anonymous_1)
FN:89,(anonymous_2)
FN:98,(anonymous_3)
FN:115,(anonymous_4)
FN:133,(anonymous_5)
FN:139,(anonymous_6)
FN:145,(anonymous_7)
FN:148,(anonymous_8)
FN:151,(anonymous_9)
FN:155,(anonymous_10)
FN:156,(anonymous_11)
FN:160,(anonymous_12)
FN:167,(anonymous_13)
FN:196,(anonymous_14)
FN:220,(anonymous_15)
FN:292,(anonymous_16)
FN:317,(anonymous_17)
FN:319,(anonymous_18)
FN:326,(anonymous_19)
FN:337,(anonymous_20)
FN:350,(anonymous_21)
FN:354,(anonymous_22)
FN:361,(anonymous_23)
FN:389,(anonymous_24)
FN:396,(anonymous_25)
FN:404,(anonymous_26)
FN:408,(anonymous_27)
FN:431,(anonymous_28)
FN:484,(anonymous_29)
FN:540,(anonymous_30)
FNF:31
FNH:0
FNDA:0,FloatingAINavbar
FNDA:0,(anonymous_1)
FNDA:0,(anonymous_2)
FNDA:0,(anonymous_3)
FNDA:0,(anonymous_4)
FNDA:0,(anonymous_5)
FNDA:0,(anonymous_6)
FNDA:0,(anonymous_7)
FNDA:0,(anonymous_8)
FNDA:0,(anonymous_9)
FNDA:0,(anonymous_10)
FNDA:0,(anonymous_11)
FNDA:0,(anonymous_12)
FNDA:0,(anonymous_13)
FNDA:0,(anonymous_14)
FNDA:0,(anonymous_15)
FNDA:0,(anonymous_16)
FNDA:0,(anonymous_17)
FNDA:0,(anonymous_18)
FNDA:0,(anonymous_19)
FNDA:0,(anonymous_20)
FNDA:0,(anonymous_21)
FNDA:0,(anonymous_22)
FNDA:0,(anonymous_23)
FNDA:0,(anonymous_24)
FNDA:0,(anonymous_25)
FNDA:0,(anonymous_26)
FNDA:0,(anonymous_27)
FNDA:0,(anonymous_28)
FNDA:0,(anonymous_29)
FNDA:0,(anonymous_30)
DA:45,0
DA:46,0
DA:47,0
DA:50,0
DA:51,0
DA:54,0
DA:55,0
DA:56,0
DA:57,0
DA:58,0
DA:59,0
DA:60,0
DA:62,0
DA:63,0
DA:64,0
DA:65,0
DA:66,0
DA:67,0
DA:68,0
DA:77,0
DA:78,0
DA:80,0
DA:81,0
DA:89,0
DA:90,0
DA:98,0
DA:99,0
DA:100,0
DA:115,0
DA:116,0
DA:132,0
DA:133,0
DA:139,0
DA:140,0
DA:141,0
DA:142,0
DA:145,0
DA:146,0
DA:147,0
DA:148,0
DA:149,0
DA:151,0
DA:152,0
DA:155,0
DA:156,0
DA:160,0
DA:161,0
DA:167,0
DA:168,0
DA:169,0
DA:170,0
DA:171,0
DA:172,0
DA:175,0
DA:176,0
DA:182,0
DA:183,0
DA:185,0
DA:186,0
DA:187,0
DA:188,0
DA:189,0
DA:191,0
DA:192,0
DA:196,0
DA:197,0
DA:199,0
DA:200,0
DA:201,0
DA:202,0
DA:204,0
DA:205,0
DA:206,0
DA:207,0
DA:209,0
DA:210,0
DA:213,0
DA:214,0
DA:215,0
DA:216,0
DA:220,0
DA:221,0
DA:222,0
DA:224,0
DA:226,0
DA:227,0
DA:228,0
DA:229,0
DA:231,0
DA:232,0
DA:234,0
DA:240,0
DA:243,0
DA:248,0
DA:249,0
DA:250,0
DA:252,0
DA:253,0
DA:254,0
DA:255,0
DA:256,0
DA:259,0
DA:262,0
DA:263,0
DA:266,0
DA:267,0
DA:269,0
DA:270,0
DA:271,0
DA:274,0
DA:275,0
DA:276,0
DA:277,0
DA:278,0
DA:280,0
DA:281,0
DA:282,0
DA:283,0
DA:284,0
DA:285,0
DA:287,0
DA:289,0
DA:290,0
DA:292,0
DA:293,0
DA:294,0
DA:299,0
DA:300,0
DA:301,0
DA:304,0
DA:305,0
DA:306,0
DA:307,0
DA:309,0
DA:311,0
DA:313,0
DA:317,0
DA:318,0
DA:319,0
DA:320,0
DA:321,0
DA:322,0
DA:326,0
DA:327,0
DA:328,0
DA:329,0
DA:332,0
DA:333,0
DA:337,0
DA:338,0
DA:339,0
DA:341,0
DA:342,0
DA:348,0
DA:350,0
DA:351,0
DA:354,0
DA:361,0
DA:389,0
DA:396,0
DA:404,0
DA:405,0
DA:408,0
DA:455,0
DA:485,0
DA:541,0
DA:597,0
LF:167
LH:0
BRDA:49,0,0,0
BRDA:82,1,0,0
BRDA:82,1,1,0
BRDA:91,2,0,0
BRDA:91,2,1,0
BRDA:99,3,0,0
BRDA:99,3,1,0
BRDA:146,4,0,0
BRDA:146,4,1,0
BRDA:170,5,0,0
BRDA:170,5,1,0
BRDA:175,6,0,0
BRDA:175,6,1,0
BRDA:196,7,0,0
BRDA:197,8,0,0
BRDA:197,8,1,0
BRDA:209,9,0,0
BRDA:209,9,1,0
BRDA:226,10,0,0
BRDA:226,10,1,0
BRDA:248,11,0,0
BRDA:248,11,1,0
BRDA:252,12,0,0
BRDA:252,12,1,0
BRDA:280,13,0,0
BRDA:280,13,1,0
BRDA:280,14,0,0
BRDA:280,14,1,0
BRDA:281,15,0,0
BRDA:281,15,1,0
BRDA:289,16,0,0
BRDA:289,16,1,0
BRDA:305,17,0,0
BRDA:305,17,1,0
BRDA:306,18,0,0
BRDA:306,18,1,0
BRDA:327,19,0,0
BRDA:327,19,1,0
BRDA:332,20,0,0
BRDA:332,20,1,0
BRDA:332,21,0,0
BRDA:332,21,1,0
BRDA:338,22,0,0
BRDA:338,22,1,0
BRDA:348,23,0,0
BRDA:348,23,1,0
BRDA:353,24,0,0
BRDA:353,24,1,0
BRDA:360,25,0,0
BRDA:360,25,1,0
BRDA:370,26,0,0
BRDA:370,26,1,0
BRDA:370,26,2,0
BRDA:377,27,0,0
BRDA:377,27,1,0
BRDA:378,28,0,0
BRDA:378,28,1,0
BRDA:380,29,0,0
BRDA:380,29,1,0
BRDA:383,30,0,0
BRDA:383,30,1,0
BRDA:383,31,0,0
BRDA:383,31,1,0
BRDA:388,32,0,0
BRDA:388,32,1,0
BRDA:395,33,0,0
BRDA:395,33,1,0
BRDA:430,34,0,0
BRDA:430,34,1,0
BRDA:436,35,0,0
BRDA:436,35,1,0
BRDA:438,36,0,0
BRDA:438,36,1,0
BRDA:457,37,0,0
BRDA:457,37,1,0
BRDA:465,38,0,0
BRDA:465,38,1,0
BRDA:482,39,0,0
BRDA:482,39,1,0
BRDA:498,40,0,0
BRDA:498,40,1,0
BRDA:505,41,0,0
BRDA:505,41,1,0
BRDA:507,42,0,0
BRDA:507,42,1,0
BRDA:525,43,0,0
BRDA:525,43,1,0
BRDA:545,44,0,0
BRDA:545,44,1,0
BRDA:551,45,0,0
BRDA:551,45,1,0
BRDA:558,46,0,0
BRDA:558,46,1,0
BRDA:558,46,2,0
BRDA:561,47,0,0
BRDA:561,47,1,0
BRDA:563,48,0,0
BRDA:563,48,1,0
BRDA:589,49,0,0
BRDA:589,49,1,0
BRF:100
BRH:0
end_of_record
TN:
SF:components/InputField.tsx
FN:11,InputFieldComponent
FN:12,(anonymous_1)
FNF:2
FNH:2
FNDA:1456,InputFieldComponent
FNDA:3,(anonymous_1)
DA:12,1456
DA:13,3
DA:14,2
DA:19,1456
DA:32,1456
DA:33,1455
DA:45,1
DA:50,2
LF:8
LH:8
BRDA:11,0,0,1454
BRDA:13,1,0,2
BRDA:13,1,1,1
BRDA:27,2,0,1456
BRDA:27,2,1,3
BRDA:32,3,0,1455
BRDA:32,3,1,1
BRDA:32,4,0,1456
BRDA:32,4,1,1455
BRDA:35,5,0,1455
BRDA:35,5,1,1356
BRF:11
BRH:11
end_of_record
TN:
SF:components/TagToggle.tsx
FN:13,TagToggleComponent
FN:16,(anonymous_1)
FNF:2
FNH:2
FNDA:1272,TagToggleComponent
FNDA:12,(anonymous_1)
DA:14,1272
DA:16,12
DA:33,2
LF:3
LH:3
BRDA:18,0,0,29
BRDA:18,0,1,1243
BRDA:19,1,0,1272
BRDA:19,1,1,3
BRDA:21,2,0,29
BRDA:21,2,1,1243
BRDA:22,3,0,29
BRDA:22,3,1,1243
BRDA:24,4,0,29
BRDA:24,4,1,1243
BRF:10
BRH:10
end_of_record
TN:
SF:components/VoiceEdit.tsx
FN:27,VoiceEdit
FN:49,(anonymous_1)
FN:66,(anonymous_2)
FN:72,(anonymous_3)
FN:90,(anonymous_4)
FN:123,(anonymous_5)
FN:151,(anonymous_6)
FN:218,(anonymous_7)
FN:235,(anonymous_8)
FN:267,(anonymous_9)
FN:297,(anonymous_10)
FN:306,(anonymous_11)
FN:307,(anonymous_12)
FN:308,(anonymous_13)
FN:322,(anonymous_14)
FN:328,(anonymous_15)
FN:340,(anonymous_16)
FNF:17
FNH:4
FNDA:20,VoiceEdit
FNDA:19,(anonymous_1)
FNDA:19,(anonymous_2)
FNDA:19,(anonymous_3)
FNDA:0,(anonymous_4)
FNDA:0,(anonymous_5)
FNDA:0,(anonymous_6)
FNDA:0,(anonymous_7)
FNDA:0,(anonymous_8)
FNDA:0,(anonymous_9)
FNDA:0,(anonymous_10)
FNDA:0,(anonymous_11)
FNDA:0,(anonymous_12)
FNDA:0,(anonymous_13)
FNDA:0,(anonymous_14)
FNDA:0,(anonymous_15)
FNDA:0,(anonymous_16)
DA:25,1
DA:34,20
DA:35,20
DA:36,20
DA:37,20
DA:38,20
DA:39,20
DA:40,20
DA:42,20
DA:43,20
DA:44,20
DA:45,20
DA:46,20
DA:47,20
DA:49,20
DA:50,19
DA:66,20
DA:67,19
DA:73,19
DA:74,0
DA:75,0
DA:76,19
DA:77,19
DA:78,19
DA:82,19
DA:90,20
DA:91,0
DA:92,0
DA:93,0
DA:94,0
DA:95,0
DA:98,0
DA:99,0
DA:105,0
DA:106,0
DA:107,0
DA:108,0
DA:109,0
DA:110,0
DA:112,0
DA:113,0
DA:118,0
DA:119,0
DA:123,20
DA:124,0
DA:126,0
DA:127,0
DA:128,0
DA:129,0
DA:131,0
DA:132,0
DA:133,0
DA:134,0
DA:136,0
DA:137,0
DA:140,0
DA:141,0
DA:146,0
DA:147,0
DA:151,20
DA:152,0
DA:153,0
DA:154,0
DA:156,0
DA:158,0
DA:159,0
DA:160,0
DA:161,0
DA:163,0
DA:164,0
DA:166,0
DA:172,0
DA:175,0
DA:180,0
DA:181,0
DA:182,0
DA:184,0
DA:185,0
DA:186,0
DA:187,0
DA:190,0
DA:193,0
DA:194,0
DA:197,0
DA:198,0
DA:200,0
DA:201,0
DA:204,0
DA:205,0
DA:207,0
DA:208,0
DA:209,0
DA:210,0
DA:211,0
DA:214,0
DA:216,0
DA:218,0
DA:220,0
DA:221,0
DA:222,0
DA:223,0
DA:225,0
DA:226,0
DA:232,0
DA:235,0
DA:236,0
DA:238,0
DA:239,0
DA:242,0
DA:243,0
DA:245,0
DA:253,0
DA:258,0
DA:259,0
DA:261,0
DA:263,0
DA:267,20
DA:268,0
DA:269,0
DA:282,0
DA:286,0
DA:288,0
DA:290,0
DA:291,0
DA:292,0
DA:293,0
DA:297,20
DA:298,0
DA:299,0
DA:300,0
DA:301,0
DA:304,20
DA:306,0
DA:307,0
DA:309,0
DA:310,0
DA:312,0
DA:313,0
DA:315,0
DA:316,0
DA:317,0
DA:318,0
DA:320,0
DA:322,0
DA:323,0
DA:324,0
DA:325,0
DA:329,0
DA:330,0
DA:331,0
DA:334,0
DA:335,0
DA:336,0
DA:337,0
DA:341,0
DA:342,0
DA:343,0
DA:345,0
DA:350,20
DA:355,20
DA:400,1
LF:161
LH:32
BRDA:31,0,0,16
BRDA:32,1,0,19
BRDA:68,2,0,0
BRDA:68,2,1,19
BRDA:73,3,0,0
BRDA:73,3,1,19
BRDA:73,4,0,19
BRDA:73,4,1,19
BRDA:76,5,0,19
BRDA:76,5,1,0
BRDA:83,6,0,0
BRDA:83,6,1,19
BRDA:93,7,0,0
BRDA:93,7,1,0
BRDA:98,8,0,0
BRDA:98,8,1,0
BRDA:113,9,0,0
BRDA:113,9,1,0
BRDA:124,10,0,0
BRDA:124,10,1,0
BRDA:136,11,0,0
BRDA:136,11,1,0
BRDA:141,12,0,0
BRDA:141,12,1,0
BRDA:158,13,0,0
BRDA:158,13,1,0
BRDA:180,14,0,0
BRDA:180,14,1,0
BRDA:184,15,0,0
BRDA:184,15,1,0
BRDA:207,16,0,0
BRDA:207,16,1,0
BRDA:207,17,0,0
BRDA:207,17,1,0
BRDA:208,18,0,0
BRDA:208,18,1,0
BRDA:226,19,0,0
BRDA:226,19,1,0
BRDA:243,20,0,0
BRDA:243,20,1,0
BRDA:245,21,0,0
BRDA:245,21,1,0
BRDA:255,22,0,0
BRDA:255,22,1,0
BRDA:258,23,0,0
BRDA:258,23,1,0
BRDA:291,24,0,0
BRDA:291,24,1,0
BRDA:291,25,0,0
BRDA:291,25,1,0
BRDA:292,26,0,0
BRDA:292,26,1,0
BRDA:292,27,0,0
BRDA:292,27,1,0
BRDA:315,28,0,0
BRDA:315,28,1,0
BRDA:316,29,0,0
BRDA:316,29,1,0
BRDA:317,30,0,0
BRDA:317,30,1,0
BRDA:318,31,0,0
BRDA:318,31,1,0
BRDA:329,32,0,0
BRDA:329,32,1,0
BRDA:334,33,0,0
BRDA:334,33,1,0
BRDA:334,34,0,0
BRDA:334,34,1,0
BRDA:336,35,0,0
BRDA:336,35,1,0
BRDA:336,36,0,0
BRDA:336,36,1,0
BRDA:336,36,2,0
BRDA:341,37,0,0
BRDA:341,37,1,0
BRDA:357,38,0,20
BRDA:357,38,1,0
BRDA:357,38,2,0
BRDA:363,39,0,20
BRDA:363,39,1,0
BRDA:363,39,2,0
BRDA:380,40,0,19
BRDA:380,40,1,1
BRF:83
BRH:12
end_of_record
TN:
SF:components/VoiceEditModal.tsx
FN:20,VoiceEditModal
FN:38,(anonymous_1)
FN:40,(anonymous_2)
FN:57,(anonymous_3)
FN:99,(anonymous_4)
FN:133,(anonymous_5)
FNF:6
FNH:5
FNDA:16,VoiceEditModal
FNDA:16,(anonymous_1)
FNDA:28,(anonymous_2)
FNDA:84,(anonymous_3)
FNDA:28,(anonymous_4)
FNDA:0,(anonymous_5)
DA:28,16
DA:38,16
DA:39,16
DA:40,4
DA:41,28
DA:57,12
DA:58,84
DA:59,84
DA:64,16
DA:66,15
DA:71,15
DA:76,15
DA:81,15
DA:100,28
DA:134,0
DA:167,1
LF:16
LH:15
BRDA:39,0,0,4
BRDA:39,0,1,12
BRDA:64,1,0,1
BRDA:64,1,1,15
BRDA:94,2,0,15
BRDA:94,2,1,0
BRDA:97,3,0,15
BRDA:97,3,1,4
BRDA:113,4,0,15
BRDA:113,4,1,4
BRDA:120,5,0,2
BRDA:120,5,1,13
BRDA:122,6,0,3
BRDA:122,6,1,10
BRDA:131,7,0,0
BRDA:131,7,1,0
BRDA:147,8,0,0
BRDA:147,8,1,0
BRDA:154,9,0,0
BRDA:154,9,1,0
BRDA:156,10,0,0
BRDA:156,10,1,0
BRF:22
BRH:13
end_of_record
TN:
SF:components/VoiceRecorder.tsx
FN:21,VoiceRecorder
FN:43,(anonymous_1)
FN:60,(anonymous_2)
FN:78,(anonymous_3)
FN:82,(anonymous_4)
FN:114,(anonymous_5)
FN:138,(anonymous_6)
FN:213,(anonymous_7)
FN:218,(anonymous_8)
FN:225,(anonymous_9)
FN:226,(anonymous_10)
FN:233,(anonymous_11)
FN:251,(anonymous_12)
FNF:13
FNH:9
FNDA:29,VoiceRecorder
FNDA:11,(anonymous_1)
FNDA:0,(anonymous_2)
FNDA:77,(anonymous_3)
FNDA:10,(anonymous_4)
FNDA:0,(anonymous_5)
FNDA:0,(anonymous_6)
FNDA:10,(anonymous_7)
FNDA:0,(anonymous_8)
FNDA:11,(anonymous_9)
FNDA:11,(anonymous_10)
FNDA:10,(anonymous_11)
FNDA:126,(anonymous_12)
DA:26,29
DA:27,29
DA:28,29
DA:29,29
DA:30,29
DA:32,29
DA:33,29
DA:43,29
DA:44,11
DA:45,0
DA:60,0
DA:61,0
DA:77,11
DA:78,77
DA:82,29
DA:83,10
DA:84,10
DA:85,10
DA:86,0
DA:87,0
DA:90,10
DA:91,10
DA:97,10
DA:98,10
DA:100,10
DA:101,10
DA:103,10
DA:104,10
DA:105,10
DA:106,10
DA:107,10
DA:109,0
DA:110,0
DA:114,29
DA:115,0
DA:117,0
DA:118,0
DA:119,0
DA:120,0
DA:121,0
DA:123,0
DA:124,0
DA:125,0
DA:126,0
DA:128,0
DA:129,0
DA:132,0
DA:133,0
DA:134,0
DA:138,29
DA:139,0
DA:140,0
DA:142,0
DA:144,0
DA:145,0
DA:146,0
DA:147,0
DA:149,0
DA:150,0
DA:152,0
DA:158,0
DA:161,0
DA:166,0
DA:167,0
DA:168,0
DA:169,0
DA:172,0
DA:173,0
DA:176,0
DA:177,0
DA:179,0
DA:180,0
DA:181,0
DA:184,0
DA:185,0
DA:186,0
DA:187,0
DA:188,0
DA:190,0
DA:191,0
DA:192,0
DA:193,0
DA:195,0
DA:196,0
DA:197,0
DA:200,0
DA:201,0
DA:202,0
DA:205,0
DA:206,0
DA:208,0
DA:209,0
DA:213,29
DA:214,10
DA:215,10
DA:218,29
DA:219,0
DA:220,0
DA:221,0
DA:225,29
DA:226,11
DA:227,11
DA:228,0
DA:233,29
DA:234,10
DA:235,0
DA:237,10
DA:241,29
DA:252,126
DA:302,2
LF:110
LH:41
BRDA:44,0,0,0
BRDA:44,0,1,11
BRDA:85,1,0,0
BRDA:85,1,1,10
BRDA:90,2,0,10
BRDA:90,2,1,0
BRDA:115,3,0,0
BRDA:115,3,1,0
BRDA:128,4,0,0
BRDA:128,4,1,0
BRDA:144,5,0,0
BRDA:144,5,1,0
BRDA:166,6,0,0
BRDA:166,6,1,0
BRDA:190,7,0,0
BRDA:190,7,1,0
BRDA:190,8,0,0
BRDA:190,8,1,0
BRDA:191,9,0,0
BRDA:191,9,1,0
BRDA:219,10,0,0
BRDA:219,10,1,0
BRDA:227,11,0,0
BRDA:227,11,1,11
BRDA:234,12,0,0
BRDA:234,12,1,10
BRDA:243,13,0,29
BRDA:243,13,1,11
BRDA:243,13,2,18
BRDA:243,13,3,18
BRDA:249,14,0,29
BRDA:249,14,1,18
BRDA:275,15,0,29
BRDA:275,15,1,18
BRDA:281,16,0,0
BRDA:281,16,1,29
BRDA:283,17,0,18
BRDA:283,17,1,11
BRDA:292,18,0,0
BRDA:292,18,1,29
BRDA:294,19,0,18
BRDA:294,19,1,11
BRF:42
BRH:19
end_of_record
TN:
SF:lib/sentry.ts
FN:12,(anonymous_0)
FN:56,(anonymous_1)
FN:64,(anonymous_2)
FN:110,(anonymous_3)
FN:123,(anonymous_4)
FN:133,(anonymous_5)
FN:146,(anonymous_6)
FN:154,(anonymous_7)
FN:155,(anonymous_8)
FN:164,(anonymous_9)
FN:165,(anonymous_10)
FNF:11
FNH:2
FNDA:0,(anonymous_0)
FNDA:0,(anonymous_1)
FNDA:0,(anonymous_2)
FNDA:10,(anonymous_3)
FNDA:0,(anonymous_4)
FNDA:10,(anonymous_5)
FNDA:0,(anonymous_6)
FNDA:0,(anonymous_7)
FNDA:0,(anonymous_8)
FNDA:0,(anonymous_9)
FNDA:0,(anonymous_10)
DA:12,5
DA:13,0
DA:16,0
DA:17,0
DA:18,0
DA:22,0
DA:23,0
DA:24,0
DA:27,0
DA:58,0
DA:59,0
DA:63,0
DA:64,0
DA:65,0
DA:67,0
DA:68,0
DA:69,0
DA:71,0
DA:76,0
DA:77,0
DA:78,0
DA:81,0
DA:102,0
DA:110,5
DA:111,10
DA:112,10
DA:114,0
DA:123,5
DA:124,0
DA:133,5
DA:134,10
DA:146,5
DA:147,0
DA:154,5
DA:155,0
DA:156,0
DA:164,5
DA:165,0
DA:166,0
LF:39
LH:10
BRDA:16,0,0,0
BRDA:16,0,1,0
BRDA:16,1,0,0
BRDA:16,1,1,0
BRDA:22,2,0,0
BRDA:22,2,1,0
BRDA:22,3,0,0
BRDA:22,3,1,0
BRDA:31,4,0,0
BRDA:31,4,1,0
BRDA:34,5,0,0
BRDA:34,5,1,0
BRDA:58,6,0,0
BRDA:58,6,1,0
BRDA:58,7,0,0
BRDA:58,7,1,0
BRDA:63,8,0,0
BRDA:63,8,1,0
BRDA:65,9,0,0
BRDA:65,9,1,0
BRDA:76,10,0,0
BRDA:76,10,1,0
BRDA:102,11,0,0
BRDA:102,11,1,0
BRDA:111,12,0,10
BRDA:111,12,1,0
BRDA:123,13,0,0
BRDA:133,14,0,0
BRF:28
BRH:1
end_of_record
TN:
SF:lib/trpc.ts
FN:8,(anonymous_0)
FNF:1
FNH:1
FNDA:3,(anonymous_0)
DA:6,3
DA:8,3
DA:9,3
DA:10,2
DA:13,1
DA:18,3
LF:6
LH:6
BRDA:9,0,0,2
BRDA:9,0,1,1
BRF:2
BRH:2
end_of_record
TN:
SF:utils/contractParser.ts
FN:3,(anonymous_0)
FN:5,initialContractData
FN:49,parseContractSource
FN:162,applyParsedToState
FNF:4
FNH:4
FNDA:10,(anonymous_0)
FNDA:70,initialContractData
FNDA:11,parseContractSource
FNDA:4,applyParsedToState
DA:3,10
DA:6,70
DA:50,11
DA:51,11
DA:52,11
DA:54,11
DA:55,11
DA:56,11
DA:59,11
DA:60,11
DA:61,0
DA:62,0
DA:65,11
DA:66,11
DA:69,11
DA:70,10
DA:73,11
DA:74,1
DA:75,10
DA:76,0
DA:79,11
DA:80,0
DA:81,11
DA:82,1
DA:85,11
DA:86,0
DA:87,11
DA:88,0
DA:91,11
DA:92,0
DA:93,11
DA:94,0
DA:97,11
DA:98,11
DA:100,11
DA:101,11
DA:103,11
DA:104,11
DA:106,11
DA:107,11
DA:109,11
DA:110,11
DA:112,11
DA:113,11
DA:115,11
DA:116,11
DA:118,11
DA:120,11
DA:121,11
DA:124,11
DA:125,11
DA:127,11
DA:128,11
DA:129,1
DA:130,1
DA:131,1
DA:132,1
DA:133,0
DA:134,0
DA:138,11
DA:141,11
DA:143,11
DA:144,11
DA:145,11
DA:146,11
DA:147,11
DA:148,2
DA:149,2
DA:150,2
DA:151,2
DA:153,11
DA:154,11
DA:156,0
DA:159,11
DA:163,4
DA:164,4
DA:166,4
DA:167,4
DA:168,4
DA:169,4
DA:171,4
DA:172,4
DA:173,4
DA:174,4
DA:176,4
DA:177,4
DA:178,4
DA:179,4
DA:180,4
DA:181,4
DA:182,4
DA:184,4
DA:185,4
DA:186,4
DA:187,4
DA:188,4
DA:190,4
DA:191,4
DA:193,4
DA:194,4
DA:196,4
LF:101
LH:90
BRDA:3,0,0,10
BRDA:3,0,1,0
BRDA:50,1,0,11
BRDA:50,1,1,0
BRDA:56,2,0,2
BRDA:56,2,1,9
BRDA:60,3,0,0
BRDA:60,3,1,11
BRDA:66,4,0,2
BRDA:66,4,1,9
BRDA:69,5,0,1
BRDA:69,5,1,10
BRDA:70,6,0,1
BRDA:70,6,1,9
BRDA:73,7,0,1
BRDA:73,7,1,10
BRDA:75,8,0,0
BRDA:75,8,1,10
BRDA:79,9,0,0
BRDA:79,9,1,11
BRDA:81,10,0,1
BRDA:81,10,1,10
BRDA:85,11,0,0
BRDA:85,11,1,11
BRDA:87,12,0,0
BRDA:87,12,1,11
BRDA:91,13,0,0
BRDA:91,13,1,11
BRDA:91,14,0,11
BRDA:91,14,1,11
BRDA:93,15,0,0
BRDA:93,15,1,11
BRDA:97,16,0,11
BRDA:97,16,1,9
BRDA:98,17,0,2
BRDA:98,17,1,9
BRDA:101,18,0,0
BRDA:101,18,1,11
BRDA:104,19,0,0
BRDA:104,19,1,11
BRDA:107,20,0,0
BRDA:107,20,1,11
BRDA:110,21,0,0
BRDA:110,21,1,11
BRDA:113,22,0,0
BRDA:113,22,1,11
BRDA:113,23,0,11
BRDA:113,23,1,0
BRDA:116,24,0,0
BRDA:116,24,1,11
BRDA:118,25,0,0
BRDA:118,25,1,11
BRDA:118,26,0,11
BRDA:118,26,1,11
BRDA:120,27,0,11
BRDA:120,27,1,10
BRDA:121,28,0,1
BRDA:121,28,1,10
BRDA:125,29,0,1
BRDA:125,29,1,10
BRDA:128,30,0,1
BRDA:128,30,1,10
BRDA:131,31,0,1
BRDA:131,31,1,0
BRDA:132,32,0,0
BRDA:132,32,1,1
BRDA:138,33,0,0
BRDA:138,33,1,11
BRDA:141,34,0,2
BRDA:141,34,1,9
BRDA:144,35,0,0
BRDA:144,35,1,11
BRDA:145,36,0,0
BRDA:145,36,1,11
BRDA:146,37,0,2
BRDA:146,37,1,9
BRDA:147,38,0,2
BRDA:147,38,1,9
BRDA:147,39,0,11
BRDA:147,39,1,10
BRDA:147,39,2,9
BRDA:148,40,0,2
BRDA:148,40,1,1
BRDA:149,41,0,2
BRDA:149,41,1,1
BRDA:150,42,0,2
BRDA:150,42,1,1
BRDA:153,43,0,0
BRDA:153,43,1,11
BRDA:154,44,0,0
BRDA:154,44,1,11
BRDA:166,45,0,2
BRDA:166,45,1,2
BRDA:166,46,0,2
BRDA:166,46,1,0
BRDA:167,47,0,0
BRDA:167,47,1,4
BRDA:167,48,0,0
BRDA:167,48,1,0
BRDA:168,49,0,0
BRDA:168,49,1,4
BRDA:168,50,0,0
BRDA:168,50,1,0
BRDA:169,51,0,0
BRDA:169,51,1,4
BRDA:169,52,0,0
BRDA:169,52,1,0
BRDA:171,53,0,0
BRDA:171,53,1,4
BRDA:172,54,0,0
BRDA:172,54,1,4
BRDA:173,55,0,0
BRDA:173,55,1,4
BRDA:174,56,0,0
BRDA:174,56,1,4
BRDA:176,57,0,1
BRDA:176,57,1,3
BRDA:176,58,0,1
BRDA:176,58,1,0
BRDA:177,59,0,0
BRDA:177,59,1,4
BRDA:177,60,0,0
BRDA:177,60,1,0
BRDA:178,61,0,0
BRDA:178,61,1,4
BRDA:178,62,0,0
BRDA:178,62,1,0
BRDA:179,63,0,0
BRDA:179,63,1,4
BRDA:179,64,0,0
BRDA:179,64,1,0
BRDA:180,65,0,0
BRDA:180,65,1,4
BRDA:180,66,0,0
BRDA:180,66,1,0
BRDA:181,67,0,0
BRDA:181,67,1,4
BRDA:181,68,0,0
BRDA:181,68,1,0
BRDA:182,69,0,0
BRDA:182,69,1,4
BRDA:182,70,0,0
BRDA:182,70,1,0
BRDA:184,71,0,0
BRDA:184,71,1,4
BRDA:185,72,0,0
BRDA:185,72,1,4
BRDA:185,73,0,0
BRDA:185,73,1,0
BRDA:186,74,0,0
BRDA:186,74,1,4
BRDA:186,75,0,0
BRDA:186,75,1,0
BRDA:187,76,0,0
BRDA:187,76,1,4
BRDA:187,77,0,0
BRDA:187,77,1,0
BRDA:188,78,0,0
BRDA:188,78,1,4
BRDA:190,79,0,0
BRDA:190,79,1,4
BRDA:190,80,0,4
BRDA:190,80,1,0
BRDA:191,81,0,0
BRDA:191,81,1,4
BRDA:191,82,0,0
BRDA:191,82,1,0
BRDA:194,83,0,2
BRDA:194,83,1,2
BRF:169
BRH:96
end_of_record
