TN:
SF:app/+not-found.tsx
FN:5,NotFoundScreen
FNF:1
FNH:0
FNDA:0,NotFoundScreen
DA:6,0
DA:19,0
LF:2
LH:0
BRF:0
BRH:0
end_of_record
TN:
SF:app/_layout.tsx
FN:19,RootLayoutNav
FN:34,RootLayout
FN:35,(anonymous_2)
FNF:3
FNH:0
FNDA:0,RootLayoutNav
FNDA:0,RootLayout
FNDA:0,(anonymous_2)
DA:13,0
DA:15,0
DA:17,0
DA:20,0
DA:22,0
DA:35,0
DA:36,0
DA:39,0
DA:52,0
LF:9
LH:0
BRF:0
BRH:0
end_of_record
TN:
SF:app/modal.tsx
FN:5,ModalScreen
FN:7,(anonymous_1)
FN:8,(anonymous_2)
FN:12,(anonymous_3)
FNF:4
FNH:0
FNDA:0,ModalScreen
FNDA:0,(anonymous_1)
FNDA:0,(anonymous_2)
FNDA:0,(anonymous_3)
DA:6,0
DA:7,0
DA:8,0
DA:12,0
DA:22,0
LF:5
LH:0
BRDA:17,0,0,0
BRDA:17,0,1,0
BRF:2
BRH:0
end_of_record
TN:
SF:app/(tabs)/_layout.tsx
FN:6,TabLayout
FN:20,(anonymous_1)
FNF:2
FNH:0
FNDA:0,TabLayout
FNDA:0,(anonymous_1)
DA:7,0
DA:20,0
LF:2
LH:0
BRF:0
BRH:0
end_of_record
TN:
SF:app/(tabs)/contract.tsx
FN:16,ContractScreen
FN:23,(anonymous_1)
FN:38,(anonymous_2)
FN:42,(anonymous_3)
FN:60,(anonymous_4)
FN:66,(anonymous_5)
FN:67,(anonymous_6)
FN:83,(anonymous_7)
FN:86,(anonymous_8)
FN:134,(anonymous_9)
FN:140,(anonymous_10)
FN:143,(anonymous_11)
FN:152,(anonymous_12)
FN:158,(anonymous_13)
FN:170,(anonymous_14)
FN:176,(anonymous_15)
FN:182,(anonymous_16)
FN:188,(anonymous_17)
FN:198,(anonymous_18)
FN:204,(anonymous_19)
FN:207,(anonymous_20)
FN:214,(anonymous_21)
FN:219,(anonymous_22)
FN:234,(anonymous_23)
FN:240,(anonymous_24)
FN:246,(anonymous_25)
FN:255,(anonymous_26)
FN:260,(anonymous_27)
FN:275,(anonymous_28)
FN:280,(anonymous_29)
FN:300,(anonymous_30)
FN:306,(anonymous_31)
FN:315,(anonymous_32)
FN:321,(anonymous_33)
FN:329,(anonymous_34)
FN:335,(anonymous_35)
FN:344,(anonymous_36)
FN:350,(anonymous_37)
FN:358,(anonymous_38)
FN:370,(anonymous_39)
FN:376,(anonymous_40)
FN:382,(anonymous_41)
FN:388,(anonymous_42)
FN:394,(anonymous_43)
FN:400,(anonymous_44)
FN:406,(anonymous_45)
FN:421,(anonymous_46)
FN:427,(anonymous_47)
FN:435,(anonymous_48)
FN:442,(anonymous_49)
FN:455,(anonymous_50)
FN:461,(anonymous_51)
FN:469,(anonymous_52)
FN:478,(anonymous_53)
FN:484,(anonymous_54)
FN:495,(anonymous_55)
FN:501,(anonymous_56)
FN:507,(anonymous_57)
FN:517,(anonymous_58)
FNF:59
FNH:35
FNDA:63,ContractScreen
FNDA:3,(anonymous_1)
FNDA:1,(anonymous_2)
FNDA:2,(anonymous_3)
FNDA:1,(anonymous_4)
FNDA:27,(anonymous_5)
FNDA:0,(anonymous_6)
FNDA:2,(anonymous_7)
FNDA:2,(anonymous_8)
FNDA:2,(anonymous_9)
FNDA:2,(anonymous_10)
FNDA:0,(anonymous_11)
FNDA:1,(anonymous_12)
FNDA:0,(anonymous_13)
FNDA:1,(anonymous_14)
FNDA:1,(anonymous_15)
FNDA:0,(anonymous_16)
FNDA:0,(anonymous_17)
FNDA:0,(anonymous_18)
FNDA:0,(anonymous_19)
FNDA:0,(anonymous_20)
FNDA:0,(anonymous_21)
FNDA:0,(anonymous_22)
FNDA:1,(anonymous_23)
FNDA:1,(anonymous_24)
FNDA:1,(anonymous_25)
FNDA:0,(anonymous_26)
FNDA:0,(anonymous_27)
FNDA:0,(anonymous_28)
FNDA:0,(anonymous_29)
FNDA:0,(anonymous_30)
FNDA:0,(anonymous_31)
FNDA:1,(anonymous_32)
FNDA:1,(anonymous_33)
FNDA:1,(anonymous_34)
FNDA:1,(anonymous_35)
FNDA:1,(anonymous_36)
FNDA:1,(anonymous_37)
FNDA:0,(anonymous_38)
FNDA:0,(anonymous_39)
FNDA:0,(anonymous_40)
FNDA:0,(anonymous_41)
FNDA:0,(anonymous_42)
FNDA:0,(anonymous_43)
FNDA:0,(anonymous_44)
FNDA:0,(anonymous_45)
FNDA:1,(anonymous_46)
FNDA:1,(anonymous_47)
FNDA:1,(anonymous_48)
FNDA:1,(anonymous_49)
FNDA:1,(anonymous_50)
FNDA:1,(anonymous_51)
FNDA:1,(anonymous_52)
FNDA:1,(anonymous_53)
FNDA:1,(anonymous_54)
FNDA:1,(anonymous_55)
FNDA:1,(anonymous_56)
FNDA:2,(anonymous_57)
FNDA:1,(anonymous_58)
DA:17,63
DA:18,63
DA:19,63
DA:20,63
DA:21,63
DA:23,63
DA:24,3
DA:25,3
DA:26,2
DA:27,2
DA:28,1
DA:30,2
DA:31,2
DA:33,1
DA:34,1
DA:38,63
DA:39,1
DA:42,63
DA:43,2
DA:44,2
DA:46,2
DA:47,2
DA:48,1
DA:49,1
DA:50,0
DA:52,1
DA:53,1
DA:55,1
DA:56,1
DA:60,63
DA:61,1
DA:62,1
DA:65,63
DA:67,27
DA:68,0
DA:77,27
DA:78,27
DA:83,63
DA:84,2
DA:85,2
DA:86,2
DA:87,2
DA:89,0
DA:91,2
DA:95,63
DA:134,2
DA:140,2
DA:143,0
DA:152,1
DA:158,0
DA:170,1
DA:176,1
DA:182,0
DA:188,0
DA:198,0
DA:204,0
DA:207,0
DA:214,0
DA:219,0
DA:234,1
DA:240,1
DA:246,1
DA:255,0
DA:260,0
DA:275,0
DA:280,0
DA:300,0
DA:306,0
DA:315,1
DA:321,1
DA:329,1
DA:335,1
DA:344,1
DA:350,1
DA:358,0
DA:370,0
DA:376,0
DA:382,0
DA:388,0
DA:394,0
DA:400,0
DA:406,0
DA:421,1
DA:427,1
DA:435,1
DA:442,1
DA:455,1
DA:461,1
DA:469,1
DA:478,1
DA:484,1
DA:495,1
DA:501,1
DA:507,2
DA:533,1
DA:622,1
LF:96
LH:70
BRDA:27,0,0,1
BRDA:27,0,1,1
BRDA:27,1,0,2
BRDA:27,1,1,1
BRDA:49,2,0,0
BRDA:49,2,1,1
BRDA:49,3,0,1
BRDA:49,3,1,1
BRDA:69,4,0,0
BRDA:69,4,1,0
BRDA:122,5,0,3
BRDA:122,5,1,60
BRDA:152,6,0,1
BRDA:152,6,1,0
BRDA:158,7,0,0
BRDA:158,7,1,0
BRDA:455,8,0,1
BRDA:455,8,1,0
BRDA:461,9,0,1
BRDA:461,9,1,0
BRDA:478,10,0,1
BRDA:478,10,1,0
BRDA:484,11,0,1
BRDA:484,11,1,0
BRDA:521,12,0,2
BRDA:521,12,1,61
BRF:26
BRH:16
end_of_record
TN:
SF:app/(tabs)/dashboard.tsx
FN:50,(anonymous_0)
FN:62,(anonymous_1)
FN:71,(anonymous_2)
FN:86,(anonymous_3)
FN:106,DashboardScreen
FN:109,(anonymous_5)
FN:113,(anonymous_6)
FN:123,(anonymous_7)
FN:215,(anonymous_8)
FN:221,(anonymous_9)
FN:227,(anonymous_10)
FN:245,(anonymous_11)
FN:251,(anonymous_12)
FN:257,(anonymous_13)
FNF:14
FNH:14
FNDA:80,(anonymous_0)
FNDA:60,(anonymous_1)
FNDA:60,(anonymous_2)
FNDA:20,(anonymous_3)
FNDA:20,DashboardScreen
FNDA:3,(anonymous_5)
FNDA:3,(anonymous_6)
FNDA:20,(anonymous_7)
FNDA:1,(anonymous_8)
FNDA:1,(anonymous_9)
FNDA:1,(anonymous_10)
FNDA:1,(anonymous_11)
FNDA:1,(anonymous_12)
FNDA:1,(anonymous_13)
DA:50,1
DA:51,80
DA:62,1
DA:63,60
DA:71,1
DA:72,60
DA:86,1
DA:88,20
DA:107,20
DA:109,20
DA:110,3
DA:113,20
DA:114,3
DA:117,20
DA:124,20
DA:215,1
DA:221,1
DA:227,1
DA:245,1
DA:251,1
DA:257,1
DA:268,1
LF:22
LH:22
BRF:0
BRH:0
end_of_record
TN:
SF:app/(tabs)/index.tsx
FN:20,VoiceFillScreen
FN:34,(anonymous_1)
FN:84,(anonymous_2)
FN:91,(anonymous_3)
FN:97,(anonymous_4)
FN:110,(anonymous_5)
FN:110,HeaderRight
FN:155,(anonymous_7)
FN:167,(anonymous_8)
FN:181,(anonymous_9)
FN:194,(anonymous_10)
FN:206,(anonymous_11)
FN:218,(anonymous_12)
FN:237,(anonymous_13)
FN:275,(anonymous_14)
FN:281,(anonymous_15)
FN:286,(anonymous_16)
FN:293,(anonymous_17)
FNF:18
FNH:14
FNDA:69,VoiceFillScreen
FNDA:10,(anonymous_1)
FNDA:1,(anonymous_2)
FNDA:6,(anonymous_3)
FNDA:3,(anonymous_4)
FNDA:32,(anonymous_5)
FNDA:0,HeaderRight
FNDA:4,(anonymous_7)
FNDA:3,(anonymous_8)
FNDA:1,(anonymous_9)
FNDA:1,(anonymous_10)
FNDA:1,(anonymous_11)
FNDA:1,(anonymous_12)
FNDA:13,(anonymous_13)
FNDA:0,(anonymous_14)
FNDA:0,(anonymous_15)
FNDA:1,(anonymous_16)
FNDA:0,(anonymous_17)
DA:21,69
DA:22,69
DA:23,69
DA:24,69
DA:32,69
DA:34,69
DA:35,10
DA:36,10
DA:37,10
DA:38,10
DA:40,10
DA:42,10
DA:43,10
DA:45,10
DA:47,10
DA:63,8
DA:64,1
DA:67,3
DA:69,3
DA:70,3
DA:71,3
DA:73,3
DA:74,2
DA:75,2
DA:84,1
DA:87,0
DA:90,6
DA:91,6
DA:93,9
DA:97,69
DA:98,3
DA:106,3
DA:109,69
DA:110,32
DA:111,0
DA:120,69
DA:155,4
DA:167,3
DA:181,1
DA:194,1
DA:206,1
DA:218,1
DA:237,13
DA:275,0
DA:281,0
DA:287,1
DA:288,1
DA:293,0
DA:306,2
LF:49
LH:44
BRDA:42,0,0,10
BRDA:42,0,1,0
BRDA:63,1,0,1
BRDA:63,1,1,3
BRDA:69,2,0,3
BRDA:69,2,1,0
BRDA:69,3,0,3
BRDA:69,3,1,3
BRDA:73,4,0,2
BRDA:73,4,1,1
BRDA:76,5,0,2
BRDA:76,5,1,1
BRDA:77,6,0,2
BRDA:77,6,1,0
BRDA:78,7,0,2
BRDA:78,7,1,1
BRDA:79,8,0,2
BRDA:79,8,1,1
BRDA:80,9,0,2
BRDA:80,9,1,1
BRDA:81,10,0,2
BRDA:81,10,1,2
BRDA:142,11,0,69
BRDA:142,11,1,10
BRDA:244,12,0,1
BRDA:244,12,1,68
BRDA:250,13,0,69
BRDA:250,13,1,10
BRDA:287,14,0,1
BRDA:287,14,1,0
BRDA:287,15,0,1
BRDA:287,15,1,1
BRF:32
BRH:28
end_of_record
TN:
SF:backend/hono.ts
FN:20,(anonymous_0)
FNF:1
FNH:0
FNDA:0,(anonymous_0)
DA:7,0
DA:9,0
DA:11,0
DA:20,0
DA:21,0
LF:5
LH:0
BRF:0
BRH:0
end_of_record
TN:
SF:backend/api/gemini-proxy.ts
FN:26,POST
FN:119,handler
FNF:2
FNH:0
FNDA:0,POST
FNDA:0,handler
DA:27,0
DA:29,0
DA:31,0
DA:32,0
DA:39,0
DA:41,0
DA:42,0
DA:43,0
DA:50,0
DA:52,0
DA:66,0
DA:77,0
DA:78,0
DA:79,0
DA:82,0
DA:88,0
DA:91,0
DA:92,0
DA:93,0
DA:100,0
DA:102,0
DA:109,0
DA:111,0
DA:120,0
DA:121,0
DA:124,0
LF:26
LH:0
BRDA:31,0,0,0
BRDA:31,0,1,0
BRDA:31,1,0,0
BRDA:31,1,1,0
BRDA:41,2,0,0
BRDA:41,2,1,0
BRDA:60,3,0,0
BRDA:60,3,1,0
BRDA:61,4,0,0
BRDA:61,4,1,0
BRDA:62,5,0,0
BRDA:62,5,1,0
BRDA:71,6,0,0
BRDA:71,6,1,0
BRDA:72,7,0,0
BRDA:72,7,1,0
BRDA:77,8,0,0
BRDA:77,8,1,0
BRDA:91,9,0,0
BRDA:91,9,1,0
BRDA:91,10,0,0
BRDA:91,10,1,0
BRDA:91,10,2,0
BRDA:120,11,0,0
BRDA:120,11,1,0
BRF:25
BRH:0
end_of_record
TN:
SF:backend/trpc/app-router.ts
FNF:0
FNH:0
DA:4,0
LF:1
LH:0
BRF:0
BRH:0
end_of_record
TN:
SF:backend/trpc/create-context.ts
FN:13,(anonymous_0)
FN:28,getUserFromToken
FN:49,(anonymous_2)
FN:65,(anonymous_3)
FNF:4
FNH:0
FNDA:0,(anonymous_0)
FNDA:0,getUserFromToken
FNDA:0,(anonymous_2)
FNDA:0,(anonymous_3)
DA:13,0
DA:15,0
DA:19,0
DA:21,0
DA:29,0
DA:39,0
DA:44,0
DA:49,0
DA:50,0
DA:51,0
DA:56,0
DA:65,0
DA:66,0
DA:67,0
DA:69,0
DA:70,0
DA:75,0
DA:83,0
DA:86,0
DA:89,0
DA:92,0
LF:21
LH:0
BRDA:29,0,0,0
BRDA:29,0,1,0
BRDA:50,1,0,0
BRDA:50,1,1,0
BRDA:66,2,0,0
BRDA:66,2,1,0
BRDA:69,3,0,0
BRDA:69,3,1,0
BRF:8
BRH:0
end_of_record
TN:
SF:backend/trpc/routes/example/hi/route.ts
FN:6,(anonymous_0)
FNF:1
FNH:0
FNDA:0,(anonymous_0)
DA:7,0
LF:1
LH:0
BRF:0
BRH:0
end_of_record
TN:
SF:components/Card.tsx
FN:4,CardComponent
FNF:1
FNH:1
FNDA:374,CardComponent
DA:5,374
DA:14,5
LF:2
LH:2
BRF:0
BRH:0
end_of_record
TN:
SF:components/ErrorBoundary.tsx
FN:9,(anonymous_0)
FN:14,(anonymous_1)
FN:18,(anonymous_2)
FN:36,(anonymous_3)
FN:40,(anonymous_4)
FNF:5
FNH:5
FNDA:94,(anonymous_0)
FNDA:18,(anonymous_1)
FNDA:10,(anonymous_2)
FNDA:1,(anonymous_3)
FNDA:189,(anonymous_4)
DA:10,94
DA:11,94
DA:15,18
DA:19,10
DA:22,10
DA:29,10
DA:36,94
DA:37,1
DA:41,189
DA:42,18
DA:52,171
DA:56,5
LF:12
LH:12
BRDA:15,0,0,18
BRDA:15,0,1,2
BRDA:41,1,0,18
BRDA:41,1,1,171
BRF:4
BRH:4
end_of_record
TN:
SF:components/FloatingAIAssistant.tsx
FN:59,FloatingAIAssistant
FN:82,(anonymous_1)
FN:95,(anonymous_2)
FN:106,(anonymous_3)
FN:117,(anonymous_4)
FN:127,(anonymous_5)
FN:131,(anonymous_6)
FN:140,(anonymous_7)
FN:209,(anonymous_8)
FN:220,(anonymous_9)
FN:249,(anonymous_10)
FN:268,(anonymous_11)
FN:274,(anonymous_12)
FN:309,(anonymous_13)
FN:319,(anonymous_14)
FN:320,(anonymous_15)
FN:320,(anonymous_16)
FN:368,(anonymous_17)
FN:394,(anonymous_18)
FN:411,(anonymous_19)
FN:427,(anonymous_20)
FN:470,(anonymous_21)
FN:474,(anonymous_22)
FN:488,(anonymous_23)
FN:495,(anonymous_24)
FNF:25
FNH:10
FNDA:15,FloatingAIAssistant
FNDA:1,(anonymous_1)
FNDA:1,(anonymous_2)
FNDA:1,(anonymous_3)
FNDA:0,(anonymous_4)
FNDA:0,(anonymous_5)
FNDA:1,(anonymous_6)
FNDA:2,(anonymous_7)
FNDA:1,(anonymous_8)
FNDA:1,(anonymous_9)
FNDA:0,(anonymous_10)
FNDA:1,(anonymous_11)
FNDA:0,(anonymous_12)
FNDA:0,(anonymous_13)
FNDA:0,(anonymous_14)
FNDA:0,(anonymous_15)
FNDA:0,(anonymous_16)
FNDA:0,(anonymous_17)
FNDA:0,(anonymous_18)
FNDA:19,(anonymous_19)
FNDA:0,(anonymous_20)
FNDA:0,(anonymous_21)
FNDA:0,(anonymous_22)
FNDA:0,(anonymous_23)
FNDA:0,(anonymous_24)
DA:60,15
DA:61,15
DA:71,15
DA:72,15
DA:73,15
DA:74,15
DA:75,15
DA:76,15
DA:78,15
DA:79,15
DA:80,15
DA:82,15
DA:83,1
DA:85,1
DA:92,1
DA:95,15
DA:96,1
DA:98,1
DA:99,1
DA:100,1
DA:106,1
DA:108,0
DA:109,0
DA:113,0
DA:117,15
DA:118,0
DA:120,0
DA:121,0
DA:127,0
DA:128,0
DA:131,15
DA:132,1
DA:133,1
DA:134,1
DA:135,0
DA:137,1
DA:140,1
DA:142,2
DA:143,0
DA:149,2
DA:155,1
DA:162,1
DA:164,1
DA:175,1
DA:177,0
DA:178,0
DA:179,0
DA:184,0
DA:185,0
DA:187,0
DA:188,0
DA:190,0
DA:192,0
DA:193,0
DA:195,0
DA:198,1
DA:199,1
DA:205,1
DA:209,15
DA:210,1
DA:212,1
DA:220,1
DA:221,1
DA:222,1
DA:223,1
DA:225,1
DA:227,1
DA:230,1
DA:231,0
DA:237,0
DA:240,1
DA:242,0
DA:249,0
DA:251,1
DA:252,1
DA:258,1
DA:262,1
DA:268,1
DA:270,1
DA:274,15
DA:275,0
DA:276,0
DA:279,0
DA:280,0
DA:281,0
DA:282,0
DA:283,0
DA:285,0
DA:293,0
DA:302,0
DA:303,0
DA:304,0
DA:309,0
DA:312,0
DA:313,0
DA:315,0
DA:319,15
DA:320,0
DA:323,15
DA:328,15
DA:333,15
DA:368,0
DA:394,0
DA:412,19
DA:428,0
DA:471,0
DA:474,0
DA:488,0
DA:495,0
DA:557,1
LF:110
LH:61
BRDA:65,0,0,3
BRDA:65,0,1,12
BRDA:73,1,0,15
BRDA:73,1,1,12
BRDA:83,2,0,0
BRDA:83,2,1,1
BRDA:96,3,0,0
BRDA:96,3,1,1
BRDA:109,4,0,0
BRDA:109,4,1,0
BRDA:118,5,0,0
BRDA:118,5,1,0
BRDA:134,6,0,0
BRDA:134,6,1,1
BRDA:142,7,0,0
BRDA:142,7,1,2
BRDA:142,8,0,2
BRDA:142,8,1,0
BRDA:145,9,0,0
BRDA:145,9,1,0
BRDA:151,10,0,2
BRDA:151,10,1,0
BRDA:169,11,0,1
BRDA:169,11,1,1
BRDA:170,12,0,1
BRDA:170,12,1,1
BRDA:177,13,0,0
BRDA:177,13,1,0
BRDA:192,14,0,0
BRDA:192,14,1,0
BRDA:192,15,0,0
BRDA:192,15,1,0
BRDA:192,15,2,0
BRDA:199,16,0,1
BRDA:199,16,1,0
BRDA:210,17,0,0
BRDA:210,17,1,1
BRDA:210,18,0,1
BRDA:210,18,1,0
BRDA:216,19,0,0
BRDA:216,19,1,1
BRDA:230,20,0,0
BRDA:230,20,1,1
BRDA:234,21,0,0
BRDA:234,21,1,0
BRDA:252,22,0,1
BRDA:252,22,1,0
BRDA:274,23,0,0
BRDA:279,24,0,0
BRDA:279,24,1,0
BRDA:281,25,0,0
BRDA:281,25,1,0
BRDA:302,26,0,0
BRDA:302,26,1,0
BRDA:302,27,0,0
BRDA:302,27,1,0
BRDA:306,28,0,0
BRDA:306,28,1,0
BRDA:307,29,0,0
BRDA:307,29,1,0
BRDA:341,30,0,1
BRDA:341,30,1,14
BRDA:357,31,0,15
BRDA:357,31,1,3
BRDA:379,32,0,15
BRDA:379,32,1,0
BRDA:379,32,2,0
BRDA:416,33,0,2
BRDA:416,33,1,17
BRDA:422,34,0,2
BRDA:422,34,1,17
BRDA:425,35,0,19
BRDA:425,35,1,0
BRDA:425,35,2,0
BRDA:437,36,0,19
BRDA:437,36,1,19
BRDA:441,37,0,2
BRDA:441,37,1,17
BRDA:451,38,0,15
BRDA:451,38,1,1
BRDA:467,39,0,15
BRDA:467,39,1,0
BRDA:517,40,0,15
BRDA:517,40,1,13
BRDA:517,40,2,13
BRDA:519,41,0,15
BRDA:519,41,1,13
BRDA:523,42,0,2
BRDA:523,42,1,13
BRDA:523,43,0,15
BRDA:523,43,1,13
BRDA:540,44,0,1
BRDA:540,44,1,14
BRF:93
BRH:48
end_of_record
TN:
SF:components/FloatingAINavbar.tsx
FN:56,FloatingAINavbar
FN:92,(anonymous_1)
FN:109,(anonymous_2)
FN:118,(anonymous_3)
FN:127,(anonymous_4)
FN:144,(anonymous_5)
FN:162,(anonymous_6)
FN:167,(anonymous_7)
FN:168,(anonymous_8)
FN:193,(anonymous_9)
FN:199,(anonymous_10)
FN:202,(anonymous_11)
FN:205,(anonymous_12)
FN:209,(anonymous_13)
FN:210,(anonymous_14)
FN:214,(anonymous_15)
FN:221,(anonymous_16)
FN:250,(anonymous_17)
FN:274,(anonymous_18)
FN:281,(anonymous_19)
FN:296,(anonymous_20)
FN:304,(anonymous_21)
FN:309,(anonymous_22)
FN:318,(anonymous_23)
FN:327,(anonymous_24)
FN:334,(anonymous_25)
FN:343,(anonymous_26)
FN:344,(anonymous_27)
FN:353,(anonymous_28)
FN:411,(anonymous_29)
FN:421,(anonymous_30)
FN:422,(anonymous_31)
FN:440,(anonymous_32)
FN:458,(anonymous_33)
FN:475,(anonymous_34)
FN:572,(anonymous_35)
FN:574,(anonymous_36)
FN:581,(anonymous_37)
FN:592,(anonymous_38)
FN:605,(anonymous_39)
FN:609,(anonymous_40)
FN:616,(anonymous_41)
FN:644,(anonymous_42)
FN:651,(anonymous_43)
FN:659,(anonymous_44)
FN:663,(anonymous_45)
FN:686,(anonymous_46)
FN:739,(anonymous_47)
FN:795,(anonymous_48)
FNF:49
FNH:0
FNDA:0,FloatingAINavbar
FNDA:0,(anonymous_1)
FNDA:0,(anonymous_2)
FNDA:0,(anonymous_3)
FNDA:0,(anonymous_4)
FNDA:0,(anonymous_5)
FNDA:0,(anonymous_6)
FNDA:0,(anonymous_7)
FNDA:0,(anonymous_8)
FNDA:0,(anonymous_9)
FNDA:0,(anonymous_10)
FNDA:0,(anonymous_11)
FNDA:0,(anonymous_12)
FNDA:0,(anonymous_13)
FNDA:0,(anonymous_14)
FNDA:0,(anonymous_15)
FNDA:0,(anonymous_16)
FNDA:0,(anonymous_17)
FNDA:0,(anonymous_18)
FNDA:0,(anonymous_19)
FNDA:0,(anonymous_20)
FNDA:0,(anonymous_21)
FNDA:0,(anonymous_22)
FNDA:0,(anonymous_23)
FNDA:0,(anonymous_24)
FNDA:0,(anonymous_25)
FNDA:0,(anonymous_26)
FNDA:0,(anonymous_27)
FNDA:0,(anonymous_28)
FNDA:0,(anonymous_29)
FNDA:0,(anonymous_30)
FNDA:0,(anonymous_31)
FNDA:0,(anonymous_32)
FNDA:0,(anonymous_33)
FNDA:0,(anonymous_34)
FNDA:0,(anonymous_35)
FNDA:0,(anonymous_36)
FNDA:0,(anonymous_37)
FNDA:0,(anonymous_38)
FNDA:0,(anonymous_39)
FNDA:0,(anonymous_40)
FNDA:0,(anonymous_41)
FNDA:0,(anonymous_42)
FNDA:0,(anonymous_43)
FNDA:0,(anonymous_44)
FNDA:0,(anonymous_45)
FNDA:0,(anonymous_46)
FNDA:0,(anonymous_47)
FNDA:0,(anonymous_48)
DA:31,0
DA:32,0
DA:33,0
DA:35,0
DA:52,0
DA:53,0
DA:54,0
DA:57,0
DA:58,0
DA:61,0
DA:62,0
DA:63,0
DA:64,0
DA:65,0
DA:66,0
DA:67,0
DA:68,0
DA:69,0
DA:71,0
DA:72,0
DA:73,0
DA:74,0
DA:75,0
DA:76,0
DA:77,0
DA:78,0
DA:79,0
DA:80,0
DA:81,0
DA:92,0
DA:93,0
DA:94,0
DA:102,0
DA:103,0
DA:105,0
DA:109,0
DA:110,0
DA:118,0
DA:119,0
DA:127,0
DA:128,0
DA:129,0
DA:144,0
DA:145,0
DA:161,0
DA:162,0
DA:167,0
DA:168,0
DA:170,0
DA:171,0
DA:174,0
DA:175,0
DA:178,0
DA:179,0
DA:182,0
DA:183,0
DA:187,0
DA:188,0
DA:193,0
DA:194,0
DA:195,0
DA:196,0
DA:199,0
DA:200,0
DA:201,0
DA:202,0
DA:203,0
DA:205,0
DA:206,0
DA:209,0
DA:210,0
DA:214,0
DA:215,0
DA:221,0
DA:222,0
DA:223,0
DA:224,0
DA:225,0
DA:226,0
DA:229,0
DA:230,0
DA:236,0
DA:237,0
DA:239,0
DA:240,0
DA:241,0
DA:242,0
DA:243,0
DA:245,0
DA:246,0
DA:250,0
DA:251,0
DA:253,0
DA:254,0
DA:255,0
DA:256,0
DA:258,0
DA:259,0
DA:260,0
DA:261,0
DA:263,0
DA:264,0
DA:267,0
DA:268,0
DA:269,0
DA:270,0
DA:274,0
DA:275,0
DA:276,0
DA:277,0
DA:280,0
DA:281,0
DA:283,0
DA:286,0
DA:289,0
DA:290,0
DA:291,0
DA:294,0
DA:296,0
DA:297,0
DA:304,0
DA:305,0
DA:306,0
DA:309,0
DA:310,0
DA:311,0
DA:312,0
DA:313,0
DA:314,0
DA:315,0
DA:318,0
DA:319,0
DA:320,0
DA:321,0
DA:323,0
DA:327,0
DA:328,0
DA:329,0
DA:330,0
DA:331,0
DA:334,0
DA:335,0
DA:336,0
DA:337,0
DA:338,0
DA:341,0
DA:342,0
DA:343,0
DA:344,0
DA:345,0
DA:353,0
DA:354,0
DA:355,0
DA:357,0
DA:358,0
DA:361,0
DA:362,0
DA:363,0
DA:364,0
DA:366,0
DA:369,0
DA:370,0
DA:371,0
DA:372,0
DA:374,0
DA:376,0
DA:380,0
DA:381,0
DA:382,0
DA:383,0
DA:386,0
DA:387,0
DA:388,0
DA:389,0
DA:392,0
DA:393,0
DA:394,0
DA:395,0
DA:398,0
DA:399,0
DA:400,0
DA:401,0
DA:404,0
DA:407,0
DA:411,0
DA:412,0
DA:413,0
DA:414,0
DA:417,0
DA:418,0
DA:419,0
DA:422,0
DA:425,0
DA:426,0
DA:428,0
DA:429,0
DA:432,0
DA:434,0
DA:437,0
DA:440,0
DA:441,0
DA:442,0
DA:444,0
DA:445,0
DA:452,0
DA:458,0
DA:459,0
DA:460,0
DA:469,0
DA:470,0
DA:471,0
DA:472,0
DA:475,0
DA:476,0
DA:477,0
DA:479,0
DA:485,0
DA:486,0
DA:488,0
DA:490,0
DA:491,0
DA:492,0
DA:493,0
DA:495,0
DA:496,0
DA:498,0
DA:504,0
DA:507,0
DA:508,0
DA:509,0
DA:512,0
DA:520,0
DA:521,0
DA:522,0
DA:524,0
DA:525,0
DA:526,0
DA:527,0
DA:528,0
DA:531,0
DA:534,0
DA:535,0
DA:538,0
DA:539,0
DA:541,0
DA:542,0
DA:543,0
DA:546,0
DA:548,0
DA:549,0
DA:550,0
DA:551,0
DA:553,0
DA:555,0
DA:558,0
DA:559,0
DA:560,0
DA:564,0
DA:565,0
DA:567,0
DA:568,0
DA:572,0
DA:573,0
DA:574,0
DA:575,0
DA:576,0
DA:577,0
DA:581,0
DA:582,0
DA:583,0
DA:584,0
DA:587,0
DA:588,0
DA:592,0
DA:593,0
DA:594,0
DA:596,0
DA:597,0
DA:603,0
DA:605,0
DA:606,0
DA:609,0
DA:616,0
DA:644,0
DA:651,0
DA:659,0
DA:660,0
DA:663,0
DA:710,0
DA:740,0
DA:796,0
DA:852,0
LF:292
LH:0
BRDA:56,0,0,0
BRDA:93,1,0,0
BRDA:93,1,1,0
BRDA:111,2,0,0
BRDA:111,2,1,0
BRDA:120,3,0,0
BRDA:120,3,1,0
BRDA:128,4,0,0
BRDA:128,4,1,0
BRDA:170,5,0,0
BRDA:170,5,1,0
BRDA:174,6,0,0
BRDA:174,6,1,0
BRDA:178,7,0,0
BRDA:178,7,1,0
BRDA:182,8,0,0
BRDA:182,8,1,0
BRDA:187,9,0,0
BRDA:187,9,1,0
BRDA:187,10,0,0
BRDA:187,10,1,0
BRDA:200,11,0,0
BRDA:200,11,1,0
BRDA:224,12,0,0
BRDA:224,12,1,0
BRDA:229,13,0,0
BRDA:229,13,1,0
BRDA:250,14,0,0
BRDA:251,15,0,0
BRDA:251,15,1,0
BRDA:263,16,0,0
BRDA:263,16,1,0
BRDA:274,17,0,0
BRDA:276,18,0,0
BRDA:276,18,1,0
BRDA:280,19,0,0
BRDA:280,19,1,0
BRDA:289,20,0,0
BRDA:289,20,1,0
BRDA:341,21,0,0
BRDA:341,21,1,0
BRDA:341,22,0,0
BRDA:341,22,1,0
BRDA:341,22,2,0
BRDA:355,23,0,0
BRDA:355,23,1,0
BRDA:355,23,2,0
BRDA:355,23,3,0
BRDA:355,23,4,0
BRDA:355,23,5,0
BRDA:355,23,6,0
BRDA:355,23,7,0
BRDA:355,23,8,0
BRDA:361,24,0,0
BRDA:361,24,1,0
BRDA:362,25,0,0
BRDA:362,25,1,0
BRDA:369,26,0,0
BRDA:369,26,1,0
BRDA:371,27,0,0
BRDA:371,27,1,0
BRDA:432,28,0,0
BRDA:432,28,1,0
BRDA:432,29,0,0
BRDA:432,29,1,0
BRDA:441,30,0,0
BRDA:441,30,1,0
BRDA:441,31,0,0
BRDA:441,31,1,0
BRDA:459,32,0,0
BRDA:459,32,1,0
BRDA:459,33,0,0
BRDA:459,33,1,0
BRDA:470,34,0,0
BRDA:470,34,1,0
BRDA:476,35,0,0
BRDA:476,35,1,0
BRDA:490,36,0,0
BRDA:490,36,1,0
BRDA:508,37,0,0
BRDA:508,37,1,0
BRDA:520,38,0,0
BRDA:520,38,1,0
BRDA:524,39,0,0
BRDA:524,39,1,0
BRDA:548,40,0,0
BRDA:548,40,1,0
BRDA:548,41,0,0
BRDA:548,41,1,0
BRDA:549,42,0,0
BRDA:549,42,1,0
BRDA:582,43,0,0
BRDA:582,43,1,0
BRDA:587,44,0,0
BRDA:587,44,1,0
BRDA:587,45,0,0
BRDA:587,45,1,0
BRDA:593,46,0,0
BRDA:593,46,1,0
BRDA:603,47,0,0
BRDA:603,47,1,0
BRDA:608,48,0,0
BRDA:608,48,1,0
BRDA:615,49,0,0
BRDA:615,49,1,0
BRDA:625,50,0,0
BRDA:625,50,1,0
BRDA:625,50,2,0
BRDA:632,51,0,0
BRDA:632,51,1,0
BRDA:633,52,0,0
BRDA:633,52,1,0
BRDA:635,53,0,0
BRDA:635,53,1,0
BRDA:638,54,0,0
BRDA:638,54,1,0
BRDA:638,55,0,0
BRDA:638,55,1,0
BRDA:643,56,0,0
BRDA:643,56,1,0
BRDA:650,57,0,0
BRDA:650,57,1,0
BRDA:685,58,0,0
BRDA:685,58,1,0
BRDA:691,59,0,0
BRDA:691,59,1,0
BRDA:693,60,0,0
BRDA:693,60,1,0
BRDA:712,61,0,0
BRDA:712,61,1,0
BRDA:720,62,0,0
BRDA:720,62,1,0
BRDA:737,63,0,0
BRDA:737,63,1,0
BRDA:753,64,0,0
BRDA:753,64,1,0
BRDA:760,65,0,0
BRDA:760,65,1,0
BRDA:762,66,0,0
BRDA:762,66,1,0
BRDA:780,67,0,0
BRDA:780,67,1,0
BRDA:800,68,0,0
BRDA:800,68,1,0
BRDA:806,69,0,0
BRDA:806,69,1,0
BRDA:813,70,0,0
BRDA:813,70,1,0
BRDA:813,70,2,0
BRDA:816,71,0,0
BRDA:816,71,1,0
BRDA:818,72,0,0
BRDA:818,72,1,0
BRDA:844,73,0,0
BRDA:844,73,1,0
BRF:155
BRH:0
end_of_record
TN:
SF:components/InputField.tsx
FN:11,InputFieldComponent
FN:12,(anonymous_1)
FNF:2
FNH:2
FNDA:1456,InputFieldComponent
FNDA:3,(anonymous_1)
DA:12,1456
DA:13,3
DA:14,2
DA:19,1456
DA:32,1456
DA:33,1455
DA:45,1
DA:50,2
LF:8
LH:8
BRDA:11,0,0,1454
BRDA:13,1,0,2
BRDA:13,1,1,1
BRDA:27,2,0,1456
BRDA:27,2,1,3
BRDA:32,3,0,1455
BRDA:32,3,1,1
BRDA:32,4,0,1456
BRDA:32,4,1,1455
BRDA:35,5,0,1455
BRDA:35,5,1,1356
BRF:11
BRH:11
end_of_record
TN:
SF:components/TagToggle.tsx
FN:13,TagToggleComponent
FN:16,(anonymous_1)
FNF:2
FNH:2
FNDA:1272,TagToggleComponent
FNDA:12,(anonymous_1)
DA:14,1272
DA:16,12
DA:33,2
LF:3
LH:3
BRDA:18,0,0,29
BRDA:18,0,1,1243
BRDA:19,1,0,1272
BRDA:19,1,1,3
BRDA:21,2,0,29
BRDA:21,2,1,1243
BRDA:22,3,0,29
BRDA:22,3,1,1243
BRDA:24,4,0,29
BRDA:24,4,1,1243
BRF:10
BRH:10
end_of_record
TN:
SF:components/VoiceEdit.tsx
FN:34,VoiceEdit
FN:63,(anonymous_1)
FN:80,(anonymous_2)
FN:97,(anonymous_3)
FN:103,(anonymous_4)
FN:122,(anonymous_5)
FN:123,(anonymous_6)
FN:148,(anonymous_7)
FN:181,(anonymous_8)
FN:209,(anonymous_9)
FN:216,(anonymous_10)
FN:231,(anonymous_11)
FN:239,(anonymous_12)
FN:244,(anonymous_13)
FN:253,(anonymous_14)
FN:262,(anonymous_15)
FN:269,(anonymous_16)
FN:278,(anonymous_17)
FN:279,(anonymous_18)
FN:288,(anonymous_19)
FN:346,(anonymous_20)
FN:356,(anonymous_21)
FN:357,(anonymous_22)
FN:375,(anonymous_23)
FN:393,(anonymous_24)
FN:412,(anonymous_25)
FN:514,(anonymous_26)
FN:527,(anonymous_27)
FN:557,(anonymous_28)
FN:566,(anonymous_29)
FN:567,(anonymous_30)
FN:568,(anonymous_31)
FN:582,(anonymous_32)
FN:588,(anonymous_33)
FN:600,(anonymous_34)
FNF:35
FNH:7
FNDA:20,VoiceEdit
FNDA:19,(anonymous_1)
FNDA:19,(anonymous_2)
FNDA:19,(anonymous_3)
FNDA:19,(anonymous_4)
FNDA:19,(anonymous_5)
FNDA:19,(anonymous_6)
FNDA:0,(anonymous_7)
FNDA:0,(anonymous_8)
FNDA:0,(anonymous_9)
FNDA:0,(anonymous_10)
FNDA:0,(anonymous_11)
FNDA:0,(anonymous_12)
FNDA:0,(anonymous_13)
FNDA:0,(anonymous_14)
FNDA:0,(anonymous_15)
FNDA:0,(anonymous_16)
FNDA:0,(anonymous_17)
FNDA:0,(anonymous_18)
FNDA:0,(anonymous_19)
FNDA:0,(anonymous_20)
FNDA:0,(anonymous_21)
FNDA:0,(anonymous_22)
FNDA:0,(anonymous_23)
FNDA:0,(anonymous_24)
FNDA:0,(anonymous_25)
FNDA:0,(anonymous_26)
FNDA:0,(anonymous_27)
FNDA:0,(anonymous_28)
FNDA:0,(anonymous_29)
FNDA:0,(anonymous_30)
FNDA:0,(anonymous_31)
FNDA:0,(anonymous_32)
FNDA:0,(anonymous_33)
FNDA:0,(anonymous_34)
DA:15,1
DA:16,1
DA:17,1
DA:19,0
DA:32,1
DA:41,20
DA:42,20
DA:43,20
DA:44,20
DA:45,20
DA:46,20
DA:47,20
DA:48,20
DA:49,20
DA:51,20
DA:52,20
DA:53,20
DA:54,20
DA:55,20
DA:56,20
DA:57,20
DA:58,20
DA:59,20
DA:60,20
DA:63,20
DA:64,19
DA:65,0
DA:73,0
DA:74,0
DA:76,19
DA:80,20
DA:81,19
DA:97,20
DA:98,19
DA:104,19
DA:105,0
DA:106,0
DA:107,19
DA:108,19
DA:109,19
DA:113,19
DA:122,20
DA:123,19
DA:125,19
DA:126,0
DA:129,19
DA:130,0
DA:133,19
DA:134,0
DA:137,19
DA:138,0
DA:142,19
DA:143,0
DA:148,20
DA:149,0
DA:150,0
DA:151,0
DA:152,0
DA:153,0
DA:156,0
DA:157,0
DA:163,0
DA:164,0
DA:165,0
DA:166,0
DA:167,0
DA:168,0
DA:170,0
DA:171,0
DA:176,0
DA:177,0
DA:181,20
DA:182,0
DA:184,0
DA:185,0
DA:186,0
DA:187,0
DA:189,0
DA:190,0
DA:191,0
DA:192,0
DA:194,0
DA:195,0
DA:198,0
DA:199,0
DA:204,0
DA:205,0
DA:209,20
DA:210,0
DA:211,0
DA:212,0
DA:215,0
DA:216,0
DA:218,0
DA:221,0
DA:224,0
DA:225,0
DA:226,0
DA:229,0
DA:231,0
DA:232,0
DA:239,0
DA:240,0
DA:241,0
DA:244,0
DA:245,0
DA:246,0
DA:247,0
DA:248,0
DA:249,0
DA:250,0
DA:253,0
DA:254,0
DA:255,0
DA:256,0
DA:258,0
DA:262,0
DA:263,0
DA:264,0
DA:265,0
DA:266,0
DA:269,0
DA:270,0
DA:271,0
DA:272,0
DA:273,0
DA:276,0
DA:277,0
DA:278,0
DA:279,0
DA:280,0
DA:288,20
DA:289,0
DA:290,0
DA:292,0
DA:293,0
DA:296,0
DA:297,0
DA:298,0
DA:299,0
DA:301,0
DA:304,0
DA:305,0
DA:306,0
DA:307,0
DA:309,0
DA:311,0
DA:315,0
DA:316,0
DA:317,0
DA:318,0
DA:321,0
DA:322,0
DA:323,0
DA:324,0
DA:327,0
DA:328,0
DA:329,0
DA:330,0
DA:333,0
DA:334,0
DA:335,0
DA:336,0
DA:339,0
DA:342,0
DA:346,20
DA:347,0
DA:348,0
DA:349,0
DA:352,0
DA:353,0
DA:354,0
DA:357,0
DA:360,0
DA:361,0
DA:363,0
DA:364,0
DA:367,0
DA:369,0
DA:372,0
DA:375,0
DA:376,0
DA:377,0
DA:379,0
DA:380,0
DA:387,0
DA:393,0
DA:394,0
DA:395,0
DA:404,0
DA:405,0
DA:407,0
DA:408,0
DA:409,0
DA:412,0
DA:413,0
DA:414,0
DA:416,0
DA:422,0
DA:423,0
DA:425,0
DA:427,0
DA:428,0
DA:429,0
DA:430,0
DA:432,0
DA:433,0
DA:435,0
DA:441,0
DA:444,0
DA:445,0
DA:446,0
DA:449,0
DA:457,0
DA:458,0
DA:459,0
DA:461,0
DA:462,0
DA:463,0
DA:464,0
DA:467,0
DA:470,0
DA:471,0
DA:474,0
DA:475,0
DA:477,0
DA:478,0
DA:481,0
DA:483,0
DA:484,0
DA:485,0
DA:487,0
DA:488,0
DA:489,0
DA:490,0
DA:491,0
DA:494,0
DA:496,0
DA:498,0
DA:499,0
DA:503,0
DA:504,0
DA:509,0
DA:510,0
DA:514,20
DA:515,0
DA:516,0
DA:517,0
DA:518,0
DA:519,0
DA:521,0
DA:522,0
DA:523,0
DA:527,20
DA:528,0
DA:529,0
DA:542,0
DA:546,0
DA:548,0
DA:550,0
DA:551,0
DA:552,0
DA:553,0
DA:557,20
DA:558,0
DA:559,0
DA:560,0
DA:561,0
DA:564,20
DA:566,0
DA:567,0
DA:569,0
DA:570,0
DA:572,0
DA:573,0
DA:575,0
DA:576,0
DA:577,0
DA:578,0
DA:580,0
DA:582,0
DA:583,0
DA:584,0
DA:585,0
DA:589,0
DA:590,0
DA:591,0
DA:594,0
DA:595,0
DA:596,0
DA:597,0
DA:601,0
DA:602,0
DA:603,0
DA:605,0
DA:610,20
DA:615,20
DA:660,1
LF:298
LH:54
BRDA:38,0,0,16
BRDA:39,1,0,19
BRDA:64,2,0,0
BRDA:64,2,1,19
BRDA:99,3,0,0
BRDA:99,3,1,19
BRDA:104,4,0,0
BRDA:104,4,1,19
BRDA:104,5,0,19
BRDA:104,5,1,19
BRDA:107,6,0,19
BRDA:107,6,1,0
BRDA:114,7,0,0
BRDA:114,7,1,19
BRDA:125,8,0,0
BRDA:125,8,1,19
BRDA:129,9,0,0
BRDA:129,9,1,19
BRDA:133,10,0,0
BRDA:133,10,1,19
BRDA:137,11,0,0
BRDA:137,11,1,19
BRDA:142,12,0,0
BRDA:142,12,1,19
BRDA:142,13,0,19
BRDA:142,13,1,0
BRDA:151,14,0,0
BRDA:151,14,1,0
BRDA:156,15,0,0
BRDA:156,15,1,0
BRDA:171,16,0,0
BRDA:171,16,1,0
BRDA:182,17,0,0
BRDA:182,17,1,0
BRDA:194,18,0,0
BRDA:194,18,1,0
BRDA:199,19,0,0
BRDA:199,19,1,0
BRDA:209,20,0,0
BRDA:211,21,0,0
BRDA:211,21,1,0
BRDA:215,22,0,0
BRDA:215,22,1,0
BRDA:224,23,0,0
BRDA:224,23,1,0
BRDA:276,24,0,0
BRDA:276,24,1,0
BRDA:276,25,0,0
BRDA:276,25,1,0
BRDA:276,25,2,0
BRDA:290,26,0,0
BRDA:290,26,1,0
BRDA:290,26,2,0
BRDA:290,26,3,0
BRDA:290,26,4,0
BRDA:290,26,5,0
BRDA:290,26,6,0
BRDA:290,26,7,0
BRDA:290,26,8,0
BRDA:296,27,0,0
BRDA:296,27,1,0
BRDA:297,28,0,0
BRDA:297,28,1,0
BRDA:304,29,0,0
BRDA:304,29,1,0
BRDA:306,30,0,0
BRDA:306,30,1,0
BRDA:367,31,0,0
BRDA:367,31,1,0
BRDA:367,32,0,0
BRDA:367,32,1,0
BRDA:376,33,0,0
BRDA:376,33,1,0
BRDA:376,34,0,0
BRDA:376,34,1,0
BRDA:394,35,0,0
BRDA:394,35,1,0
BRDA:394,36,0,0
BRDA:394,36,1,0
BRDA:404,37,0,0
BRDA:404,37,1,0
BRDA:407,38,0,0
BRDA:407,38,1,0
BRDA:413,39,0,0
BRDA:413,39,1,0
BRDA:427,40,0,0
BRDA:427,40,1,0
BRDA:445,41,0,0
BRDA:445,41,1,0
BRDA:457,42,0,0
BRDA:457,42,1,0
BRDA:461,43,0,0
BRDA:461,43,1,0
BRDA:483,44,0,0
BRDA:483,44,1,0
BRDA:483,45,0,0
BRDA:483,45,1,0
BRDA:487,46,0,0
BRDA:487,46,1,0
BRDA:504,47,0,0
BRDA:504,47,1,0
BRDA:551,48,0,0
BRDA:551,48,1,0
BRDA:551,49,0,0
BRDA:551,49,1,0
BRDA:552,50,0,0
BRDA:552,50,1,0
BRDA:552,51,0,0
BRDA:552,51,1,0
BRDA:575,52,0,0
BRDA:575,52,1,0
BRDA:576,53,0,0
BRDA:576,53,1,0
BRDA:577,54,0,0
BRDA:577,54,1,0
BRDA:578,55,0,0
BRDA:578,55,1,0
BRDA:589,56,0,0
BRDA:589,56,1,0
BRDA:594,57,0,0
BRDA:594,57,1,0
BRDA:594,58,0,0
BRDA:594,58,1,0
BRDA:596,59,0,0
BRDA:596,59,1,0
BRDA:596,60,0,0
BRDA:596,60,1,0
BRDA:596,60,2,0
BRDA:601,61,0,0
BRDA:601,61,1,0
BRDA:617,62,0,20
BRDA:617,62,1,0
BRDA:617,62,2,0
BRDA:623,63,0,20
BRDA:623,63,1,0
BRDA:623,63,2,0
BRDA:640,64,0,19
BRDA:640,64,1,1
BRF:138
BRH:19
end_of_record
TN:
SF:components/VoiceEditModal.tsx
FN:20,VoiceEditModal
FN:38,(anonymous_1)
FN:40,(anonymous_2)
FN:57,(anonymous_3)
FN:99,(anonymous_4)
FN:133,(anonymous_5)
FNF:6
FNH:5
FNDA:16,VoiceEditModal
FNDA:16,(anonymous_1)
FNDA:28,(anonymous_2)
FNDA:84,(anonymous_3)
FNDA:28,(anonymous_4)
FNDA:0,(anonymous_5)
DA:28,16
DA:38,16
DA:39,16
DA:40,4
DA:41,28
DA:57,12
DA:58,84
DA:59,84
DA:64,16
DA:66,15
DA:71,15
DA:76,15
DA:81,15
DA:100,28
DA:134,0
DA:167,1
LF:16
LH:15
BRDA:39,0,0,4
BRDA:39,0,1,12
BRDA:64,1,0,1
BRDA:64,1,1,15
BRDA:94,2,0,15
BRDA:94,2,1,0
BRDA:97,3,0,15
BRDA:97,3,1,4
BRDA:113,4,0,15
BRDA:113,4,1,4
BRDA:120,5,0,2
BRDA:120,5,1,13
BRDA:122,6,0,3
BRDA:122,6,1,10
BRDA:131,7,0,0
BRDA:131,7,1,0
BRDA:147,8,0,0
BRDA:147,8,1,0
BRDA:154,9,0,0
BRDA:154,9,1,0
BRDA:156,10,0,0
BRDA:156,10,1,0
BRF:22
BRH:13
end_of_record
TN:
SF:components/VoiceRecorder.tsx
FN:29,VoiceRecorder
FN:60,(anonymous_1)
FN:77,(anonymous_2)
FN:94,(anonymous_3)
FN:112,(anonymous_4)
FN:116,(anonymous_5)
FN:123,(anonymous_6)
FN:138,(anonymous_7)
FN:146,(anonymous_8)
FN:151,(anonymous_9)
FN:164,(anonymous_10)
FN:174,(anonymous_11)
FN:181,(anonymous_12)
FN:191,(anonymous_13)
FN:192,(anonymous_14)
FN:201,(anonymous_15)
FN:202,(anonymous_16)
FN:215,(anonymous_17)
FN:222,(anonymous_18)
FN:290,(anonymous_19)
FN:308,(anonymous_20)
FN:309,(anonymous_21)
FN:324,(anonymous_22)
FN:363,(anonymous_23)
FN:420,(anonymous_24)
FN:453,(anonymous_25)
FN:470,(anonymous_26)
FN:490,(anonymous_27)
FN:512,(anonymous_28)
FN:585,(anonymous_29)
FN:590,(anonymous_30)
FN:597,(anonymous_31)
FN:598,(anonymous_32)
FN:626,(anonymous_33)
FN:628,(anonymous_34)
FN:635,(anonymous_35)
FN:639,(anonymous_36)
FN:659,(anonymous_37)
FNF:38
FNH:14
FNDA:20,VoiceRecorder
FNDA:11,(anonymous_1)
FNDA:11,(anonymous_2)
FNDA:0,(anonymous_3)
FNDA:77,(anonymous_4)
FNDA:9,(anonymous_5)
FNDA:0,(anonymous_6)
FNDA:9,(anonymous_7)
FNDA:0,(anonymous_8)
FNDA:0,(anonymous_9)
FNDA:0,(anonymous_10)
FNDA:0,(anonymous_11)
FNDA:0,(anonymous_12)
FNDA:0,(anonymous_13)
FNDA:0,(anonymous_14)
FNDA:0,(anonymous_15)
FNDA:0,(anonymous_16)
FNDA:11,(anonymous_17)
FNDA:0,(anonymous_18)
FNDA:9,(anonymous_19)
FNDA:9,(anonymous_20)
FNDA:7,(anonymous_21)
FNDA:0,(anonymous_22)
FNDA:0,(anonymous_23)
FNDA:0,(anonymous_24)
FNDA:0,(anonymous_25)
FNDA:0,(anonymous_26)
FNDA:0,(anonymous_27)
FNDA:0,(anonymous_28)
FNDA:0,(anonymous_29)
FNDA:0,(anonymous_30)
FNDA:11,(anonymous_31)
FNDA:11,(anonymous_32)
FNDA:20,(anonymous_33)
FNDA:0,(anonymous_34)
FNDA:0,(anonymous_35)
FNDA:9,(anonymous_36)
FNDA:0,(anonymous_37)
DA:16,2
DA:17,2
DA:18,2
DA:20,0
DA:34,20
DA:35,20
DA:36,20
DA:37,20
DA:38,20
DA:39,20
DA:40,20
DA:41,20
DA:42,20
DA:43,20
DA:44,20
DA:45,20
DA:46,20
DA:48,20
DA:49,20
DA:60,20
DA:61,11
DA:62,0
DA:70,0
DA:71,0
DA:73,11
DA:77,20
DA:78,11
DA:79,0
DA:94,0
DA:95,0
DA:111,11
DA:112,77
DA:116,20
DA:117,9
DA:118,9
DA:119,0
DA:122,9
DA:123,0
DA:125,9
DA:128,9
DA:131,9
DA:132,0
DA:133,0
DA:136,9
DA:138,9
DA:139,9
DA:146,9
DA:147,0
DA:148,0
DA:151,9
DA:152,0
DA:153,0
DA:154,0
DA:155,0
DA:156,0
DA:159,0
DA:161,0
DA:164,9
DA:165,0
DA:166,0
DA:167,0
DA:169,0
DA:174,9
DA:175,0
DA:176,0
DA:177,0
DA:178,0
DA:181,9
DA:182,0
DA:183,0
DA:184,0
DA:185,0
DA:186,0
DA:189,0
DA:190,0
DA:191,0
DA:192,0
DA:193,0
DA:201,20
DA:202,0
DA:203,0
DA:205,0
DA:215,20
DA:216,11
DA:217,0
DA:218,0
DA:222,20
DA:223,0
DA:224,0
DA:226,0
DA:227,0
DA:230,0
DA:231,0
DA:232,0
DA:233,0
DA:234,0
DA:236,0
DA:239,0
DA:240,0
DA:241,0
DA:242,0
DA:243,0
DA:245,0
DA:249,0
DA:253,0
DA:254,0
DA:255,0
DA:256,0
DA:259,0
DA:260,0
DA:261,0
DA:262,0
DA:265,0
DA:267,0
DA:268,0
DA:269,0
DA:271,0
DA:273,0
DA:274,0
DA:277,0
DA:278,0
DA:279,0
DA:280,0
DA:283,0
DA:286,0
DA:290,20
DA:291,9
DA:293,9
DA:294,9
DA:295,9
DA:296,0
DA:297,0
DA:301,9
DA:304,9
DA:305,9
DA:306,9
DA:309,9
DA:312,0
DA:313,0
DA:315,7
DA:316,7
DA:320,7
DA:321,0
DA:324,0
DA:325,0
DA:326,0
DA:328,0
DA:329,0
DA:335,0
DA:337,0
DA:343,7
DA:344,7
DA:345,7
DA:346,7
DA:348,7
DA:349,0
DA:351,7
DA:354,0
DA:355,0
DA:357,0
DA:363,20
DA:364,0
DA:365,0
DA:367,0
DA:368,0
DA:369,0
DA:372,0
DA:374,0
DA:375,0
DA:376,0
DA:377,0
DA:379,0
DA:380,0
DA:381,0
DA:386,0
DA:389,0
DA:397,0
DA:398,0
DA:401,0
DA:403,0
DA:404,0
DA:405,0
DA:406,0
DA:407,0
DA:409,0
DA:412,0
DA:415,0
DA:416,0
DA:420,20
DA:421,0
DA:423,0
DA:424,0
DA:425,0
DA:426,0
DA:428,0
DA:430,0
DA:431,0
DA:435,0
DA:436,0
DA:437,0
DA:440,0
DA:441,0
DA:443,0
DA:445,0
DA:453,0
DA:454,0
DA:455,0
DA:459,0
DA:460,0
DA:461,0
DA:463,0
DA:466,0
DA:467,0
DA:468,0
DA:470,0
DA:471,0
DA:472,0
DA:473,0
DA:474,0
DA:476,0
DA:479,0
DA:480,0
DA:486,0
DA:487,0
DA:488,0
DA:489,0
DA:490,0
DA:491,0
DA:492,0
DA:493,0
DA:494,0
DA:496,0
DA:499,0
DA:500,0
DA:504,0
DA:506,0
DA:507,0
DA:508,0
DA:512,20
DA:513,0
DA:514,0
DA:516,0
DA:517,0
DA:518,0
DA:521,0
DA:523,0
DA:524,0
DA:525,0
DA:526,0
DA:528,0
DA:529,0
DA:531,0
DA:537,0
DA:541,0
DA:549,0
DA:550,0
DA:551,0
DA:552,0
DA:555,0
DA:556,0
DA:559,0
DA:560,0
DA:561,0
DA:562,0
DA:563,0
DA:565,0
DA:566,0
DA:567,0
DA:570,0
DA:571,0
DA:574,0
DA:575,0
DA:577,0
DA:578,0
DA:579,0
DA:585,20
DA:586,0
DA:587,0
DA:590,20
DA:591,0
DA:592,0
DA:593,0
DA:597,20
DA:598,11
DA:600,11
DA:601,0
DA:604,11
DA:605,0
DA:608,11
DA:609,0
DA:612,11
DA:613,9
DA:616,11
DA:619,11
DA:620,0
DA:626,20
DA:627,20
DA:628,0
DA:629,0
DA:630,0
DA:631,0
DA:635,0
DA:639,20
DA:640,9
DA:641,0
DA:643,9
DA:647,20
DA:660,0
DA:716,2
LF:309
LH:84
BRDA:61,0,0,0
BRDA:61,0,1,11
BRDA:78,1,0,0
BRDA:78,1,1,11
BRDA:116,2,0,9
BRDA:118,3,0,0
BRDA:118,3,1,9
BRDA:122,4,0,0
BRDA:122,4,1,9
BRDA:131,5,0,0
BRDA:131,5,1,9
BRDA:189,6,0,0
BRDA:189,6,1,0
BRDA:189,7,0,0
BRDA:189,7,1,0
BRDA:189,7,2,0
BRDA:203,8,0,0
BRDA:203,8,1,0
BRDA:203,9,0,0
BRDA:203,9,1,0
BRDA:216,10,0,0
BRDA:216,10,1,11
BRDA:224,11,0,0
BRDA:224,11,1,0
BRDA:224,11,2,0
BRDA:224,11,3,0
BRDA:224,11,4,0
BRDA:224,11,5,0
BRDA:224,11,6,0
BRDA:224,11,7,0
BRDA:224,11,8,0
BRDA:224,11,9,0
BRDA:230,12,0,0
BRDA:230,12,1,0
BRDA:231,13,0,0
BRDA:231,13,1,0
BRDA:239,14,0,0
BRDA:239,14,1,0
BRDA:241,15,0,0
BRDA:241,15,1,0
BRDA:267,16,0,0
BRDA:267,16,1,0
BRDA:293,17,0,9
BRDA:293,17,1,0
BRDA:295,18,0,0
BRDA:295,18,1,9
BRDA:320,19,0,0
BRDA:320,19,1,7
BRDA:325,20,0,0
BRDA:325,20,1,0
BRDA:325,21,0,0
BRDA:325,21,1,0
BRDA:325,21,2,0
BRDA:348,22,0,0
BRDA:348,22,1,7
BRDA:368,23,0,0
BRDA:368,23,1,0
BRDA:374,24,0,0
BRDA:374,24,1,0
BRDA:397,25,0,0
BRDA:397,25,1,0
BRDA:403,26,0,0
BRDA:403,26,1,0
BRDA:403,27,0,0
BRDA:403,27,1,0
BRDA:405,28,0,0
BRDA:405,28,1,0
BRDA:421,29,0,0
BRDA:421,29,1,0
BRDA:430,30,0,0
BRDA:430,30,1,0
BRDA:435,31,0,0
BRDA:435,31,1,0
BRDA:440,32,0,0
BRDA:440,32,1,0
BRDA:443,33,0,0
BRDA:443,33,1,0
BRDA:454,34,0,0
BRDA:454,34,1,0
BRDA:459,35,0,0
BRDA:459,35,1,0
BRDA:473,36,0,0
BRDA:473,36,1,0
BRDA:493,37,0,0
BRDA:493,37,1,0
BRDA:517,38,0,0
BRDA:517,38,1,0
BRDA:523,39,0,0
BRDA:523,39,1,0
BRDA:549,40,0,0
BRDA:549,40,1,0
BRDA:559,41,0,0
BRDA:559,41,1,0
BRDA:559,42,0,0
BRDA:559,42,1,0
BRDA:561,43,0,0
BRDA:561,43,1,0
BRDA:591,44,0,0
BRDA:591,44,1,0
BRDA:600,45,0,0
BRDA:600,45,1,11
BRDA:604,46,0,0
BRDA:604,46,1,11
BRDA:608,47,0,0
BRDA:608,47,1,11
BRDA:612,48,0,9
BRDA:612,48,1,2
BRDA:619,49,0,0
BRDA:619,49,1,11
BRDA:627,50,0,0
BRDA:627,50,1,20
BRDA:627,51,0,20
BRDA:627,51,1,0
BRDA:629,52,0,0
BRDA:629,52,1,0
BRDA:629,53,0,0
BRDA:629,53,1,0
BRDA:640,54,0,0
BRDA:640,54,1,9
BRDA:649,55,0,20
BRDA:649,55,1,20
BRDA:649,55,2,0
BRDA:649,55,3,0
BRDA:649,55,4,0
BRDA:652,56,0,0
BRDA:652,56,1,0
BRDA:657,57,0,20
BRDA:657,57,1,0
BRDA:683,58,0,20
BRDA:683,58,1,0
BRDA:689,59,0,0
BRDA:689,59,1,20
BRDA:691,60,0,0
BRDA:691,60,1,20
BRDA:700,61,0,0
BRDA:700,61,1,20
BRDA:702,62,0,0
BRDA:702,62,1,20
BRDA:703,63,0,0
BRDA:703,63,1,0
BRDA:706,64,0,9
BRDA:706,64,1,11
BRDA:708,65,0,0
BRDA:708,65,1,11
BRF:144
BRH:31
end_of_record
TN:
SF:lib/sentry.ts
FN:12,(anonymous_0)
FN:56,(anonymous_1)
FN:64,(anonymous_2)
FN:110,(anonymous_3)
FN:123,(anonymous_4)
FN:133,(anonymous_5)
FN:146,(anonymous_6)
FN:154,(anonymous_7)
FN:155,(anonymous_8)
FN:164,(anonymous_9)
FN:165,(anonymous_10)
FNF:11
FNH:2
FNDA:0,(anonymous_0)
FNDA:0,(anonymous_1)
FNDA:0,(anonymous_2)
FNDA:10,(anonymous_3)
FNDA:0,(anonymous_4)
FNDA:10,(anonymous_5)
FNDA:0,(anonymous_6)
FNDA:0,(anonymous_7)
FNDA:0,(anonymous_8)
FNDA:0,(anonymous_9)
FNDA:0,(anonymous_10)
DA:12,5
DA:13,0
DA:16,0
DA:17,0
DA:18,0
DA:22,0
DA:23,0
DA:24,0
DA:27,0
DA:58,0
DA:59,0
DA:63,0
DA:64,0
DA:65,0
DA:67,0
DA:68,0
DA:69,0
DA:71,0
DA:76,0
DA:77,0
DA:78,0
DA:81,0
DA:102,0
DA:110,5
DA:111,10
DA:112,10
DA:114,0
DA:123,5
DA:124,0
DA:133,5
DA:134,10
DA:146,5
DA:147,0
DA:154,5
DA:155,0
DA:156,0
DA:164,5
DA:165,0
DA:166,0
LF:39
LH:10
BRDA:16,0,0,0
BRDA:16,0,1,0
BRDA:16,1,0,0
BRDA:16,1,1,0
BRDA:22,2,0,0
BRDA:22,2,1,0
BRDA:22,3,0,0
BRDA:22,3,1,0
BRDA:31,4,0,0
BRDA:31,4,1,0
BRDA:34,5,0,0
BRDA:34,5,1,0
BRDA:58,6,0,0
BRDA:58,6,1,0
BRDA:58,7,0,0
BRDA:58,7,1,0
BRDA:63,8,0,0
BRDA:63,8,1,0
BRDA:65,9,0,0
BRDA:65,9,1,0
BRDA:76,10,0,0
BRDA:76,10,1,0
BRDA:102,11,0,0
BRDA:102,11,1,0
BRDA:111,12,0,10
BRDA:111,12,1,0
BRDA:123,13,0,0
BRDA:133,14,0,0
BRF:28
BRH:1
end_of_record
TN:
SF:lib/trpc.ts
FN:8,(anonymous_0)
FNF:1
FNH:1
FNDA:3,(anonymous_0)
DA:6,3
DA:8,3
DA:9,3
DA:10,2
DA:13,1
DA:18,3
LF:6
LH:6
BRDA:9,0,0,2
BRDA:9,0,1,1
BRF:2
BRH:2
end_of_record
TN:
SF:utils/contractParser.ts
FN:3,(anonymous_0)
FN:5,initialContractData
FN:49,parseContractSource
FN:162,applyParsedToState
FNF:4
FNH:4
FNDA:10,(anonymous_0)
FNDA:70,initialContractData
FNDA:11,parseContractSource
FNDA:4,applyParsedToState
DA:3,10
DA:6,70
DA:50,11
DA:51,11
DA:52,11
DA:54,11
DA:55,11
DA:56,11
DA:59,11
DA:60,11
DA:61,0
DA:62,0
DA:65,11
DA:66,11
DA:69,11
DA:70,10
DA:73,11
DA:74,1
DA:75,10
DA:76,0
DA:79,11
DA:80,0
DA:81,11
DA:82,1
DA:85,11
DA:86,0
DA:87,11
DA:88,0
DA:91,11
DA:92,0
DA:93,11
DA:94,0
DA:97,11
DA:98,11
DA:100,11
DA:101,11
DA:103,11
DA:104,11
DA:106,11
DA:107,11
DA:109,11
DA:110,11
DA:112,11
DA:113,11
DA:115,11
DA:116,11
DA:118,11
DA:120,11
DA:121,11
DA:124,11
DA:125,11
DA:127,11
DA:128,11
DA:129,1
DA:130,1
DA:131,1
DA:132,1
DA:133,0
DA:134,0
DA:138,11
DA:141,11
DA:143,11
DA:144,11
DA:145,11
DA:146,11
DA:147,11
DA:148,2
DA:149,2
DA:150,2
DA:151,2
DA:153,11
DA:154,11
DA:156,0
DA:159,11
DA:163,4
DA:164,4
DA:166,4
DA:167,4
DA:168,4
DA:169,4
DA:171,4
DA:172,4
DA:173,4
DA:174,4
DA:176,4
DA:177,4
DA:178,4
DA:179,4
DA:180,4
DA:181,4
DA:182,4
DA:184,4
DA:185,4
DA:186,4
DA:187,4
DA:188,4
DA:190,4
DA:191,4
DA:193,4
DA:194,4
DA:196,4
LF:101
LH:90
BRDA:3,0,0,10
BRDA:3,0,1,0
BRDA:50,1,0,11
BRDA:50,1,1,0
BRDA:56,2,0,2
BRDA:56,2,1,9
BRDA:60,3,0,0
BRDA:60,3,1,11
BRDA:66,4,0,2
BRDA:66,4,1,9
BRDA:69,5,0,1
BRDA:69,5,1,10
BRDA:70,6,0,1
BRDA:70,6,1,9
BRDA:73,7,0,1
BRDA:73,7,1,10
BRDA:75,8,0,0
BRDA:75,8,1,10
BRDA:79,9,0,0
BRDA:79,9,1,11
BRDA:81,10,0,1
BRDA:81,10,1,10
BRDA:85,11,0,0
BRDA:85,11,1,11
BRDA:87,12,0,0
BRDA:87,12,1,11
BRDA:91,13,0,0
BRDA:91,13,1,11
BRDA:91,14,0,11
BRDA:91,14,1,11
BRDA:93,15,0,0
BRDA:93,15,1,11
BRDA:97,16,0,11
BRDA:97,16,1,9
BRDA:98,17,0,2
BRDA:98,17,1,9
BRDA:101,18,0,0
BRDA:101,18,1,11
BRDA:104,19,0,0
BRDA:104,19,1,11
BRDA:107,20,0,0
BRDA:107,20,1,11
BRDA:110,21,0,0
BRDA:110,21,1,11
BRDA:113,22,0,0
BRDA:113,22,1,11
BRDA:113,23,0,11
BRDA:113,23,1,0
BRDA:116,24,0,0
BRDA:116,24,1,11
BRDA:118,25,0,0
BRDA:118,25,1,11
BRDA:118,26,0,11
BRDA:118,26,1,11
BRDA:120,27,0,11
BRDA:120,27,1,10
BRDA:121,28,0,1
BRDA:121,28,1,10
BRDA:125,29,0,1
BRDA:125,29,1,10
BRDA:128,30,0,1
BRDA:128,30,1,10
BRDA:131,31,0,1
BRDA:131,31,1,0
BRDA:132,32,0,0
BRDA:132,32,1,1
BRDA:138,33,0,0
BRDA:138,33,1,11
BRDA:141,34,0,2
BRDA:141,34,1,9
BRDA:144,35,0,0
BRDA:144,35,1,11
BRDA:145,36,0,0
BRDA:145,36,1,11
BRDA:146,37,0,2
BRDA:146,37,1,9
BRDA:147,38,0,2
BRDA:147,38,1,9
BRDA:147,39,0,11
BRDA:147,39,1,10
BRDA:147,39,2,9
BRDA:148,40,0,2
BRDA:148,40,1,1
BRDA:149,41,0,2
BRDA:149,41,1,1
BRDA:150,42,0,2
BRDA:150,42,1,1
BRDA:153,43,0,0
BRDA:153,43,1,11
BRDA:154,44,0,0
BRDA:154,44,1,11
BRDA:166,45,0,2
BRDA:166,45,1,2
BRDA:166,46,0,2
BRDA:166,46,1,0
BRDA:167,47,0,0
BRDA:167,47,1,4
BRDA:167,48,0,0
BRDA:167,48,1,0
BRDA:168,49,0,0
BRDA:168,49,1,4
BRDA:168,50,0,0
BRDA:168,50,1,0
BRDA:169,51,0,0
BRDA:169,51,1,4
BRDA:169,52,0,0
BRDA:169,52,1,0
BRDA:171,53,0,0
BRDA:171,53,1,4
BRDA:172,54,0,0
BRDA:172,54,1,4
BRDA:173,55,0,0
BRDA:173,55,1,4
BRDA:174,56,0,0
BRDA:174,56,1,4
BRDA:176,57,0,1
BRDA:176,57,1,3
BRDA:176,58,0,1
BRDA:176,58,1,0
BRDA:177,59,0,0
BRDA:177,59,1,4
BRDA:177,60,0,0
BRDA:177,60,1,0
BRDA:178,61,0,0
BRDA:178,61,1,4
BRDA:178,62,0,0
BRDA:178,62,1,0
BRDA:179,63,0,0
BRDA:179,63,1,4
BRDA:179,64,0,0
BRDA:179,64,1,0
BRDA:180,65,0,0
BRDA:180,65,1,4
BRDA:180,66,0,0
BRDA:180,66,1,0
BRDA:181,67,0,0
BRDA:181,67,1,4
BRDA:181,68,0,0
BRDA:181,68,1,0
BRDA:182,69,0,0
BRDA:182,69,1,4
BRDA:182,70,0,0
BRDA:182,70,1,0
BRDA:184,71,0,0
BRDA:184,71,1,4
BRDA:185,72,0,0
BRDA:185,72,1,4
BRDA:185,73,0,0
BRDA:185,73,1,0
BRDA:186,74,0,0
BRDA:186,74,1,4
BRDA:186,75,0,0
BRDA:186,75,1,0
BRDA:187,76,0,0
BRDA:187,76,1,4
BRDA:187,77,0,0
BRDA:187,77,1,0
BRDA:188,78,0,0
BRDA:188,78,1,4
BRDA:190,79,0,0
BRDA:190,79,1,4
BRDA:190,80,0,4
BRDA:190,80,1,0
BRDA:191,81,0,0
BRDA:191,81,1,4
BRDA:191,82,0,0
BRDA:191,82,1,0
BRDA:194,83,0,2
BRDA:194,83,1,2
BRF:169
BRH:96
end_of_record
